[2017-11-29 13:02:47,017] INFO [Controller 0]: New topics: [Set(__confluent.support.metrics)], deleted topics: [Set()], new partition replica assignment [Map([__confluent.support.metrics,0] -> List(0))] (kafka.controller.KafkaController)
[2017-11-29 13:02:47,017] INFO [Controller 0]: New topic creation callback for [__confluent.support.metrics,0] (kafka.controller.KafkaController)
[2017-11-29 13:02:47,018] INFO [Controller 0]: New partition creation callback for [__confluent.support.metrics,0] (kafka.controller.KafkaController)
[2017-11-29 13:02:47,018] INFO [Partition state machine on Controller 0]: Invoking state change to NewPartition for partitions [__confluent.support.metrics,0] (kafka.controller.PartitionStateMachine)
[2017-11-29 13:02:47,019] INFO [Replica state machine on controller 0]: Invoking state change to NewReplica for replicas [Topic=__confluent.support.metrics,Partition=0,Replica=0] (kafka.controller.ReplicaStateMachine)
[2017-11-29 13:02:47,020] INFO [Partition state machine on Controller 0]: Invoking state change to OnlinePartition for partitions [__confluent.support.metrics,0] (kafka.controller.PartitionStateMachine)
[2017-11-29 13:02:47,020] DEBUG [Partition state machine on Controller 0]: Live assigned replicas for partition [__confluent.support.metrics,0] are: [List(0)] (kafka.controller.PartitionStateMachine)
[2017-11-29 13:02:47,020] DEBUG [Partition state machine on Controller 0]: Initializing leader and isr for partition [__confluent.support.metrics,0] to (Leader:0,ISR:0,LeaderEpoch:0,ControllerEpoch:1) (kafka.controller.PartitionStateMachine)
[2017-11-29 13:02:47,029] INFO [Replica state machine on controller 0]: Invoking state change to OnlineReplica for replicas [Topic=__confluent.support.metrics,Partition=0,Replica=0] (kafka.controller.ReplicaStateMachine)
[2017-11-29 13:02:47,982] INFO [Controller 0]: Shutting down broker 0 (kafka.controller.KafkaController)
[2017-11-29 13:02:47,982] DEBUG [Controller 0]: All shutting down brokers: 0 (kafka.controller.KafkaController)
[2017-11-29 13:02:47,982] DEBUG [Controller 0]: Live brokers:  (kafka.controller.KafkaController)
[2017-11-29 13:02:47,984] TRACE [Controller 0]: All leaders = [__confluent.support.metrics,0] -> (Leader:0,ISR:0,LeaderEpoch:0,ControllerEpoch:1),[sql-jdbc-demo-,0] -> (Leader:0,ISR:0,LeaderEpoch:0,ControllerEpoch:1),[_schemas,0] -> (Leader:0,ISR:0,LeaderEpoch:0,ControllerEpoch:1) (kafka.controller.KafkaController)
[2017-11-29 13:02:51,421] INFO [controller-event-thread]: Shutting down (kafka.controller.ControllerEventManager$ControllerEventThread)
[2017-11-29 13:02:51,421] INFO [controller-event-thread]: Stopped (kafka.controller.ControllerEventManager$ControllerEventThread)
[2017-11-29 13:02:51,421] INFO [controller-event-thread]: Shutdown completed (kafka.controller.ControllerEventManager$ControllerEventThread)
[2017-11-29 13:02:51,421] DEBUG [Controller 0]: Controller resigning, broker id 0 (kafka.controller.KafkaController)
[2017-11-29 13:02:51,422] DEBUG [Controller 0]: De-registering IsrChangeNotificationListener (kafka.controller.KafkaController)
[2017-11-29 13:02:51,422] INFO [Partition state machine on Controller 0]: Stopped partition state machine (kafka.controller.PartitionStateMachine)
[2017-11-29 13:02:51,423] INFO [Replica state machine on controller 0]: Stopped replica state machine (kafka.controller.ReplicaStateMachine)
[2017-11-29 13:02:51,423] INFO [Controller-0-to-broker-0-send-thread]: Shutting down (kafka.controller.RequestSendThread)
[2017-11-29 13:02:51,423] INFO [Controller-0-to-broker-0-send-thread]: Stopped (kafka.controller.RequestSendThread)
[2017-11-29 13:02:51,423] INFO [Controller-0-to-broker-0-send-thread]: Shutdown completed (kafka.controller.RequestSendThread)
[2017-11-29 13:02:51,425] INFO [Controller 0]: Broker 0 resigned as the controller (kafka.controller.KafkaController)
[2017-11-29 13:06:22,728] DEBUG preRegister called. Server=com.sun.jmx.mbeanserver.JmxMBeanServer@66d3c617, name=log4j:logger=kafka.controller (kafka.controller)
[2017-11-29 13:06:26,275] INFO [controller-event-thread]: Starting (kafka.controller.ControllerEventManager$ControllerEventThread)
[2017-11-29 13:06:26,301] INFO [Controller 0]: 0 successfully elected as the controller (kafka.controller.KafkaController)
[2017-11-29 13:06:26,301] INFO [Controller 0]: Broker 0 starting become controller state transition (kafka.controller.KafkaController)
[2017-11-29 13:06:26,317] INFO [Controller 0]: Controller 0 incremented epoch to 1 (kafka.controller.KafkaController)
[2017-11-29 13:06:26,320] DEBUG [Controller 0]: Registering IsrChangeNotificationListener (kafka.controller.KafkaController)
[2017-11-29 13:06:26,353] INFO [Controller 0]: Partitions being reassigned: Map() (kafka.controller.KafkaController)
[2017-11-29 13:06:26,353] INFO [Controller 0]: Partitions already reassigned: Set() (kafka.controller.KafkaController)
[2017-11-29 13:06:26,354] INFO [Controller 0]: Resuming reassignment of partitions: Map() (kafka.controller.KafkaController)
[2017-11-29 13:06:26,357] INFO [Controller 0]: Currently active brokers in the cluster: Set() (kafka.controller.KafkaController)
[2017-11-29 13:06:26,358] INFO [Controller 0]: Currently shutting brokers in the cluster: Set() (kafka.controller.KafkaController)
[2017-11-29 13:06:26,359] INFO [Controller 0]: Current list of topics in the cluster: Set() (kafka.controller.KafkaController)
[2017-11-29 13:06:26,362] INFO [Controller 0]: List of topics to be deleted:  (kafka.controller.KafkaController)
[2017-11-29 13:06:26,362] INFO [Controller 0]: List of topics ineligible for deletion:  (kafka.controller.KafkaController)
[2017-11-29 13:06:26,382] INFO [Replica state machine on controller 0]: Started replica state machine with initial state -> Map() (kafka.controller.ReplicaStateMachine)
[2017-11-29 13:06:26,384] INFO [Partition state machine on Controller 0]: Started partition state machine with initial state -> Map() (kafka.controller.PartitionStateMachine)
[2017-11-29 13:06:26,385] INFO [Controller 0]: Broker 0 is ready to serve as the new controller with epoch 1 (kafka.controller.KafkaController)
[2017-11-29 13:06:26,389] INFO [Controller 0]: Partitions undergoing preferred replica election:  (kafka.controller.KafkaController)
[2017-11-29 13:06:26,390] INFO [Controller 0]: Partitions that completed preferred replica election:  (kafka.controller.KafkaController)
[2017-11-29 13:06:26,390] INFO [Controller 0]: Skipping preferred replica election for partitions due to topic deletion:  (kafka.controller.KafkaController)
[2017-11-29 13:06:26,390] INFO [Controller 0]: Resuming preferred replica election for partitions:  (kafka.controller.KafkaController)
[2017-11-29 13:06:26,391] INFO [Controller 0]: Starting preferred replica leader election for partitions  (kafka.controller.KafkaController)
[2017-11-29 13:06:26,393] INFO [Partition state machine on Controller 0]: Invoking state change to OnlinePartition for partitions  (kafka.controller.PartitionStateMachine)
[2017-11-29 13:06:26,398] INFO [Controller 0]: starting the controller scheduler (kafka.controller.KafkaController)
[2017-11-29 13:06:26,495] INFO [Controller 0]: Newly added brokers: 0, deleted brokers: , all live brokers: 0 (kafka.controller.KafkaController)
[2017-11-29 13:06:26,496] DEBUG [Channel manager on controller 0]: Controller 0 trying to connect to broker 0 (kafka.controller.ControllerChannelManager)
[2017-11-29 13:06:26,501] INFO [Controller-0-to-broker-0-send-thread]: Starting (kafka.controller.RequestSendThread)
[2017-11-29 13:06:26,502] INFO [Controller 0]: New broker startup callback for 0 (kafka.controller.KafkaController)
[2017-11-29 13:06:26,509] INFO [Controller-0-to-broker-0-send-thread]: Controller 0 connected to octal:9092 (id: 0 rack: null) for sending state change requests (kafka.controller.RequestSendThread)
[2017-11-29 13:06:30,802] INFO [Controller 0]: New topics: [Set(_schemas)], deleted topics: [Set()], new partition replica assignment [Map([_schemas,0] -> List(0))] (kafka.controller.KafkaController)
[2017-11-29 13:06:30,802] INFO [Controller 0]: New topic creation callback for [_schemas,0] (kafka.controller.KafkaController)
[2017-11-29 13:06:30,808] INFO [Controller 0]: New partition creation callback for [_schemas,0] (kafka.controller.KafkaController)
[2017-11-29 13:06:30,808] INFO [Partition state machine on Controller 0]: Invoking state change to NewPartition for partitions [_schemas,0] (kafka.controller.PartitionStateMachine)
[2017-11-29 13:06:30,812] INFO [Replica state machine on controller 0]: Invoking state change to NewReplica for replicas [Topic=_schemas,Partition=0,Replica=0] (kafka.controller.ReplicaStateMachine)
[2017-11-29 13:06:30,818] INFO [Partition state machine on Controller 0]: Invoking state change to OnlinePartition for partitions [_schemas,0] (kafka.controller.PartitionStateMachine)
[2017-11-29 13:06:30,819] DEBUG [Partition state machine on Controller 0]: Live assigned replicas for partition [_schemas,0] are: [List(0)] (kafka.controller.PartitionStateMachine)
[2017-11-29 13:06:30,821] DEBUG [Partition state machine on Controller 0]: Initializing leader and isr for partition [_schemas,0] to (Leader:0,ISR:0,LeaderEpoch:0,ControllerEpoch:1) (kafka.controller.PartitionStateMachine)
[2017-11-29 13:06:30,849] INFO [Replica state machine on controller 0]: Invoking state change to OnlineReplica for replicas [Topic=_schemas,Partition=0,Replica=0] (kafka.controller.ReplicaStateMachine)
[2017-11-29 13:06:31,400] TRACE [Controller 0]: Checking need to trigger auto leader balancing (kafka.controller.KafkaController)
[2017-11-29 13:06:31,402] DEBUG [Controller 0]: Preferred replicas by broker Map(0 -> Map([_schemas,0] -> List(0))) (kafka.controller.KafkaController)
[2017-11-29 13:06:31,413] DEBUG [Controller 0]: Topics not in preferred replica Map() (kafka.controller.KafkaController)
[2017-11-29 13:06:31,414] TRACE [Controller 0]: Leader imbalance ratio for broker 0 is 0.0 (kafka.controller.KafkaController)
[2017-11-29 13:07:28,818] INFO [Controller 0]: New topics: [Set(sql-jdbc-demo-)], deleted topics: [Set()], new partition replica assignment [Map([sql-jdbc-demo-,0] -> List(0))] (kafka.controller.KafkaController)
[2017-11-29 13:07:28,818] INFO [Controller 0]: New topic creation callback for [sql-jdbc-demo-,0] (kafka.controller.KafkaController)
[2017-11-29 13:07:28,820] INFO [Controller 0]: New partition creation callback for [sql-jdbc-demo-,0] (kafka.controller.KafkaController)
[2017-11-29 13:07:28,820] INFO [Partition state machine on Controller 0]: Invoking state change to NewPartition for partitions [sql-jdbc-demo-,0] (kafka.controller.PartitionStateMachine)
[2017-11-29 13:07:28,820] INFO [Replica state machine on controller 0]: Invoking state change to NewReplica for replicas [Topic=sql-jdbc-demo-,Partition=0,Replica=0] (kafka.controller.ReplicaStateMachine)
[2017-11-29 13:07:28,822] INFO [Partition state machine on Controller 0]: Invoking state change to OnlinePartition for partitions [sql-jdbc-demo-,0] (kafka.controller.PartitionStateMachine)
[2017-11-29 13:07:28,822] DEBUG [Partition state machine on Controller 0]: Live assigned replicas for partition [sql-jdbc-demo-,0] are: [List(0)] (kafka.controller.PartitionStateMachine)
[2017-11-29 13:07:28,822] DEBUG [Partition state machine on Controller 0]: Initializing leader and isr for partition [sql-jdbc-demo-,0] to (Leader:0,ISR:0,LeaderEpoch:0,ControllerEpoch:1) (kafka.controller.PartitionStateMachine)
[2017-11-29 13:07:28,832] INFO [Replica state machine on controller 0]: Invoking state change to OnlineReplica for replicas [Topic=sql-jdbc-demo-,Partition=0,Replica=0] (kafka.controller.ReplicaStateMachine)
[2017-11-29 13:07:28,887] INFO [Controller 0]: New topics: [Set(__consumer_offsets)], deleted topics: [Set()], new partition replica assignment [Map([__consumer_offsets,19] -> List(0), [__consumer_offsets,30] -> List(0), [__consumer_offsets,47] -> List(0), [__consumer_offsets,29] -> List(0), [__consumer_offsets,41] -> List(0), [__consumer_offsets,39] -> List(0), [__consumer_offsets,10] -> List(0), [__consumer_offsets,17] -> List(0), [__consumer_offsets,14] -> List(0), [__consumer_offsets,40] -> List(0), [__consumer_offsets,18] -> List(0), [__consumer_offsets,26] -> List(0), [__consumer_offsets,0] -> List(0), [__consumer_offsets,24] -> List(0), [__consumer_offsets,33] -> List(0), [__consumer_offsets,20] -> List(0), [__consumer_offsets,21] -> List(0), [__consumer_offsets,3] -> List(0), [__consumer_offsets,5] -> List(0), [__consumer_offsets,22] -> List(0), [__consumer_offsets,12] -> List(0), [__consumer_offsets,8] -> List(0), [__consumer_offsets,23] -> List(0), [__consumer_offsets,15] -> List(0), [__consumer_offsets,48] -> List(0), [__consumer_offsets,11] -> List(0), [__consumer_offsets,13] -> List(0), [__consumer_offsets,49] -> List(0), [__consumer_offsets,6] -> List(0), [__consumer_offsets,28] -> List(0), [__consumer_offsets,4] -> List(0), [__consumer_offsets,37] -> List(0), [__consumer_offsets,31] -> List(0), [__consumer_offsets,44] -> List(0), [__consumer_offsets,42] -> List(0), [__consumer_offsets,34] -> List(0), [__consumer_offsets,46] -> List(0), [__consumer_offsets,25] -> List(0), [__consumer_offsets,45] -> List(0), [__consumer_offsets,27] -> List(0), [__consumer_offsets,32] -> List(0), [__consumer_offsets,43] -> List(0), [__consumer_offsets,36] -> List(0), [__consumer_offsets,35] -> List(0), [__consumer_offsets,7] -> List(0), [__consumer_offsets,9] -> List(0), [__consumer_offsets,38] -> List(0), [__consumer_offsets,1] -> List(0), [__consumer_offsets,16] -> List(0), [__consumer_offsets,2] -> List(0))] (kafka.controller.KafkaController)
[2017-11-29 13:07:28,888] INFO [Controller 0]: New topic creation callback for [__consumer_offsets,19],[__consumer_offsets,30],[__consumer_offsets,47],[__consumer_offsets,29],[__consumer_offsets,41],[__consumer_offsets,39],[__consumer_offsets,10],[__consumer_offsets,17],[__consumer_offsets,14],[__consumer_offsets,40],[__consumer_offsets,18],[__consumer_offsets,26],[__consumer_offsets,0],[__consumer_offsets,24],[__consumer_offsets,33],[__consumer_offsets,20],[__consumer_offsets,21],[__consumer_offsets,3],[__consumer_offsets,5],[__consumer_offsets,22],[__consumer_offsets,12],[__consumer_offsets,8],[__consumer_offsets,23],[__consumer_offsets,15],[__consumer_offsets,48],[__consumer_offsets,11],[__consumer_offsets,13],[__consumer_offsets,49],[__consumer_offsets,6],[__consumer_offsets,28],[__consumer_offsets,4],[__consumer_offsets,37],[__consumer_offsets,31],[__consumer_offsets,44],[__consumer_offsets,42],[__consumer_offsets,34],[__consumer_offsets,46],[__consumer_offsets,25],[__consumer_offsets,45],[__consumer_offsets,27],[__consumer_offsets,32],[__consumer_offsets,43],[__consumer_offsets,36],[__consumer_offsets,35],[__consumer_offsets,7],[__consumer_offsets,9],[__consumer_offsets,38],[__consumer_offsets,1],[__consumer_offsets,16],[__consumer_offsets,2] (kafka.controller.KafkaController)
[2017-11-29 13:07:28,890] INFO [Controller 0]: New partition creation callback for [__consumer_offsets,19],[__consumer_offsets,30],[__consumer_offsets,47],[__consumer_offsets,29],[__consumer_offsets,41],[__consumer_offsets,39],[__consumer_offsets,10],[__consumer_offsets,17],[__consumer_offsets,14],[__consumer_offsets,40],[__consumer_offsets,18],[__consumer_offsets,26],[__consumer_offsets,0],[__consumer_offsets,24],[__consumer_offsets,33],[__consumer_offsets,20],[__consumer_offsets,21],[__consumer_offsets,3],[__consumer_offsets,5],[__consumer_offsets,22],[__consumer_offsets,12],[__consumer_offsets,8],[__consumer_offsets,23],[__consumer_offsets,15],[__consumer_offsets,48],[__consumer_offsets,11],[__consumer_offsets,13],[__consumer_offsets,49],[__consumer_offsets,6],[__consumer_offsets,28],[__consumer_offsets,4],[__consumer_offsets,37],[__consumer_offsets,31],[__consumer_offsets,44],[__consumer_offsets,42],[__consumer_offsets,34],[__consumer_offsets,46],[__consumer_offsets,25],[__consumer_offsets,45],[__consumer_offsets,27],[__consumer_offsets,32],[__consumer_offsets,43],[__consumer_offsets,36],[__consumer_offsets,35],[__consumer_offsets,7],[__consumer_offsets,9],[__consumer_offsets,38],[__consumer_offsets,1],[__consumer_offsets,16],[__consumer_offsets,2] (kafka.controller.KafkaController)
[2017-11-29 13:07:28,891] INFO [Partition state machine on Controller 0]: Invoking state change to NewPartition for partitions [__consumer_offsets,19],[__consumer_offsets,30],[__consumer_offsets,47],[__consumer_offsets,29],[__consumer_offsets,41],[__consumer_offsets,39],[__consumer_offsets,10],[__consumer_offsets,17],[__consumer_offsets,14],[__consumer_offsets,40],[__consumer_offsets,18],[__consumer_offsets,26],[__consumer_offsets,0],[__consumer_offsets,24],[__consumer_offsets,33],[__consumer_offsets,20],[__consumer_offsets,21],[__consumer_offsets,3],[__consumer_offsets,5],[__consumer_offsets,22],[__consumer_offsets,12],[__consumer_offsets,8],[__consumer_offsets,23],[__consumer_offsets,15],[__consumer_offsets,48],[__consumer_offsets,11],[__consumer_offsets,13],[__consumer_offsets,49],[__consumer_offsets,6],[__consumer_offsets,28],[__consumer_offsets,4],[__consumer_offsets,37],[__consumer_offsets,31],[__consumer_offsets,44],[__consumer_offsets,42],[__consumer_offsets,34],[__consumer_offsets,46],[__consumer_offsets,25],[__consumer_offsets,45],[__consumer_offsets,27],[__consumer_offsets,32],[__consumer_offsets,43],[__consumer_offsets,36],[__consumer_offsets,35],[__consumer_offsets,7],[__consumer_offsets,9],[__consumer_offsets,38],[__consumer_offsets,1],[__consumer_offsets,16],[__consumer_offsets,2] (kafka.controller.PartitionStateMachine)
[2017-11-29 13:07:28,899] INFO [Replica state machine on controller 0]: Invoking state change to NewReplica for replicas [Topic=__consumer_offsets,Partition=25,Replica=0],[Topic=__consumer_offsets,Partition=12,Replica=0],[Topic=__consumer_offsets,Partition=31,Replica=0],[Topic=__consumer_offsets,Partition=40,Replica=0],[Topic=__consumer_offsets,Partition=35,Replica=0],[Topic=__consumer_offsets,Partition=9,Replica=0],[Topic=__consumer_offsets,Partition=43,Replica=0],[Topic=__consumer_offsets,Partition=2,Replica=0],[Topic=__consumer_offsets,Partition=11,Replica=0],[Topic=__consumer_offsets,Partition=29,Replica=0],[Topic=__consumer_offsets,Partition=30,Replica=0],[Topic=__consumer_offsets,Partition=4,Replica=0],[Topic=__consumer_offsets,Partition=42,Replica=0],[Topic=__consumer_offsets,Partition=26,Replica=0],[Topic=__consumer_offsets,Partition=34,Replica=0],[Topic=__consumer_offsets,Partition=17,Replica=0],[Topic=__consumer_offsets,Partition=37,Replica=0],[Topic=__consumer_offsets,Partition=27,Replica=0],[Topic=__consumer_offsets,Partition=10,Replica=0],[Topic=__consumer_offsets,Partition=41,Replica=0],[Topic=__consumer_offsets,Partition=20,Replica=0],[Topic=__consumer_offsets,Partition=28,Replica=0],[Topic=__consumer_offsets,Partition=46,Replica=0],[Topic=__consumer_offsets,Partition=39,Replica=0],[Topic=__consumer_offsets,Partition=47,Replica=0],[Topic=__consumer_offsets,Partition=49,Replica=0],[Topic=__consumer_offsets,Partition=22,Replica=0],[Topic=__consumer_offsets,Partition=1,Replica=0],[Topic=__consumer_offsets,Partition=24,Replica=0],[Topic=__consumer_offsets,Partition=6,Replica=0],[Topic=__consumer_offsets,Partition=36,Replica=0],[Topic=__consumer_offsets,Partition=8,Replica=0],[Topic=__consumer_offsets,Partition=38,Replica=0],[Topic=__consumer_offsets,Partition=16,Replica=0],[Topic=__consumer_offsets,Partition=21,Replica=0],[Topic=__consumer_offsets,Partition=18,Replica=0],[Topic=__consumer_offsets,Partition=0,Replica=0],[Topic=__consumer_offsets,Partition=48,Replica=0],[Topic=__consumer_offsets,Partition=5,Replica=0],[Topic=__consumer_offsets,Partition=13,Replica=0],[Topic=__consumer_offsets,Partition=3,Replica=0],[Topic=__consumer_offsets,Partition=44,Replica=0],[Topic=__consumer_offsets,Partition=15,Replica=0],[Topic=__consumer_offsets,Partition=7,Replica=0],[Topic=__consumer_offsets,Partition=19,Replica=0],[Topic=__consumer_offsets,Partition=33,Replica=0],[Topic=__consumer_offsets,Partition=45,Replica=0],[Topic=__consumer_offsets,Partition=23,Replica=0],[Topic=__consumer_offsets,Partition=32,Replica=0],[Topic=__consumer_offsets,Partition=14,Replica=0] (kafka.controller.ReplicaStateMachine)
[2017-11-29 13:07:28,952] INFO [Partition state machine on Controller 0]: Invoking state change to OnlinePartition for partitions [__consumer_offsets,19],[__consumer_offsets,30],[__consumer_offsets,47],[__consumer_offsets,29],[__consumer_offsets,41],[__consumer_offsets,39],[__consumer_offsets,10],[__consumer_offsets,17],[__consumer_offsets,14],[__consumer_offsets,40],[__consumer_offsets,18],[__consumer_offsets,26],[__consumer_offsets,0],[__consumer_offsets,24],[__consumer_offsets,33],[__consumer_offsets,20],[__consumer_offsets,21],[__consumer_offsets,3],[__consumer_offsets,5],[__consumer_offsets,22],[__consumer_offsets,12],[__consumer_offsets,8],[__consumer_offsets,23],[__consumer_offsets,15],[__consumer_offsets,48],[__consumer_offsets,11],[__consumer_offsets,13],[__consumer_offsets,49],[__consumer_offsets,6],[__consumer_offsets,28],[__consumer_offsets,4],[__consumer_offsets,37],[__consumer_offsets,31],[__consumer_offsets,44],[__consumer_offsets,42],[__consumer_offsets,34],[__consumer_offsets,46],[__consumer_offsets,25],[__consumer_offsets,45],[__consumer_offsets,27],[__consumer_offsets,32],[__consumer_offsets,43],[__consumer_offsets,36],[__consumer_offsets,35],[__consumer_offsets,7],[__consumer_offsets,9],[__consumer_offsets,38],[__consumer_offsets,1],[__consumer_offsets,16],[__consumer_offsets,2] (kafka.controller.PartitionStateMachine)
[2017-11-29 13:07:28,952] DEBUG [Partition state machine on Controller 0]: Live assigned replicas for partition [__consumer_offsets,19] are: [List(0)] (kafka.controller.PartitionStateMachine)
[2017-11-29 13:07:28,952] DEBUG [Partition state machine on Controller 0]: Initializing leader and isr for partition [__consumer_offsets,19] to (Leader:0,ISR:0,LeaderEpoch:0,ControllerEpoch:1) (kafka.controller.PartitionStateMachine)
[2017-11-29 13:07:28,964] DEBUG [Partition state machine on Controller 0]: Live assigned replicas for partition [__consumer_offsets,30] are: [List(0)] (kafka.controller.PartitionStateMachine)
[2017-11-29 13:07:28,964] DEBUG [Partition state machine on Controller 0]: Initializing leader and isr for partition [__consumer_offsets,30] to (Leader:0,ISR:0,LeaderEpoch:0,ControllerEpoch:1) (kafka.controller.PartitionStateMachine)
[2017-11-29 13:07:28,970] DEBUG [Partition state machine on Controller 0]: Live assigned replicas for partition [__consumer_offsets,47] are: [List(0)] (kafka.controller.PartitionStateMachine)
[2017-11-29 13:07:28,970] DEBUG [Partition state machine on Controller 0]: Initializing leader and isr for partition [__consumer_offsets,47] to (Leader:0,ISR:0,LeaderEpoch:0,ControllerEpoch:1) (kafka.controller.PartitionStateMachine)
[2017-11-29 13:07:28,978] DEBUG [Partition state machine on Controller 0]: Live assigned replicas for partition [__consumer_offsets,29] are: [List(0)] (kafka.controller.PartitionStateMachine)
[2017-11-29 13:07:28,978] DEBUG [Partition state machine on Controller 0]: Initializing leader and isr for partition [__consumer_offsets,29] to (Leader:0,ISR:0,LeaderEpoch:0,ControllerEpoch:1) (kafka.controller.PartitionStateMachine)
[2017-11-29 13:07:28,983] DEBUG [Partition state machine on Controller 0]: Live assigned replicas for partition [__consumer_offsets,41] are: [List(0)] (kafka.controller.PartitionStateMachine)
[2017-11-29 13:07:28,984] DEBUG [Partition state machine on Controller 0]: Initializing leader and isr for partition [__consumer_offsets,41] to (Leader:0,ISR:0,LeaderEpoch:0,ControllerEpoch:1) (kafka.controller.PartitionStateMachine)
[2017-11-29 13:07:28,990] DEBUG [Partition state machine on Controller 0]: Live assigned replicas for partition [__consumer_offsets,39] are: [List(0)] (kafka.controller.PartitionStateMachine)
[2017-11-29 13:07:28,990] DEBUG [Partition state machine on Controller 0]: Initializing leader and isr for partition [__consumer_offsets,39] to (Leader:0,ISR:0,LeaderEpoch:0,ControllerEpoch:1) (kafka.controller.PartitionStateMachine)
[2017-11-29 13:07:29,001] DEBUG [Partition state machine on Controller 0]: Live assigned replicas for partition [__consumer_offsets,10] are: [List(0)] (kafka.controller.PartitionStateMachine)
[2017-11-29 13:07:29,001] DEBUG [Partition state machine on Controller 0]: Initializing leader and isr for partition [__consumer_offsets,10] to (Leader:0,ISR:0,LeaderEpoch:0,ControllerEpoch:1) (kafka.controller.PartitionStateMachine)
[2017-11-29 13:07:29,006] DEBUG [Partition state machine on Controller 0]: Live assigned replicas for partition [__consumer_offsets,17] are: [List(0)] (kafka.controller.PartitionStateMachine)
[2017-11-29 13:07:29,006] DEBUG [Partition state machine on Controller 0]: Initializing leader and isr for partition [__consumer_offsets,17] to (Leader:0,ISR:0,LeaderEpoch:0,ControllerEpoch:1) (kafka.controller.PartitionStateMachine)
[2017-11-29 13:07:29,014] DEBUG [Partition state machine on Controller 0]: Live assigned replicas for partition [__consumer_offsets,14] are: [List(0)] (kafka.controller.PartitionStateMachine)
[2017-11-29 13:07:29,014] DEBUG [Partition state machine on Controller 0]: Initializing leader and isr for partition [__consumer_offsets,14] to (Leader:0,ISR:0,LeaderEpoch:0,ControllerEpoch:1) (kafka.controller.PartitionStateMachine)
[2017-11-29 13:07:29,025] DEBUG [Partition state machine on Controller 0]: Live assigned replicas for partition [__consumer_offsets,40] are: [List(0)] (kafka.controller.PartitionStateMachine)
[2017-11-29 13:07:29,025] DEBUG [Partition state machine on Controller 0]: Initializing leader and isr for partition [__consumer_offsets,40] to (Leader:0,ISR:0,LeaderEpoch:0,ControllerEpoch:1) (kafka.controller.PartitionStateMachine)
[2017-11-29 13:07:29,043] DEBUG [Partition state machine on Controller 0]: Live assigned replicas for partition [__consumer_offsets,18] are: [List(0)] (kafka.controller.PartitionStateMachine)
[2017-11-29 13:07:29,043] DEBUG [Partition state machine on Controller 0]: Initializing leader and isr for partition [__consumer_offsets,18] to (Leader:0,ISR:0,LeaderEpoch:0,ControllerEpoch:1) (kafka.controller.PartitionStateMachine)
[2017-11-29 13:07:29,056] DEBUG [Partition state machine on Controller 0]: Live assigned replicas for partition [__consumer_offsets,26] are: [List(0)] (kafka.controller.PartitionStateMachine)
[2017-11-29 13:07:29,056] DEBUG [Partition state machine on Controller 0]: Initializing leader and isr for partition [__consumer_offsets,26] to (Leader:0,ISR:0,LeaderEpoch:0,ControllerEpoch:1) (kafka.controller.PartitionStateMachine)
[2017-11-29 13:07:29,061] DEBUG [Partition state machine on Controller 0]: Live assigned replicas for partition [__consumer_offsets,0] are: [List(0)] (kafka.controller.PartitionStateMachine)
[2017-11-29 13:07:29,062] DEBUG [Partition state machine on Controller 0]: Initializing leader and isr for partition [__consumer_offsets,0] to (Leader:0,ISR:0,LeaderEpoch:0,ControllerEpoch:1) (kafka.controller.PartitionStateMachine)
[2017-11-29 13:07:29,067] DEBUG [Partition state machine on Controller 0]: Live assigned replicas for partition [__consumer_offsets,24] are: [List(0)] (kafka.controller.PartitionStateMachine)
[2017-11-29 13:07:29,067] DEBUG [Partition state machine on Controller 0]: Initializing leader and isr for partition [__consumer_offsets,24] to (Leader:0,ISR:0,LeaderEpoch:0,ControllerEpoch:1) (kafka.controller.PartitionStateMachine)
[2017-11-29 13:07:29,072] DEBUG [Partition state machine on Controller 0]: Live assigned replicas for partition [__consumer_offsets,33] are: [List(0)] (kafka.controller.PartitionStateMachine)
[2017-11-29 13:07:29,072] DEBUG [Partition state machine on Controller 0]: Initializing leader and isr for partition [__consumer_offsets,33] to (Leader:0,ISR:0,LeaderEpoch:0,ControllerEpoch:1) (kafka.controller.PartitionStateMachine)
[2017-11-29 13:07:29,078] DEBUG [Partition state machine on Controller 0]: Live assigned replicas for partition [__consumer_offsets,20] are: [List(0)] (kafka.controller.PartitionStateMachine)
[2017-11-29 13:07:29,078] DEBUG [Partition state machine on Controller 0]: Initializing leader and isr for partition [__consumer_offsets,20] to (Leader:0,ISR:0,LeaderEpoch:0,ControllerEpoch:1) (kafka.controller.PartitionStateMachine)
[2017-11-29 13:07:29,084] DEBUG [Partition state machine on Controller 0]: Live assigned replicas for partition [__consumer_offsets,21] are: [List(0)] (kafka.controller.PartitionStateMachine)
[2017-11-29 13:07:29,084] DEBUG [Partition state machine on Controller 0]: Initializing leader and isr for partition [__consumer_offsets,21] to (Leader:0,ISR:0,LeaderEpoch:0,ControllerEpoch:1) (kafka.controller.PartitionStateMachine)
[2017-11-29 13:07:29,090] DEBUG [Partition state machine on Controller 0]: Live assigned replicas for partition [__consumer_offsets,3] are: [List(0)] (kafka.controller.PartitionStateMachine)
[2017-11-29 13:07:29,090] DEBUG [Partition state machine on Controller 0]: Initializing leader and isr for partition [__consumer_offsets,3] to (Leader:0,ISR:0,LeaderEpoch:0,ControllerEpoch:1) (kafka.controller.PartitionStateMachine)
[2017-11-29 13:07:29,095] DEBUG [Partition state machine on Controller 0]: Live assigned replicas for partition [__consumer_offsets,5] are: [List(0)] (kafka.controller.PartitionStateMachine)
[2017-11-29 13:07:29,095] DEBUG [Partition state machine on Controller 0]: Initializing leader and isr for partition [__consumer_offsets,5] to (Leader:0,ISR:0,LeaderEpoch:0,ControllerEpoch:1) (kafka.controller.PartitionStateMachine)
[2017-11-29 13:07:29,100] DEBUG [Partition state machine on Controller 0]: Live assigned replicas for partition [__consumer_offsets,22] are: [List(0)] (kafka.controller.PartitionStateMachine)
[2017-11-29 13:07:29,101] DEBUG [Partition state machine on Controller 0]: Initializing leader and isr for partition [__consumer_offsets,22] to (Leader:0,ISR:0,LeaderEpoch:0,ControllerEpoch:1) (kafka.controller.PartitionStateMachine)
[2017-11-29 13:07:29,105] DEBUG [Partition state machine on Controller 0]: Live assigned replicas for partition [__consumer_offsets,12] are: [List(0)] (kafka.controller.PartitionStateMachine)
[2017-11-29 13:07:29,105] DEBUG [Partition state machine on Controller 0]: Initializing leader and isr for partition [__consumer_offsets,12] to (Leader:0,ISR:0,LeaderEpoch:0,ControllerEpoch:1) (kafka.controller.PartitionStateMachine)
[2017-11-29 13:07:29,111] DEBUG [Partition state machine on Controller 0]: Live assigned replicas for partition [__consumer_offsets,8] are: [List(0)] (kafka.controller.PartitionStateMachine)
[2017-11-29 13:07:29,112] DEBUG [Partition state machine on Controller 0]: Initializing leader and isr for partition [__consumer_offsets,8] to (Leader:0,ISR:0,LeaderEpoch:0,ControllerEpoch:1) (kafka.controller.PartitionStateMachine)
[2017-11-29 13:07:29,117] DEBUG [Partition state machine on Controller 0]: Live assigned replicas for partition [__consumer_offsets,23] are: [List(0)] (kafka.controller.PartitionStateMachine)
[2017-11-29 13:07:29,117] DEBUG [Partition state machine on Controller 0]: Initializing leader and isr for partition [__consumer_offsets,23] to (Leader:0,ISR:0,LeaderEpoch:0,ControllerEpoch:1) (kafka.controller.PartitionStateMachine)
[2017-11-29 13:07:29,124] DEBUG [Partition state machine on Controller 0]: Live assigned replicas for partition [__consumer_offsets,15] are: [List(0)] (kafka.controller.PartitionStateMachine)
[2017-11-29 13:07:29,124] DEBUG [Partition state machine on Controller 0]: Initializing leader and isr for partition [__consumer_offsets,15] to (Leader:0,ISR:0,LeaderEpoch:0,ControllerEpoch:1) (kafka.controller.PartitionStateMachine)
[2017-11-29 13:07:29,129] DEBUG [Partition state machine on Controller 0]: Live assigned replicas for partition [__consumer_offsets,48] are: [List(0)] (kafka.controller.PartitionStateMachine)
[2017-11-29 13:07:29,129] DEBUG [Partition state machine on Controller 0]: Initializing leader and isr for partition [__consumer_offsets,48] to (Leader:0,ISR:0,LeaderEpoch:0,ControllerEpoch:1) (kafka.controller.PartitionStateMachine)
[2017-11-29 13:07:29,135] DEBUG [Partition state machine on Controller 0]: Live assigned replicas for partition [__consumer_offsets,11] are: [List(0)] (kafka.controller.PartitionStateMachine)
[2017-11-29 13:07:29,135] DEBUG [Partition state machine on Controller 0]: Initializing leader and isr for partition [__consumer_offsets,11] to (Leader:0,ISR:0,LeaderEpoch:0,ControllerEpoch:1) (kafka.controller.PartitionStateMachine)
[2017-11-29 13:07:29,160] DEBUG [Partition state machine on Controller 0]: Live assigned replicas for partition [__consumer_offsets,13] are: [List(0)] (kafka.controller.PartitionStateMachine)
[2017-11-29 13:07:29,160] DEBUG [Partition state machine on Controller 0]: Initializing leader and isr for partition [__consumer_offsets,13] to (Leader:0,ISR:0,LeaderEpoch:0,ControllerEpoch:1) (kafka.controller.PartitionStateMachine)
[2017-11-29 13:07:29,166] DEBUG [Partition state machine on Controller 0]: Live assigned replicas for partition [__consumer_offsets,49] are: [List(0)] (kafka.controller.PartitionStateMachine)
[2017-11-29 13:07:29,166] DEBUG [Partition state machine on Controller 0]: Initializing leader and isr for partition [__consumer_offsets,49] to (Leader:0,ISR:0,LeaderEpoch:0,ControllerEpoch:1) (kafka.controller.PartitionStateMachine)
[2017-11-29 13:07:29,171] DEBUG [Partition state machine on Controller 0]: Live assigned replicas for partition [__consumer_offsets,6] are: [List(0)] (kafka.controller.PartitionStateMachine)
[2017-11-29 13:07:29,171] DEBUG [Partition state machine on Controller 0]: Initializing leader and isr for partition [__consumer_offsets,6] to (Leader:0,ISR:0,LeaderEpoch:0,ControllerEpoch:1) (kafka.controller.PartitionStateMachine)
[2017-11-29 13:07:29,176] DEBUG [Partition state machine on Controller 0]: Live assigned replicas for partition [__consumer_offsets,28] are: [List(0)] (kafka.controller.PartitionStateMachine)
[2017-11-29 13:07:29,176] DEBUG [Partition state machine on Controller 0]: Initializing leader and isr for partition [__consumer_offsets,28] to (Leader:0,ISR:0,LeaderEpoch:0,ControllerEpoch:1) (kafka.controller.PartitionStateMachine)
[2017-11-29 13:07:29,181] DEBUG [Partition state machine on Controller 0]: Live assigned replicas for partition [__consumer_offsets,4] are: [List(0)] (kafka.controller.PartitionStateMachine)
[2017-11-29 13:07:29,181] DEBUG [Partition state machine on Controller 0]: Initializing leader and isr for partition [__consumer_offsets,4] to (Leader:0,ISR:0,LeaderEpoch:0,ControllerEpoch:1) (kafka.controller.PartitionStateMachine)
[2017-11-29 13:07:29,185] DEBUG [Partition state machine on Controller 0]: Live assigned replicas for partition [__consumer_offsets,37] are: [List(0)] (kafka.controller.PartitionStateMachine)
[2017-11-29 13:07:29,185] DEBUG [Partition state machine on Controller 0]: Initializing leader and isr for partition [__consumer_offsets,37] to (Leader:0,ISR:0,LeaderEpoch:0,ControllerEpoch:1) (kafka.controller.PartitionStateMachine)
[2017-11-29 13:07:29,191] DEBUG [Partition state machine on Controller 0]: Live assigned replicas for partition [__consumer_offsets,31] are: [List(0)] (kafka.controller.PartitionStateMachine)
[2017-11-29 13:07:29,191] DEBUG [Partition state machine on Controller 0]: Initializing leader and isr for partition [__consumer_offsets,31] to (Leader:0,ISR:0,LeaderEpoch:0,ControllerEpoch:1) (kafka.controller.PartitionStateMachine)
[2017-11-29 13:07:29,196] DEBUG [Partition state machine on Controller 0]: Live assigned replicas for partition [__consumer_offsets,44] are: [List(0)] (kafka.controller.PartitionStateMachine)
[2017-11-29 13:07:29,196] DEBUG [Partition state machine on Controller 0]: Initializing leader and isr for partition [__consumer_offsets,44] to (Leader:0,ISR:0,LeaderEpoch:0,ControllerEpoch:1) (kafka.controller.PartitionStateMachine)
[2017-11-29 13:07:29,202] DEBUG [Partition state machine on Controller 0]: Live assigned replicas for partition [__consumer_offsets,42] are: [List(0)] (kafka.controller.PartitionStateMachine)
[2017-11-29 13:07:29,202] DEBUG [Partition state machine on Controller 0]: Initializing leader and isr for partition [__consumer_offsets,42] to (Leader:0,ISR:0,LeaderEpoch:0,ControllerEpoch:1) (kafka.controller.PartitionStateMachine)
[2017-11-29 13:07:29,207] DEBUG [Partition state machine on Controller 0]: Live assigned replicas for partition [__consumer_offsets,34] are: [List(0)] (kafka.controller.PartitionStateMachine)
[2017-11-29 13:07:29,207] DEBUG [Partition state machine on Controller 0]: Initializing leader and isr for partition [__consumer_offsets,34] to (Leader:0,ISR:0,LeaderEpoch:0,ControllerEpoch:1) (kafka.controller.PartitionStateMachine)
[2017-11-29 13:07:29,211] DEBUG [Partition state machine on Controller 0]: Live assigned replicas for partition [__consumer_offsets,46] are: [List(0)] (kafka.controller.PartitionStateMachine)
[2017-11-29 13:07:29,211] DEBUG [Partition state machine on Controller 0]: Initializing leader and isr for partition [__consumer_offsets,46] to (Leader:0,ISR:0,LeaderEpoch:0,ControllerEpoch:1) (kafka.controller.PartitionStateMachine)
[2017-11-29 13:07:29,217] DEBUG [Partition state machine on Controller 0]: Live assigned replicas for partition [__consumer_offsets,25] are: [List(0)] (kafka.controller.PartitionStateMachine)
[2017-11-29 13:07:29,217] DEBUG [Partition state machine on Controller 0]: Initializing leader and isr for partition [__consumer_offsets,25] to (Leader:0,ISR:0,LeaderEpoch:0,ControllerEpoch:1) (kafka.controller.PartitionStateMachine)
[2017-11-29 13:07:29,224] DEBUG [Partition state machine on Controller 0]: Live assigned replicas for partition [__consumer_offsets,45] are: [List(0)] (kafka.controller.PartitionStateMachine)
[2017-11-29 13:07:29,224] DEBUG [Partition state machine on Controller 0]: Initializing leader and isr for partition [__consumer_offsets,45] to (Leader:0,ISR:0,LeaderEpoch:0,ControllerEpoch:1) (kafka.controller.PartitionStateMachine)
[2017-11-29 13:07:29,228] DEBUG [Partition state machine on Controller 0]: Live assigned replicas for partition [__consumer_offsets,27] are: [List(0)] (kafka.controller.PartitionStateMachine)
[2017-11-29 13:07:29,228] DEBUG [Partition state machine on Controller 0]: Initializing leader and isr for partition [__consumer_offsets,27] to (Leader:0,ISR:0,LeaderEpoch:0,ControllerEpoch:1) (kafka.controller.PartitionStateMachine)
[2017-11-29 13:07:29,233] DEBUG [Partition state machine on Controller 0]: Live assigned replicas for partition [__consumer_offsets,32] are: [List(0)] (kafka.controller.PartitionStateMachine)
[2017-11-29 13:07:29,233] DEBUG [Partition state machine on Controller 0]: Initializing leader and isr for partition [__consumer_offsets,32] to (Leader:0,ISR:0,LeaderEpoch:0,ControllerEpoch:1) (kafka.controller.PartitionStateMachine)
[2017-11-29 13:07:29,240] DEBUG [Partition state machine on Controller 0]: Live assigned replicas for partition [__consumer_offsets,43] are: [List(0)] (kafka.controller.PartitionStateMachine)
[2017-11-29 13:07:29,240] DEBUG [Partition state machine on Controller 0]: Initializing leader and isr for partition [__consumer_offsets,43] to (Leader:0,ISR:0,LeaderEpoch:0,ControllerEpoch:1) (kafka.controller.PartitionStateMachine)
[2017-11-29 13:07:29,253] DEBUG [Partition state machine on Controller 0]: Live assigned replicas for partition [__consumer_offsets,36] are: [List(0)] (kafka.controller.PartitionStateMachine)
[2017-11-29 13:07:29,253] DEBUG [Partition state machine on Controller 0]: Initializing leader and isr for partition [__consumer_offsets,36] to (Leader:0,ISR:0,LeaderEpoch:0,ControllerEpoch:1) (kafka.controller.PartitionStateMachine)
[2017-11-29 13:07:29,258] DEBUG [Partition state machine on Controller 0]: Live assigned replicas for partition [__consumer_offsets,35] are: [List(0)] (kafka.controller.PartitionStateMachine)
[2017-11-29 13:07:29,258] DEBUG [Partition state machine on Controller 0]: Initializing leader and isr for partition [__consumer_offsets,35] to (Leader:0,ISR:0,LeaderEpoch:0,ControllerEpoch:1) (kafka.controller.PartitionStateMachine)
[2017-11-29 13:07:29,273] DEBUG [Partition state machine on Controller 0]: Live assigned replicas for partition [__consumer_offsets,7] are: [List(0)] (kafka.controller.PartitionStateMachine)
[2017-11-29 13:07:29,273] DEBUG [Partition state machine on Controller 0]: Initializing leader and isr for partition [__consumer_offsets,7] to (Leader:0,ISR:0,LeaderEpoch:0,ControllerEpoch:1) (kafka.controller.PartitionStateMachine)
[2017-11-29 13:07:29,279] DEBUG [Partition state machine on Controller 0]: Live assigned replicas for partition [__consumer_offsets,9] are: [List(0)] (kafka.controller.PartitionStateMachine)
[2017-11-29 13:07:29,279] DEBUG [Partition state machine on Controller 0]: Initializing leader and isr for partition [__consumer_offsets,9] to (Leader:0,ISR:0,LeaderEpoch:0,ControllerEpoch:1) (kafka.controller.PartitionStateMachine)
[2017-11-29 13:07:29,285] DEBUG [Partition state machine on Controller 0]: Live assigned replicas for partition [__consumer_offsets,38] are: [List(0)] (kafka.controller.PartitionStateMachine)
[2017-11-29 13:07:29,285] DEBUG [Partition state machine on Controller 0]: Initializing leader and isr for partition [__consumer_offsets,38] to (Leader:0,ISR:0,LeaderEpoch:0,ControllerEpoch:1) (kafka.controller.PartitionStateMachine)
[2017-11-29 13:07:29,291] DEBUG [Partition state machine on Controller 0]: Live assigned replicas for partition [__consumer_offsets,1] are: [List(0)] (kafka.controller.PartitionStateMachine)
[2017-11-29 13:07:29,291] DEBUG [Partition state machine on Controller 0]: Initializing leader and isr for partition [__consumer_offsets,1] to (Leader:0,ISR:0,LeaderEpoch:0,ControllerEpoch:1) (kafka.controller.PartitionStateMachine)
[2017-11-29 13:07:29,296] DEBUG [Partition state machine on Controller 0]: Live assigned replicas for partition [__consumer_offsets,16] are: [List(0)] (kafka.controller.PartitionStateMachine)
[2017-11-29 13:07:29,296] DEBUG [Partition state machine on Controller 0]: Initializing leader and isr for partition [__consumer_offsets,16] to (Leader:0,ISR:0,LeaderEpoch:0,ControllerEpoch:1) (kafka.controller.PartitionStateMachine)
[2017-11-29 13:07:29,300] DEBUG [Partition state machine on Controller 0]: Live assigned replicas for partition [__consumer_offsets,2] are: [List(0)] (kafka.controller.PartitionStateMachine)
[2017-11-29 13:07:29,300] DEBUG [Partition state machine on Controller 0]: Initializing leader and isr for partition [__consumer_offsets,2] to (Leader:0,ISR:0,LeaderEpoch:0,ControllerEpoch:1) (kafka.controller.PartitionStateMachine)
[2017-11-29 13:07:29,326] INFO [Replica state machine on controller 0]: Invoking state change to OnlineReplica for replicas [Topic=__consumer_offsets,Partition=25,Replica=0],[Topic=__consumer_offsets,Partition=12,Replica=0],[Topic=__consumer_offsets,Partition=31,Replica=0],[Topic=__consumer_offsets,Partition=40,Replica=0],[Topic=__consumer_offsets,Partition=35,Replica=0],[Topic=__consumer_offsets,Partition=9,Replica=0],[Topic=__consumer_offsets,Partition=43,Replica=0],[Topic=__consumer_offsets,Partition=2,Replica=0],[Topic=__consumer_offsets,Partition=11,Replica=0],[Topic=__consumer_offsets,Partition=29,Replica=0],[Topic=__consumer_offsets,Partition=30,Replica=0],[Topic=__consumer_offsets,Partition=4,Replica=0],[Topic=__consumer_offsets,Partition=42,Replica=0],[Topic=__consumer_offsets,Partition=26,Replica=0],[Topic=__consumer_offsets,Partition=34,Replica=0],[Topic=__consumer_offsets,Partition=17,Replica=0],[Topic=__consumer_offsets,Partition=37,Replica=0],[Topic=__consumer_offsets,Partition=27,Replica=0],[Topic=__consumer_offsets,Partition=10,Replica=0],[Topic=__consumer_offsets,Partition=41,Replica=0],[Topic=__consumer_offsets,Partition=20,Replica=0],[Topic=__consumer_offsets,Partition=28,Replica=0],[Topic=__consumer_offsets,Partition=46,Replica=0],[Topic=__consumer_offsets,Partition=39,Replica=0],[Topic=__consumer_offsets,Partition=47,Replica=0],[Topic=__consumer_offsets,Partition=49,Replica=0],[Topic=__consumer_offsets,Partition=22,Replica=0],[Topic=__consumer_offsets,Partition=1,Replica=0],[Topic=__consumer_offsets,Partition=24,Replica=0],[Topic=__consumer_offsets,Partition=6,Replica=0],[Topic=__consumer_offsets,Partition=36,Replica=0],[Topic=__consumer_offsets,Partition=8,Replica=0],[Topic=__consumer_offsets,Partition=38,Replica=0],[Topic=__consumer_offsets,Partition=16,Replica=0],[Topic=__consumer_offsets,Partition=21,Replica=0],[Topic=__consumer_offsets,Partition=18,Replica=0],[Topic=__consumer_offsets,Partition=0,Replica=0],[Topic=__consumer_offsets,Partition=48,Replica=0],[Topic=__consumer_offsets,Partition=5,Replica=0],[Topic=__consumer_offsets,Partition=13,Replica=0],[Topic=__consumer_offsets,Partition=3,Replica=0],[Topic=__consumer_offsets,Partition=44,Replica=0],[Topic=__consumer_offsets,Partition=15,Replica=0],[Topic=__consumer_offsets,Partition=7,Replica=0],[Topic=__consumer_offsets,Partition=19,Replica=0],[Topic=__consumer_offsets,Partition=33,Replica=0],[Topic=__consumer_offsets,Partition=45,Replica=0],[Topic=__consumer_offsets,Partition=23,Replica=0],[Topic=__consumer_offsets,Partition=32,Replica=0],[Topic=__consumer_offsets,Partition=14,Replica=0] (kafka.controller.ReplicaStateMachine)
[2017-11-29 13:11:31,414] TRACE [Controller 0]: Checking need to trigger auto leader balancing (kafka.controller.KafkaController)
[2017-11-29 13:11:31,416] DEBUG [Controller 0]: Preferred replicas by broker Map(0 -> Map([__consumer_offsets,19] -> List(0), [__consumer_offsets,30] -> List(0), [__consumer_offsets,47] -> List(0), [__consumer_offsets,29] -> List(0), [__consumer_offsets,41] -> List(0), [__consumer_offsets,39] -> List(0), [__consumer_offsets,10] -> List(0), [__consumer_offsets,17] -> List(0), [__consumer_offsets,14] -> List(0), [__consumer_offsets,40] -> List(0), [__consumer_offsets,18] -> List(0), [__consumer_offsets,0] -> List(0), [__consumer_offsets,26] -> List(0), [__consumer_offsets,24] -> List(0), [sql-jdbc-demo-,0] -> List(0), [__consumer_offsets,33] -> List(0), [__consumer_offsets,20] -> List(0), [__consumer_offsets,21] -> List(0), [__consumer_offsets,3] -> List(0), [__consumer_offsets,5] -> List(0), [__consumer_offsets,22] -> List(0), [__consumer_offsets,12] -> List(0), [__consumer_offsets,8] -> List(0), [__consumer_offsets,23] -> List(0), [__consumer_offsets,15] -> List(0), [__consumer_offsets,48] -> List(0), [__consumer_offsets,11] -> List(0), [__consumer_offsets,13] -> List(0), [__consumer_offsets,49] -> List(0), [__consumer_offsets,6] -> List(0), [__consumer_offsets,28] -> List(0), [__consumer_offsets,4] -> List(0), [_schemas,0] -> List(0), [__consumer_offsets,37] -> List(0), [__consumer_offsets,31] -> List(0), [__consumer_offsets,44] -> List(0), [__consumer_offsets,42] -> List(0), [__consumer_offsets,34] -> List(0), [__consumer_offsets,46] -> List(0), [__consumer_offsets,25] -> List(0), [__consumer_offsets,45] -> List(0), [__consumer_offsets,27] -> List(0), [__consumer_offsets,32] -> List(0), [__consumer_offsets,43] -> List(0), [__consumer_offsets,36] -> List(0), [__consumer_offsets,35] -> List(0), [__consumer_offsets,7] -> List(0), [__consumer_offsets,9] -> List(0), [__consumer_offsets,38] -> List(0), [__consumer_offsets,1] -> List(0), [__consumer_offsets,16] -> List(0), [__consumer_offsets,2] -> List(0))) (kafka.controller.KafkaController)
[2017-11-29 13:11:31,416] DEBUG [Controller 0]: Topics not in preferred replica Map() (kafka.controller.KafkaController)
[2017-11-29 13:11:31,416] TRACE [Controller 0]: Leader imbalance ratio for broker 0 is 0.0 (kafka.controller.KafkaController)
[2017-11-29 13:13:12,257] INFO [Controller 0]: New topics: [Set(__confluent.support.metrics)], deleted topics: [Set()], new partition replica assignment [Map([__confluent.support.metrics,0] -> List(0))] (kafka.controller.KafkaController)
[2017-11-29 13:13:12,257] INFO [Controller 0]: New topic creation callback for [__confluent.support.metrics,0] (kafka.controller.KafkaController)
[2017-11-29 13:13:12,258] INFO [Controller 0]: New partition creation callback for [__confluent.support.metrics,0] (kafka.controller.KafkaController)
[2017-11-29 13:13:12,258] INFO [Partition state machine on Controller 0]: Invoking state change to NewPartition for partitions [__confluent.support.metrics,0] (kafka.controller.PartitionStateMachine)
[2017-11-29 13:13:12,258] INFO [Replica state machine on controller 0]: Invoking state change to NewReplica for replicas [Topic=__confluent.support.metrics,Partition=0,Replica=0] (kafka.controller.ReplicaStateMachine)
[2017-11-29 13:13:12,258] INFO [Partition state machine on Controller 0]: Invoking state change to OnlinePartition for partitions [__confluent.support.metrics,0] (kafka.controller.PartitionStateMachine)
[2017-11-29 13:13:12,258] DEBUG [Partition state machine on Controller 0]: Live assigned replicas for partition [__confluent.support.metrics,0] are: [List(0)] (kafka.controller.PartitionStateMachine)
[2017-11-29 13:13:12,259] DEBUG [Partition state machine on Controller 0]: Initializing leader and isr for partition [__confluent.support.metrics,0] to (Leader:0,ISR:0,LeaderEpoch:0,ControllerEpoch:1) (kafka.controller.PartitionStateMachine)
[2017-11-29 13:13:12,267] INFO [Replica state machine on controller 0]: Invoking state change to OnlineReplica for replicas [Topic=__confluent.support.metrics,Partition=0,Replica=0] (kafka.controller.ReplicaStateMachine)
[2017-11-29 13:13:13,292] INFO [Controller 0]: Shutting down broker 0 (kafka.controller.KafkaController)
[2017-11-29 13:13:13,293] DEBUG [Controller 0]: All shutting down brokers: 0 (kafka.controller.KafkaController)
[2017-11-29 13:13:13,293] DEBUG [Controller 0]: Live brokers:  (kafka.controller.KafkaController)
[2017-11-29 13:13:13,298] TRACE [Controller 0]: All leaders = [__consumer_offsets,19] -> (Leader:0,ISR:0,LeaderEpoch:0,ControllerEpoch:1),[__confluent.support.metrics,0] -> (Leader:0,ISR:0,LeaderEpoch:0,ControllerEpoch:1),[__consumer_offsets,30] -> (Leader:0,ISR:0,LeaderEpoch:0,ControllerEpoch:1),[__consumer_offsets,47] -> (Leader:0,ISR:0,LeaderEpoch:0,ControllerEpoch:1),[__consumer_offsets,29] -> (Leader:0,ISR:0,LeaderEpoch:0,ControllerEpoch:1),[__consumer_offsets,41] -> (Leader:0,ISR:0,LeaderEpoch:0,ControllerEpoch:1),[__consumer_offsets,39] -> (Leader:0,ISR:0,LeaderEpoch:0,ControllerEpoch:1),[__consumer_offsets,10] -> (Leader:0,ISR:0,LeaderEpoch:0,ControllerEpoch:1),[__consumer_offsets,17] -> (Leader:0,ISR:0,LeaderEpoch:0,ControllerEpoch:1),[__consumer_offsets,14] -> (Leader:0,ISR:0,LeaderEpoch:0,ControllerEpoch:1),[__consumer_offsets,40] -> (Leader:0,ISR:0,LeaderEpoch:0,ControllerEpoch:1),[__consumer_offsets,18] -> (Leader:0,ISR:0,LeaderEpoch:0,ControllerEpoch:1),[__consumer_offsets,0] -> (Leader:0,ISR:0,LeaderEpoch:0,ControllerEpoch:1),[__consumer_offsets,26] -> (Leader:0,ISR:0,LeaderEpoch:0,ControllerEpoch:1),[__consumer_offsets,24] -> (Leader:0,ISR:0,LeaderEpoch:0,ControllerEpoch:1),[__consumer_offsets,33] -> (Leader:0,ISR:0,LeaderEpoch:0,ControllerEpoch:1),[sql-jdbc-demo-,0] -> (Leader:0,ISR:0,LeaderEpoch:0,ControllerEpoch:1),[__consumer_offsets,20] -> (Leader:0,ISR:0,LeaderEpoch:0,ControllerEpoch:1),[__consumer_offsets,3] -> (Leader:0,ISR:0,LeaderEpoch:0,ControllerEpoch:1),[__consumer_offsets,21] -> (Leader:0,ISR:0,LeaderEpoch:0,ControllerEpoch:1),[__consumer_offsets,22] -> (Leader:0,ISR:0,LeaderEpoch:0,ControllerEpoch:1),[__consumer_offsets,5] -> (Leader:0,ISR:0,LeaderEpoch:0,ControllerEpoch:1),[__consumer_offsets,12] -> (Leader:0,ISR:0,LeaderEpoch:0,ControllerEpoch:1),[__consumer_offsets,8] -> (Leader:0,ISR:0,LeaderEpoch:0,ControllerEpoch:1),[__consumer_offsets,23] -> (Leader:0,ISR:0,LeaderEpoch:0,ControllerEpoch:1),[__consumer_offsets,15] -> (Leader:0,ISR:0,LeaderEpoch:0,ControllerEpoch:1),[__consumer_offsets,48] -> (Leader:0,ISR:0,LeaderEpoch:0,ControllerEpoch:1),[__consumer_offsets,11] -> (Leader:0,ISR:0,LeaderEpoch:0,ControllerEpoch:1),[__consumer_offsets,13] -> (Leader:0,ISR:0,LeaderEpoch:0,ControllerEpoch:1),[__consumer_offsets,49] -> (Leader:0,ISR:0,LeaderEpoch:0,ControllerEpoch:1),[__consumer_offsets,6] -> (Leader:0,ISR:0,LeaderEpoch:0,ControllerEpoch:1),[__consumer_offsets,28] -> (Leader:0,ISR:0,LeaderEpoch:0,ControllerEpoch:1),[__consumer_offsets,4] -> (Leader:0,ISR:0,LeaderEpoch:0,ControllerEpoch:1),[_schemas,0] -> (Leader:0,ISR:0,LeaderEpoch:0,ControllerEpoch:1),[__consumer_offsets,37] -> (Leader:0,ISR:0,LeaderEpoch:0,ControllerEpoch:1),[__consumer_offsets,31] -> (Leader:0,ISR:0,LeaderEpoch:0,ControllerEpoch:1),[__consumer_offsets,44] -> (Leader:0,ISR:0,LeaderEpoch:0,ControllerEpoch:1),[__consumer_offsets,42] -> (Leader:0,ISR:0,LeaderEpoch:0,ControllerEpoch:1),[__consumer_offsets,34] -> (Leader:0,ISR:0,LeaderEpoch:0,ControllerEpoch:1),[__consumer_offsets,46] -> (Leader:0,ISR:0,LeaderEpoch:0,ControllerEpoch:1),[__consumer_offsets,25] -> (Leader:0,ISR:0,LeaderEpoch:0,ControllerEpoch:1),[__consumer_offsets,45] -> (Leader:0,ISR:0,LeaderEpoch:0,ControllerEpoch:1),[__consumer_offsets,27] -> (Leader:0,ISR:0,LeaderEpoch:0,ControllerEpoch:1),[__consumer_offsets,32] -> (Leader:0,ISR:0,LeaderEpoch:0,ControllerEpoch:1),[__consumer_offsets,43] -> (Leader:0,ISR:0,LeaderEpoch:0,ControllerEpoch:1),[__consumer_offsets,36] -> (Leader:0,ISR:0,LeaderEpoch:0,ControllerEpoch:1),[__consumer_offsets,35] -> (Leader:0,ISR:0,LeaderEpoch:0,ControllerEpoch:1),[__consumer_offsets,7] -> (Leader:0,ISR:0,LeaderEpoch:0,ControllerEpoch:1),[__consumer_offsets,9] -> (Leader:0,ISR:0,LeaderEpoch:0,ControllerEpoch:1),[__consumer_offsets,38] -> (Leader:0,ISR:0,LeaderEpoch:0,ControllerEpoch:1),[__consumer_offsets,1] -> (Leader:0,ISR:0,LeaderEpoch:0,ControllerEpoch:1),[__consumer_offsets,2] -> (Leader:0,ISR:0,LeaderEpoch:0,ControllerEpoch:1),[__consumer_offsets,16] -> (Leader:0,ISR:0,LeaderEpoch:0,ControllerEpoch:1) (kafka.controller.KafkaController)
[2017-11-29 13:13:15,698] INFO [controller-event-thread]: Shutting down (kafka.controller.ControllerEventManager$ControllerEventThread)
[2017-11-29 13:13:15,698] INFO [controller-event-thread]: Stopped (kafka.controller.ControllerEventManager$ControllerEventThread)
[2017-11-29 13:13:15,698] INFO [controller-event-thread]: Shutdown completed (kafka.controller.ControllerEventManager$ControllerEventThread)
[2017-11-29 13:13:15,698] DEBUG [Controller 0]: Controller resigning, broker id 0 (kafka.controller.KafkaController)
[2017-11-29 13:13:15,698] DEBUG [Controller 0]: De-registering IsrChangeNotificationListener (kafka.controller.KafkaController)
[2017-11-29 13:13:15,699] INFO [Partition state machine on Controller 0]: Stopped partition state machine (kafka.controller.PartitionStateMachine)
[2017-11-29 13:13:15,699] INFO [Replica state machine on controller 0]: Stopped replica state machine (kafka.controller.ReplicaStateMachine)
[2017-11-29 13:13:15,700] INFO [Controller-0-to-broker-0-send-thread]: Shutting down (kafka.controller.RequestSendThread)
[2017-11-29 13:13:15,700] INFO [Controller-0-to-broker-0-send-thread]: Stopped (kafka.controller.RequestSendThread)
[2017-11-29 13:13:15,700] INFO [Controller-0-to-broker-0-send-thread]: Shutdown completed (kafka.controller.RequestSendThread)
[2017-11-29 13:13:15,701] INFO [Controller 0]: Broker 0 resigned as the controller (kafka.controller.KafkaController)
