[2017-11-25 16:51:22,761] INFO SchemaRegistryConfig values: 
	metric.reporters = []
	kafkastore.sasl.kerberos.kinit.cmd = /usr/bin/kinit
	response.mediatype.default = application/vnd.schemaregistry.v1+json
	kafkastore.ssl.trustmanager.algorithm = PKIX
	authentication.realm = 
	ssl.keystore.type = JKS
	kafkastore.topic = _schemas
	metrics.jmx.prefix = kafka.schema.registry
	kafkastore.ssl.enabled.protocols = TLSv1.2,TLSv1.1,TLSv1
	kafkastore.topic.replication.factor = 3
	ssl.truststore.password = 
	kafkastore.timeout.ms = 500
	host.name = octal
	kafkastore.bootstrap.servers = []
	schema.registry.zk.namespace = schema_registry
	kafkastore.sasl.kerberos.ticket.renew.window.factor = 0.8
	kafkastore.sasl.kerberos.service.name = 
	ssl.endpoint.identification.algorithm = 
	compression.enable = false
	kafkastore.ssl.truststore.type = JKS
	avro.compatibility.level = backward
	kafkastore.ssl.protocol = TLS
	kafkastore.ssl.provider = 
	kafkastore.ssl.truststore.location = 
	response.mediatype.preferred = [application/vnd.schemaregistry.v1+json, application/vnd.schemaregistry+json, application/json]
	kafkastore.ssl.keystore.type = JKS
	ssl.truststore.type = JKS
	kafkastore.ssl.truststore.password = 
	access.control.allow.origin = 
	ssl.truststore.location = 
	ssl.keystore.password = 
	port = 8081
	kafkastore.ssl.keystore.location = 
	master.eligibility = true
	ssl.client.auth = false
	kafkastore.ssl.keystore.password = 
	kafkastore.security.protocol = PLAINTEXT
	ssl.trustmanager.algorithm = 
	authentication.method = NONE
	request.logger.name = io.confluent.rest-utils.requests
	ssl.key.password = 
	kafkastore.zk.session.timeout.ms = 30000
	kafkastore.sasl.mechanism = GSSAPI
	kafkastore.sasl.kerberos.ticket.renew.jitter = 0.05
	kafkastore.ssl.key.password = 
	zookeeper.set.acl = false
	authentication.roles = [*]
	metrics.num.samples = 2
	ssl.protocol = TLS
	kafkastore.ssl.keymanager.algorithm = SunX509
	kafkastore.connection.url = localhost:2181
	debug = false
	listeners = [http://0.0.0.0:8081]
	kafkastore.group.id = 
	ssl.provider = 
	ssl.enabled.protocols = []
	shutdown.graceful.ms = 1000
	ssl.keystore.location = 
	ssl.cipher.suites = []
	kafkastore.ssl.endpoint.identification.algorithm = 
	kafkastore.ssl.cipher.suites = 
	access.control.allow.methods = 
	kafkastore.sasl.kerberos.min.time.before.relogin = 60000
	ssl.keymanager.algorithm = 
	metrics.sample.window.ms = 30000
	kafkastore.init.timeout.ms = 60000
 (io.confluent.kafka.schemaregistry.rest.SchemaRegistryConfig)
[2017-11-25 16:51:23,393] INFO Initializing KafkaStore with broker endpoints: PLAINTEXT://octal:9092 (io.confluent.kafka.schemaregistry.storage.KafkaStore)
[2017-11-25 16:51:23,404] WARN Creating the schema topic _schemas using a replication factor of 1, which is less than the desired one of 3. If this is a production environment, it's crucial to add more brokers and increase the replication factor of the topic. (io.confluent.kafka.schemaregistry.storage.KafkaStore)
[2017-11-25 16:51:23,778] INFO Initialized last consumed offset to -1 (io.confluent.kafka.schemaregistry.storage.KafkaStoreReaderThread)
[2017-11-25 16:51:23,778] INFO [kafka-store-reader-thread-_schemas]: Starting (io.confluent.kafka.schemaregistry.storage.KafkaStoreReaderThread)
[2017-11-25 16:51:23,925] INFO Wait to catch up until the offset of the last message at 0 (io.confluent.kafka.schemaregistry.storage.KafkaStore)
[2017-11-25 16:51:23,987] INFO Created schema registry namespace localhost:2181/schema_registry (io.confluent.kafka.schemaregistry.storage.KafkaSchemaRegistry)
[2017-11-25 16:51:24,012] INFO Successfully elected the new master: {"host":"octal","port":8081,"master_eligibility":true,"version":1} (io.confluent.kafka.schemaregistry.zookeeper.ZookeeperMasterElector)
[2017-11-25 16:51:24,017] INFO Successfully elected the new master: {"host":"octal","port":8081,"master_eligibility":true,"version":1} (io.confluent.kafka.schemaregistry.zookeeper.ZookeeperMasterElector)
[2017-11-25 16:51:24,058] INFO Logging initialized @1615ms (org.eclipse.jetty.util.log)
[2017-11-25 16:51:24,109] INFO Adding listener: http://0.0.0.0:8081 (io.confluent.rest.Application)
[2017-11-25 16:51:24,191] INFO jetty-9.2.22.v20170606 (org.eclipse.jetty.server.Server)
[2017-11-25 16:51:24,931] INFO HV000001: Hibernate Validator 5.1.3.Final (org.hibernate.validator.internal.util.Version)
[2017-11-25 16:51:25,129] INFO Started o.e.j.s.ServletContextHandler@1cd201a8{/,null,AVAILABLE} (org.eclipse.jetty.server.handler.ContextHandler)
[2017-11-25 16:51:25,142] INFO Started NetworkTrafficServerConnector@5b057c8c{HTTP/1.1}{0.0.0.0:8081} (org.eclipse.jetty.server.NetworkTrafficServerConnector)
[2017-11-25 16:51:25,143] INFO Started @2702ms (org.eclipse.jetty.server.Server)
[2017-11-25 16:51:25,145] INFO Server started, listening for requests... (io.confluent.kafka.schemaregistry.rest.SchemaRegistryMain)
[2017-11-25 16:57:53,619] INFO Stopped NetworkTrafficServerConnector@5b057c8c{HTTP/1.1}{0.0.0.0:8081} (org.eclipse.jetty.server.NetworkTrafficServerConnector)
[2017-11-25 16:57:53,625] INFO Stopped o.e.j.s.ServletContextHandler@1cd201a8{/,null,UNAVAILABLE} (org.eclipse.jetty.server.handler.ContextHandler)
[2017-11-25 16:57:53,626] INFO Shutting down schema registry (io.confluent.kafka.schemaregistry.storage.KafkaSchemaRegistry)
[2017-11-25 16:57:53,626] INFO [kafka-store-reader-thread-_schemas]: Shutting down (io.confluent.kafka.schemaregistry.storage.KafkaStoreReaderThread)
[2017-11-25 16:57:53,627] INFO [kafka-store-reader-thread-_schemas]: Shutdown completed (io.confluent.kafka.schemaregistry.storage.KafkaStoreReaderThread)
[2017-11-25 16:57:53,627] INFO [kafka-store-reader-thread-_schemas]: Stopped (io.confluent.kafka.schemaregistry.storage.KafkaStoreReaderThread)
[2017-11-25 16:57:53,629] INFO KafkaStoreReaderThread shutdown complete. (io.confluent.kafka.schemaregistry.storage.KafkaStoreReaderThread)
[2017-11-25 16:58:11,889] INFO SchemaRegistryConfig values: 
	metric.reporters = []
	kafkastore.sasl.kerberos.kinit.cmd = /usr/bin/kinit
	response.mediatype.default = application/vnd.schemaregistry.v1+json
	kafkastore.ssl.trustmanager.algorithm = PKIX
	authentication.realm = 
	ssl.keystore.type = JKS
	kafkastore.topic = _schemas
	metrics.jmx.prefix = kafka.schema.registry
	kafkastore.ssl.enabled.protocols = TLSv1.2,TLSv1.1,TLSv1
	kafkastore.topic.replication.factor = 3
	ssl.truststore.password = 
	kafkastore.timeout.ms = 500
	host.name = octal
	kafkastore.bootstrap.servers = []
	schema.registry.zk.namespace = schema_registry
	kafkastore.sasl.kerberos.ticket.renew.window.factor = 0.8
	kafkastore.sasl.kerberos.service.name = 
	ssl.endpoint.identification.algorithm = 
	compression.enable = false
	kafkastore.ssl.truststore.type = JKS
	avro.compatibility.level = backward
	kafkastore.ssl.protocol = TLS
	kafkastore.ssl.provider = 
	kafkastore.ssl.truststore.location = 
	response.mediatype.preferred = [application/vnd.schemaregistry.v1+json, application/vnd.schemaregistry+json, application/json]
	kafkastore.ssl.keystore.type = JKS
	ssl.truststore.type = JKS
	kafkastore.ssl.truststore.password = 
	access.control.allow.origin = 
	ssl.truststore.location = 
	ssl.keystore.password = 
	port = 8081
	kafkastore.ssl.keystore.location = 
	master.eligibility = true
	ssl.client.auth = false
	kafkastore.ssl.keystore.password = 
	kafkastore.security.protocol = PLAINTEXT
	ssl.trustmanager.algorithm = 
	authentication.method = NONE
	request.logger.name = io.confluent.rest-utils.requests
	ssl.key.password = 
	kafkastore.zk.session.timeout.ms = 30000
	kafkastore.sasl.mechanism = GSSAPI
	kafkastore.sasl.kerberos.ticket.renew.jitter = 0.05
	kafkastore.ssl.key.password = 
	zookeeper.set.acl = false
	authentication.roles = [*]
	metrics.num.samples = 2
	ssl.protocol = TLS
	kafkastore.ssl.keymanager.algorithm = SunX509
	kafkastore.connection.url = localhost:2181
	debug = false
	listeners = [http://0.0.0.0:8081]
	kafkastore.group.id = 
	ssl.provider = 
	ssl.enabled.protocols = []
	shutdown.graceful.ms = 1000
	ssl.keystore.location = 
	ssl.cipher.suites = []
	kafkastore.ssl.endpoint.identification.algorithm = 
	kafkastore.ssl.cipher.suites = 
	access.control.allow.methods = 
	kafkastore.sasl.kerberos.min.time.before.relogin = 60000
	ssl.keymanager.algorithm = 
	metrics.sample.window.ms = 30000
	kafkastore.init.timeout.ms = 60000
 (io.confluent.kafka.schemaregistry.rest.SchemaRegistryConfig)
[2017-11-25 16:58:12,621] INFO Initializing KafkaStore with broker endpoints: PLAINTEXT://octal:9092 (io.confluent.kafka.schemaregistry.storage.KafkaStore)
[2017-11-25 16:58:12,638] WARN The replication factor of the schema topic _schemas is less than the desired one of 3. If this is a production environment, it's crucial to add more brokers and increase the replication factor of the topic. (io.confluent.kafka.schemaregistry.storage.KafkaStore)
[2017-11-25 16:58:12,902] INFO Initialized last consumed offset to -1 (io.confluent.kafka.schemaregistry.storage.KafkaStoreReaderThread)
[2017-11-25 16:58:12,903] INFO [kafka-store-reader-thread-_schemas]: Starting (io.confluent.kafka.schemaregistry.storage.KafkaStoreReaderThread)
[2017-11-25 16:58:13,117] INFO Wait to catch up until the offset of the last message at 1 (io.confluent.kafka.schemaregistry.storage.KafkaStore)
[2017-11-25 16:58:13,166] INFO Created schema registry namespace localhost:2181/schema_registry (io.confluent.kafka.schemaregistry.storage.KafkaSchemaRegistry)
[2017-11-25 16:58:13,210] INFO Successfully elected the new master: {"host":"octal","port":8081,"master_eligibility":true,"version":1} (io.confluent.kafka.schemaregistry.zookeeper.ZookeeperMasterElector)
[2017-11-25 16:58:13,248] INFO Successfully elected the new master: {"host":"octal","port":8081,"master_eligibility":true,"version":1} (io.confluent.kafka.schemaregistry.zookeeper.ZookeeperMasterElector)
[2017-11-25 16:58:13,302] INFO Logging initialized @1757ms (org.eclipse.jetty.util.log)
[2017-11-25 16:58:13,367] INFO Adding listener: http://0.0.0.0:8081 (io.confluent.rest.Application)
[2017-11-25 16:58:13,477] INFO jetty-9.2.22.v20170606 (org.eclipse.jetty.server.Server)
[2017-11-25 16:58:14,876] INFO HV000001: Hibernate Validator 5.1.3.Final (org.hibernate.validator.internal.util.Version)
[2017-11-25 16:58:15,246] INFO Started o.e.j.s.ServletContextHandler@15c25153{/,null,AVAILABLE} (org.eclipse.jetty.server.handler.ContextHandler)
[2017-11-25 16:58:15,270] INFO Started NetworkTrafficServerConnector@40c80397{HTTP/1.1}{0.0.0.0:8081} (org.eclipse.jetty.server.NetworkTrafficServerConnector)
[2017-11-25 16:58:15,273] INFO Started @3729ms (org.eclipse.jetty.server.Server)
[2017-11-25 16:58:15,275] INFO Server started, listening for requests... (io.confluent.kafka.schemaregistry.rest.SchemaRegistryMain)
[2017-11-25 17:05:50,661] INFO Stopped NetworkTrafficServerConnector@40c80397{HTTP/1.1}{0.0.0.0:8081} (org.eclipse.jetty.server.NetworkTrafficServerConnector)
[2017-11-25 17:05:50,665] INFO Stopped o.e.j.s.ServletContextHandler@15c25153{/,null,UNAVAILABLE} (org.eclipse.jetty.server.handler.ContextHandler)
[2017-11-25 17:05:50,665] INFO Shutting down schema registry (io.confluent.kafka.schemaregistry.storage.KafkaSchemaRegistry)
[2017-11-25 17:05:50,666] INFO [kafka-store-reader-thread-_schemas]: Shutting down (io.confluent.kafka.schemaregistry.storage.KafkaStoreReaderThread)
[2017-11-25 17:05:50,667] INFO [kafka-store-reader-thread-_schemas]: Shutdown completed (io.confluent.kafka.schemaregistry.storage.KafkaStoreReaderThread)
[2017-11-25 17:05:50,667] INFO [kafka-store-reader-thread-_schemas]: Stopped (io.confluent.kafka.schemaregistry.storage.KafkaStoreReaderThread)
[2017-11-25 17:05:50,668] INFO KafkaStoreReaderThread shutdown complete. (io.confluent.kafka.schemaregistry.storage.KafkaStoreReaderThread)
[2017-11-26 15:17:50,127] INFO SchemaRegistryConfig values: 
	metric.reporters = []
	kafkastore.sasl.kerberos.kinit.cmd = /usr/bin/kinit
	response.mediatype.default = application/vnd.schemaregistry.v1+json
	kafkastore.ssl.trustmanager.algorithm = PKIX
	authentication.realm = 
	ssl.keystore.type = JKS
	kafkastore.topic = _schemas
	metrics.jmx.prefix = kafka.schema.registry
	kafkastore.ssl.enabled.protocols = TLSv1.2,TLSv1.1,TLSv1
	kafkastore.topic.replication.factor = 3
	ssl.truststore.password = 
	kafkastore.timeout.ms = 500
	host.name = octal
	kafkastore.bootstrap.servers = []
	schema.registry.zk.namespace = schema_registry
	kafkastore.sasl.kerberos.ticket.renew.window.factor = 0.8
	kafkastore.sasl.kerberos.service.name = 
	ssl.endpoint.identification.algorithm = 
	compression.enable = false
	kafkastore.ssl.truststore.type = JKS
	avro.compatibility.level = backward
	kafkastore.ssl.protocol = TLS
	kafkastore.ssl.provider = 
	kafkastore.ssl.truststore.location = 
	response.mediatype.preferred = [application/vnd.schemaregistry.v1+json, application/vnd.schemaregistry+json, application/json]
	kafkastore.ssl.keystore.type = JKS
	ssl.truststore.type = JKS
	kafkastore.ssl.truststore.password = 
	access.control.allow.origin = 
	ssl.truststore.location = 
	ssl.keystore.password = 
	port = 8081
	kafkastore.ssl.keystore.location = 
	master.eligibility = true
	ssl.client.auth = false
	kafkastore.ssl.keystore.password = 
	kafkastore.security.protocol = PLAINTEXT
	ssl.trustmanager.algorithm = 
	authentication.method = NONE
	request.logger.name = io.confluent.rest-utils.requests
	ssl.key.password = 
	kafkastore.zk.session.timeout.ms = 30000
	kafkastore.sasl.mechanism = GSSAPI
	kafkastore.sasl.kerberos.ticket.renew.jitter = 0.05
	kafkastore.ssl.key.password = 
	zookeeper.set.acl = false
	authentication.roles = [*]
	metrics.num.samples = 2
	ssl.protocol = TLS
	kafkastore.ssl.keymanager.algorithm = SunX509
	kafkastore.connection.url = localhost:2181
	debug = false
	listeners = [http://0.0.0.0:8081]
	kafkastore.group.id = 
	ssl.provider = 
	ssl.enabled.protocols = []
	shutdown.graceful.ms = 1000
	ssl.keystore.location = 
	ssl.cipher.suites = []
	kafkastore.ssl.endpoint.identification.algorithm = 
	kafkastore.ssl.cipher.suites = 
	access.control.allow.methods = 
	kafkastore.sasl.kerberos.min.time.before.relogin = 60000
	ssl.keymanager.algorithm = 
	metrics.sample.window.ms = 30000
	kafkastore.init.timeout.ms = 60000
 (io.confluent.kafka.schemaregistry.rest.SchemaRegistryConfig)
[2017-11-26 15:17:50,841] INFO Initializing KafkaStore with broker endpoints: PLAINTEXT://octal:9092 (io.confluent.kafka.schemaregistry.storage.KafkaStore)
[2017-11-26 15:17:50,862] WARN The replication factor of the schema topic _schemas is less than the desired one of 3. If this is a production environment, it's crucial to add more brokers and increase the replication factor of the topic. (io.confluent.kafka.schemaregistry.storage.KafkaStore)
[2017-11-26 15:17:51,126] INFO Initialized last consumed offset to -1 (io.confluent.kafka.schemaregistry.storage.KafkaStoreReaderThread)
[2017-11-26 15:17:51,126] INFO [kafka-store-reader-thread-_schemas]: Starting (io.confluent.kafka.schemaregistry.storage.KafkaStoreReaderThread)
[2017-11-26 15:17:51,304] INFO Wait to catch up until the offset of the last message at 2 (io.confluent.kafka.schemaregistry.storage.KafkaStore)
[2017-11-26 15:17:51,338] INFO Created schema registry namespace localhost:2181/schema_registry (io.confluent.kafka.schemaregistry.storage.KafkaSchemaRegistry)
[2017-11-26 15:17:51,378] INFO Successfully elected the new master: {"host":"octal","port":8081,"master_eligibility":true,"version":1} (io.confluent.kafka.schemaregistry.zookeeper.ZookeeperMasterElector)
[2017-11-26 15:17:51,389] INFO Successfully elected the new master: {"host":"octal","port":8081,"master_eligibility":true,"version":1} (io.confluent.kafka.schemaregistry.zookeeper.ZookeeperMasterElector)
[2017-11-26 15:17:51,427] INFO Logging initialized @1695ms (org.eclipse.jetty.util.log)
[2017-11-26 15:17:51,473] INFO Adding listener: http://0.0.0.0:8081 (io.confluent.rest.Application)
[2017-11-26 15:17:51,591] INFO jetty-9.2.22.v20170606 (org.eclipse.jetty.server.Server)
[2017-11-26 15:17:52,603] INFO HV000001: Hibernate Validator 5.1.3.Final (org.hibernate.validator.internal.util.Version)
[2017-11-26 15:17:52,860] INFO Started o.e.j.s.ServletContextHandler@1c80e49b{/,null,AVAILABLE} (org.eclipse.jetty.server.handler.ContextHandler)
[2017-11-26 15:17:52,886] INFO Started NetworkTrafficServerConnector@1fcb4808{HTTP/1.1}{0.0.0.0:8081} (org.eclipse.jetty.server.NetworkTrafficServerConnector)
[2017-11-26 15:17:52,887] INFO Started @3156ms (org.eclipse.jetty.server.Server)
[2017-11-26 15:17:52,892] INFO Server started, listening for requests... (io.confluent.kafka.schemaregistry.rest.SchemaRegistryMain)
[2017-11-26 15:18:48,166] INFO Stopped NetworkTrafficServerConnector@1fcb4808{HTTP/1.1}{0.0.0.0:8081} (org.eclipse.jetty.server.NetworkTrafficServerConnector)
[2017-11-26 15:18:48,173] INFO Stopped o.e.j.s.ServletContextHandler@1c80e49b{/,null,UNAVAILABLE} (org.eclipse.jetty.server.handler.ContextHandler)
[2017-11-26 15:18:48,176] INFO Shutting down schema registry (io.confluent.kafka.schemaregistry.storage.KafkaSchemaRegistry)
[2017-11-26 15:18:48,177] INFO [kafka-store-reader-thread-_schemas]: Shutting down (io.confluent.kafka.schemaregistry.storage.KafkaStoreReaderThread)
[2017-11-26 15:18:48,177] INFO [kafka-store-reader-thread-_schemas]: Stopped (io.confluent.kafka.schemaregistry.storage.KafkaStoreReaderThread)
[2017-11-26 15:18:48,178] INFO [kafka-store-reader-thread-_schemas]: Shutdown completed (io.confluent.kafka.schemaregistry.storage.KafkaStoreReaderThread)
[2017-11-26 15:18:48,180] INFO KafkaStoreReaderThread shutdown complete. (io.confluent.kafka.schemaregistry.storage.KafkaStoreReaderThread)
[2017-11-26 17:00:29,242] INFO SchemaRegistryConfig values: 
	metric.reporters = []
	kafkastore.sasl.kerberos.kinit.cmd = /usr/bin/kinit
	response.mediatype.default = application/vnd.schemaregistry.v1+json
	kafkastore.ssl.trustmanager.algorithm = PKIX
	authentication.realm = 
	ssl.keystore.type = JKS
	kafkastore.topic = _schemas
	metrics.jmx.prefix = kafka.schema.registry
	kafkastore.ssl.enabled.protocols = TLSv1.2,TLSv1.1,TLSv1
	kafkastore.topic.replication.factor = 3
	ssl.truststore.password = 
	kafkastore.timeout.ms = 500
	host.name = octal
	kafkastore.bootstrap.servers = []
	schema.registry.zk.namespace = schema_registry
	kafkastore.sasl.kerberos.ticket.renew.window.factor = 0.8
	kafkastore.sasl.kerberos.service.name = 
	ssl.endpoint.identification.algorithm = 
	compression.enable = false
	kafkastore.ssl.truststore.type = JKS
	avro.compatibility.level = backward
	kafkastore.ssl.protocol = TLS
	kafkastore.ssl.provider = 
	kafkastore.ssl.truststore.location = 
	response.mediatype.preferred = [application/vnd.schemaregistry.v1+json, application/vnd.schemaregistry+json, application/json]
	kafkastore.ssl.keystore.type = JKS
	ssl.truststore.type = JKS
	kafkastore.ssl.truststore.password = 
	access.control.allow.origin = 
	ssl.truststore.location = 
	ssl.keystore.password = 
	port = 8081
	kafkastore.ssl.keystore.location = 
	master.eligibility = true
	ssl.client.auth = false
	kafkastore.ssl.keystore.password = 
	kafkastore.security.protocol = PLAINTEXT
	ssl.trustmanager.algorithm = 
	authentication.method = NONE
	request.logger.name = io.confluent.rest-utils.requests
	ssl.key.password = 
	kafkastore.zk.session.timeout.ms = 30000
	kafkastore.sasl.mechanism = GSSAPI
	kafkastore.sasl.kerberos.ticket.renew.jitter = 0.05
	kafkastore.ssl.key.password = 
	zookeeper.set.acl = false
	authentication.roles = [*]
	metrics.num.samples = 2
	ssl.protocol = TLS
	kafkastore.ssl.keymanager.algorithm = SunX509
	kafkastore.connection.url = localhost:2181
	debug = false
	listeners = [http://0.0.0.0:8081]
	kafkastore.group.id = 
	ssl.provider = 
	ssl.enabled.protocols = []
	shutdown.graceful.ms = 1000
	ssl.keystore.location = 
	ssl.cipher.suites = []
	kafkastore.ssl.endpoint.identification.algorithm = 
	kafkastore.ssl.cipher.suites = 
	access.control.allow.methods = 
	kafkastore.sasl.kerberos.min.time.before.relogin = 60000
	ssl.keymanager.algorithm = 
	metrics.sample.window.ms = 30000
	kafkastore.init.timeout.ms = 60000
 (io.confluent.kafka.schemaregistry.rest.SchemaRegistryConfig)
[2017-11-26 17:00:30,064] INFO Initializing KafkaStore with broker endpoints: PLAINTEXT://octal:9092 (io.confluent.kafka.schemaregistry.storage.KafkaStore)
[2017-11-26 17:00:30,090] WARN The replication factor of the schema topic _schemas is less than the desired one of 3. If this is a production environment, it's crucial to add more brokers and increase the replication factor of the topic. (io.confluent.kafka.schemaregistry.storage.KafkaStore)
[2017-11-26 17:00:30,369] INFO Initialized last consumed offset to -1 (io.confluent.kafka.schemaregistry.storage.KafkaStoreReaderThread)
[2017-11-26 17:00:30,370] INFO [kafka-store-reader-thread-_schemas]: Starting (io.confluent.kafka.schemaregistry.storage.KafkaStoreReaderThread)
[2017-11-26 17:00:30,595] INFO Wait to catch up until the offset of the last message at 3 (io.confluent.kafka.schemaregistry.storage.KafkaStore)
[2017-11-26 17:00:30,629] INFO Created schema registry namespace localhost:2181/schema_registry (io.confluent.kafka.schemaregistry.storage.KafkaSchemaRegistry)
[2017-11-26 17:00:30,677] INFO Successfully elected the new master: {"host":"octal","port":8081,"master_eligibility":true,"version":1} (io.confluent.kafka.schemaregistry.zookeeper.ZookeeperMasterElector)
[2017-11-26 17:00:30,696] INFO Successfully elected the new master: {"host":"octal","port":8081,"master_eligibility":true,"version":1} (io.confluent.kafka.schemaregistry.zookeeper.ZookeeperMasterElector)
[2017-11-26 17:00:30,748] INFO Logging initialized @1922ms (org.eclipse.jetty.util.log)
[2017-11-26 17:00:30,837] INFO Adding listener: http://0.0.0.0:8081 (io.confluent.rest.Application)
[2017-11-26 17:00:30,953] INFO jetty-9.2.22.v20170606 (org.eclipse.jetty.server.Server)
[2017-11-26 17:00:31,976] INFO HV000001: Hibernate Validator 5.1.3.Final (org.hibernate.validator.internal.util.Version)
[2017-11-26 17:00:32,209] INFO Started o.e.j.s.ServletContextHandler@5b64c4b7{/,null,AVAILABLE} (org.eclipse.jetty.server.handler.ContextHandler)
[2017-11-26 17:00:32,225] INFO Started NetworkTrafficServerConnector@75e91545{HTTP/1.1}{0.0.0.0:8081} (org.eclipse.jetty.server.NetworkTrafficServerConnector)
[2017-11-26 17:00:32,243] INFO Started @3402ms (org.eclipse.jetty.server.Server)
[2017-11-26 17:00:32,245] INFO Server started, listening for requests... (io.confluent.kafka.schemaregistry.rest.SchemaRegistryMain)
[2017-11-26 17:02:30,235] INFO Stopped NetworkTrafficServerConnector@75e91545{HTTP/1.1}{0.0.0.0:8081} (org.eclipse.jetty.server.NetworkTrafficServerConnector)
[2017-11-26 17:02:30,241] INFO Stopped o.e.j.s.ServletContextHandler@5b64c4b7{/,null,UNAVAILABLE} (org.eclipse.jetty.server.handler.ContextHandler)
[2017-11-26 17:02:30,242] INFO Shutting down schema registry (io.confluent.kafka.schemaregistry.storage.KafkaSchemaRegistry)
[2017-11-26 17:02:30,243] INFO [kafka-store-reader-thread-_schemas]: Shutting down (io.confluent.kafka.schemaregistry.storage.KafkaStoreReaderThread)
[2017-11-26 17:02:30,244] INFO [kafka-store-reader-thread-_schemas]: Shutdown completed (io.confluent.kafka.schemaregistry.storage.KafkaStoreReaderThread)
[2017-11-26 17:02:30,244] INFO [kafka-store-reader-thread-_schemas]: Stopped (io.confluent.kafka.schemaregistry.storage.KafkaStoreReaderThread)
[2017-11-26 17:02:30,247] INFO KafkaStoreReaderThread shutdown complete. (io.confluent.kafka.schemaregistry.storage.KafkaStoreReaderThread)
[2017-11-26 17:04:02,706] INFO SchemaRegistryConfig values: 
	metric.reporters = []
	kafkastore.sasl.kerberos.kinit.cmd = /usr/bin/kinit
	response.mediatype.default = application/vnd.schemaregistry.v1+json
	kafkastore.ssl.trustmanager.algorithm = PKIX
	authentication.realm = 
	ssl.keystore.type = JKS
	kafkastore.topic = _schemas
	metrics.jmx.prefix = kafka.schema.registry
	kafkastore.ssl.enabled.protocols = TLSv1.2,TLSv1.1,TLSv1
	kafkastore.topic.replication.factor = 3
	ssl.truststore.password = 
	kafkastore.timeout.ms = 500
	host.name = octal
	kafkastore.bootstrap.servers = []
	schema.registry.zk.namespace = schema_registry
	kafkastore.sasl.kerberos.ticket.renew.window.factor = 0.8
	kafkastore.sasl.kerberos.service.name = 
	ssl.endpoint.identification.algorithm = 
	compression.enable = false
	kafkastore.ssl.truststore.type = JKS
	avro.compatibility.level = backward
	kafkastore.ssl.protocol = TLS
	kafkastore.ssl.provider = 
	kafkastore.ssl.truststore.location = 
	response.mediatype.preferred = [application/vnd.schemaregistry.v1+json, application/vnd.schemaregistry+json, application/json]
	kafkastore.ssl.keystore.type = JKS
	ssl.truststore.type = JKS
	kafkastore.ssl.truststore.password = 
	access.control.allow.origin = 
	ssl.truststore.location = 
	ssl.keystore.password = 
	port = 8081
	kafkastore.ssl.keystore.location = 
	master.eligibility = true
	ssl.client.auth = false
	kafkastore.ssl.keystore.password = 
	kafkastore.security.protocol = PLAINTEXT
	ssl.trustmanager.algorithm = 
	authentication.method = NONE
	request.logger.name = io.confluent.rest-utils.requests
	ssl.key.password = 
	kafkastore.zk.session.timeout.ms = 30000
	kafkastore.sasl.mechanism = GSSAPI
	kafkastore.sasl.kerberos.ticket.renew.jitter = 0.05
	kafkastore.ssl.key.password = 
	zookeeper.set.acl = false
	authentication.roles = [*]
	metrics.num.samples = 2
	ssl.protocol = TLS
	kafkastore.ssl.keymanager.algorithm = SunX509
	kafkastore.connection.url = localhost:2181
	debug = false
	listeners = [http://0.0.0.0:8081]
	kafkastore.group.id = 
	ssl.provider = 
	ssl.enabled.protocols = []
	shutdown.graceful.ms = 1000
	ssl.keystore.location = 
	ssl.cipher.suites = []
	kafkastore.ssl.endpoint.identification.algorithm = 
	kafkastore.ssl.cipher.suites = 
	access.control.allow.methods = 
	kafkastore.sasl.kerberos.min.time.before.relogin = 60000
	ssl.keymanager.algorithm = 
	metrics.sample.window.ms = 30000
	kafkastore.init.timeout.ms = 60000
 (io.confluent.kafka.schemaregistry.rest.SchemaRegistryConfig)
[2017-11-26 17:04:03,361] INFO Initializing KafkaStore with broker endpoints: PLAINTEXT://octal:9092 (io.confluent.kafka.schemaregistry.storage.KafkaStore)
[2017-11-26 17:04:03,397] WARN The replication factor of the schema topic _schemas is less than the desired one of 3. If this is a production environment, it's crucial to add more brokers and increase the replication factor of the topic. (io.confluent.kafka.schemaregistry.storage.KafkaStore)
[2017-11-26 17:04:03,676] INFO Initialized last consumed offset to -1 (io.confluent.kafka.schemaregistry.storage.KafkaStoreReaderThread)
[2017-11-26 17:04:03,676] INFO [kafka-store-reader-thread-_schemas]: Starting (io.confluent.kafka.schemaregistry.storage.KafkaStoreReaderThread)
[2017-11-26 17:04:03,872] INFO Wait to catch up until the offset of the last message at 4 (io.confluent.kafka.schemaregistry.storage.KafkaStore)
[2017-11-26 17:04:03,904] INFO Created schema registry namespace localhost:2181/schema_registry (io.confluent.kafka.schemaregistry.storage.KafkaSchemaRegistry)
[2017-11-26 17:04:03,932] INFO Successfully elected the new master: {"host":"octal","port":8081,"master_eligibility":true,"version":1} (io.confluent.kafka.schemaregistry.zookeeper.ZookeeperMasterElector)
[2017-11-26 17:04:03,938] INFO Successfully elected the new master: {"host":"octal","port":8081,"master_eligibility":true,"version":1} (io.confluent.kafka.schemaregistry.zookeeper.ZookeeperMasterElector)
[2017-11-26 17:04:03,989] INFO Logging initialized @1655ms (org.eclipse.jetty.util.log)
[2017-11-26 17:04:04,037] INFO Adding listener: http://0.0.0.0:8081 (io.confluent.rest.Application)
[2017-11-26 17:04:04,140] INFO jetty-9.2.22.v20170606 (org.eclipse.jetty.server.Server)
[2017-11-26 17:04:05,282] INFO HV000001: Hibernate Validator 5.1.3.Final (org.hibernate.validator.internal.util.Version)
[2017-11-26 17:04:05,500] INFO Started o.e.j.s.ServletContextHandler@5b64c4b7{/,null,AVAILABLE} (org.eclipse.jetty.server.handler.ContextHandler)
[2017-11-26 17:04:05,514] INFO Started NetworkTrafficServerConnector@75e91545{HTTP/1.1}{0.0.0.0:8081} (org.eclipse.jetty.server.NetworkTrafficServerConnector)
[2017-11-26 17:04:05,516] INFO Started @3182ms (org.eclipse.jetty.server.Server)
[2017-11-26 17:04:05,517] INFO Server started, listening for requests... (io.confluent.kafka.schemaregistry.rest.SchemaRegistryMain)
[2017-11-26 17:04:38,252] INFO Wait to catch up until the offset of the last message at 5 (io.confluent.kafka.schemaregistry.storage.KafkaStore)
[2017-11-26 17:04:38,311] INFO 127.0.0.1 - - [26/Nov/2017:17:04:37 -0500] "POST /subjects/test-sql-jdbc--value/versions HTTP/1.1" 200 9  357 (io.confluent.rest-utils.requests)
[2017-11-26 17:15:04,015] INFO 127.0.0.1 - - [26/Nov/2017:17:15:03 -0500] "GET /schemas/ids/81 HTTP/1.1" 200 10521  18 (io.confluent.rest-utils.requests)
[2017-11-26 17:40:06,184] INFO Successfully elected the new master: {"host":"octal","port":8081,"master_eligibility":true,"version":1} (io.confluent.kafka.schemaregistry.zookeeper.ZookeeperMasterElector)
[2017-11-26 17:40:06,199] INFO Successfully elected the new master: {"host":"octal","port":8081,"master_eligibility":true,"version":1} (io.confluent.kafka.schemaregistry.zookeeper.ZookeeperMasterElector)
[2017-11-27 12:44:12,719] INFO 127.0.0.1 - - [27/Nov/2017:12:44:12 -0500] "POST /subjects/test-sql-jdbc--value/versions HTTP/1.1" 200 9  30 (io.confluent.rest-utils.requests)
[2017-11-27 13:02:05,723] INFO 127.0.0.1 - - [27/Nov/2017:13:02:05 -0500] "GET /schemas/ids/81 HTTP/1.1" 200 10521  6 (io.confluent.rest-utils.requests)
[2017-11-27 13:07:04,958] INFO 127.0.0.1 - - [27/Nov/2017:13:07:04 -0500] "GET /schemas/ids/81 HTTP/1.1" 200 10521  6 (io.confluent.rest-utils.requests)
[2017-11-27 13:09:24,381] INFO Wait to catch up until the offset of the last message at 6 (io.confluent.kafka.schemaregistry.storage.KafkaStore)
[2017-11-27 13:09:24,425] INFO 127.0.0.1 - - [27/Nov/2017:13:09:24 -0500] "POST /subjects/test-sql-jdbc--value/versions HTTP/1.1" 200 9  47 (io.confluent.rest-utils.requests)
[2017-11-27 13:10:00,542] INFO 127.0.0.1 - - [27/Nov/2017:13:10:00 -0500] "GET /schemas/ids/82 HTTP/1.1" 200 163  3 (io.confluent.rest-utils.requests)
[2017-11-27 13:19:57,757] INFO Wait to catch up until the offset of the last message at 7 (io.confluent.kafka.schemaregistry.storage.KafkaStore)
[2017-11-27 13:19:57,789] INFO 127.0.0.1 - - [27/Nov/2017:13:19:57 -0500] "POST /subjects/test-sql-jdbc--value/versions HTTP/1.1" 200 9  35 (io.confluent.rest-utils.requests)
[2017-11-27 13:20:27,870] INFO 127.0.0.1 - - [27/Nov/2017:13:20:27 -0500] "GET /schemas/ids/81 HTTP/1.1" 200 10521  3 (io.confluent.rest-utils.requests)
[2017-11-27 13:36:15,214] INFO Wait to catch up until the offset of the last message at 8 (io.confluent.kafka.schemaregistry.storage.KafkaStore)
[2017-11-27 13:36:15,227] INFO 127.0.0.1 - - [27/Nov/2017:13:36:15 -0500] "POST /subjects/test-sql-jdbc-time--value/versions HTTP/1.1" 200 9  16 (io.confluent.rest-utils.requests)
[2017-11-27 13:36:15,365] INFO 127.0.0.1 - - [27/Nov/2017:13:36:15 -0500] "GET /schemas/ids/83 HTTP/1.1" 200 364  3 (io.confluent.rest-utils.requests)
[2017-11-27 13:50:28,637] INFO Successfully elected the new master: {"host":"octal","port":8081,"master_eligibility":true,"version":1} (io.confluent.kafka.schemaregistry.zookeeper.ZookeeperMasterElector)
[2017-11-27 13:50:28,639] INFO Successfully elected the new master: {"host":"octal","port":8081,"master_eligibility":true,"version":1} (io.confluent.kafka.schemaregistry.zookeeper.ZookeeperMasterElector)
[2017-11-27 15:32:19,407] INFO Successfully elected the new master: {"host":"octal","port":8081,"master_eligibility":true,"version":1} (io.confluent.kafka.schemaregistry.zookeeper.ZookeeperMasterElector)
[2017-11-27 15:32:19,410] INFO Successfully elected the new master: {"host":"octal","port":8081,"master_eligibility":true,"version":1} (io.confluent.kafka.schemaregistry.zookeeper.ZookeeperMasterElector)
[2017-11-27 15:36:58,978] INFO Successfully elected the new master: {"host":"octal","port":8081,"master_eligibility":true,"version":1} (io.confluent.kafka.schemaregistry.zookeeper.ZookeeperMasterElector)
[2017-11-27 15:36:58,980] INFO Successfully elected the new master: {"host":"octal","port":8081,"master_eligibility":true,"version":1} (io.confluent.kafka.schemaregistry.zookeeper.ZookeeperMasterElector)
[2017-11-27 18:08:49,592] INFO Successfully elected the new master: {"host":"octal","port":8081,"master_eligibility":true,"version":1} (io.confluent.kafka.schemaregistry.zookeeper.ZookeeperMasterElector)
[2017-11-27 18:08:49,601] INFO Successfully elected the new master: {"host":"octal","port":8081,"master_eligibility":true,"version":1} (io.confluent.kafka.schemaregistry.zookeeper.ZookeeperMasterElector)
[2017-11-27 22:02:56,659] INFO Stopped NetworkTrafficServerConnector@75e91545{HTTP/1.1}{0.0.0.0:8081} (org.eclipse.jetty.server.NetworkTrafficServerConnector)
[2017-11-27 22:02:56,693] INFO Stopped o.e.j.s.ServletContextHandler@5b64c4b7{/,null,UNAVAILABLE} (org.eclipse.jetty.server.handler.ContextHandler)
[2017-11-27 22:02:56,696] INFO Shutting down schema registry (io.confluent.kafka.schemaregistry.storage.KafkaSchemaRegistry)
[2017-11-27 22:02:56,697] INFO [kafka-store-reader-thread-_schemas]: Shutting down (io.confluent.kafka.schemaregistry.storage.KafkaStoreReaderThread)
[2017-11-27 22:02:56,699] INFO [kafka-store-reader-thread-_schemas]: Stopped (io.confluent.kafka.schemaregistry.storage.KafkaStoreReaderThread)
[2017-11-27 22:02:56,699] INFO [kafka-store-reader-thread-_schemas]: Shutdown completed (io.confluent.kafka.schemaregistry.storage.KafkaStoreReaderThread)
[2017-11-27 22:02:56,701] INFO KafkaStoreReaderThread shutdown complete. (io.confluent.kafka.schemaregistry.storage.KafkaStoreReaderThread)
[2017-11-29 12:23:47,937] INFO SchemaRegistryConfig values: 
	metric.reporters = []
	kafkastore.sasl.kerberos.kinit.cmd = /usr/bin/kinit
	response.mediatype.default = application/vnd.schemaregistry.v1+json
	kafkastore.ssl.trustmanager.algorithm = PKIX
	authentication.realm = 
	ssl.keystore.type = JKS
	kafkastore.topic = _schemas
	metrics.jmx.prefix = kafka.schema.registry
	kafkastore.ssl.enabled.protocols = TLSv1.2,TLSv1.1,TLSv1
	kafkastore.topic.replication.factor = 3
	ssl.truststore.password = 
	kafkastore.timeout.ms = 500
	host.name = octal
	kafkastore.bootstrap.servers = []
	schema.registry.zk.namespace = schema_registry
	kafkastore.sasl.kerberos.ticket.renew.window.factor = 0.8
	kafkastore.sasl.kerberos.service.name = 
	ssl.endpoint.identification.algorithm = 
	compression.enable = false
	kafkastore.ssl.truststore.type = JKS
	avro.compatibility.level = backward
	kafkastore.ssl.protocol = TLS
	kafkastore.ssl.provider = 
	kafkastore.ssl.truststore.location = 
	response.mediatype.preferred = [application/vnd.schemaregistry.v1+json, application/vnd.schemaregistry+json, application/json]
	kafkastore.ssl.keystore.type = JKS
	ssl.truststore.type = JKS
	kafkastore.ssl.truststore.password = 
	access.control.allow.origin = 
	ssl.truststore.location = 
	ssl.keystore.password = 
	port = 8081
	kafkastore.ssl.keystore.location = 
	master.eligibility = true
	ssl.client.auth = false
	kafkastore.ssl.keystore.password = 
	kafkastore.security.protocol = PLAINTEXT
	ssl.trustmanager.algorithm = 
	authentication.method = NONE
	request.logger.name = io.confluent.rest-utils.requests
	ssl.key.password = 
	kafkastore.zk.session.timeout.ms = 30000
	kafkastore.sasl.mechanism = GSSAPI
	kafkastore.sasl.kerberos.ticket.renew.jitter = 0.05
	kafkastore.ssl.key.password = 
	zookeeper.set.acl = false
	authentication.roles = [*]
	metrics.num.samples = 2
	ssl.protocol = TLS
	kafkastore.ssl.keymanager.algorithm = SunX509
	kafkastore.connection.url = localhost:2181
	debug = false
	listeners = [http://0.0.0.0:8081]
	kafkastore.group.id = 
	ssl.provider = 
	ssl.enabled.protocols = []
	shutdown.graceful.ms = 1000
	ssl.keystore.location = 
	ssl.cipher.suites = []
	kafkastore.ssl.endpoint.identification.algorithm = 
	kafkastore.ssl.cipher.suites = 
	access.control.allow.methods = 
	kafkastore.sasl.kerberos.min.time.before.relogin = 60000
	ssl.keymanager.algorithm = 
	metrics.sample.window.ms = 30000
	kafkastore.init.timeout.ms = 60000
 (io.confluent.kafka.schemaregistry.rest.SchemaRegistryConfig)
[2017-11-29 12:23:48,610] INFO Initializing KafkaStore with broker endpoints: PLAINTEXT://octal:9092 (io.confluent.kafka.schemaregistry.storage.KafkaStore)
[2017-11-29 12:23:48,626] WARN Creating the schema topic _schemas using a replication factor of 1, which is less than the desired one of 3. If this is a production environment, it's crucial to add more brokers and increase the replication factor of the topic. (io.confluent.kafka.schemaregistry.storage.KafkaStore)
[2017-11-29 12:23:48,973] INFO Initialized last consumed offset to -1 (io.confluent.kafka.schemaregistry.storage.KafkaStoreReaderThread)
[2017-11-29 12:23:48,974] INFO [kafka-store-reader-thread-_schemas]: Starting (io.confluent.kafka.schemaregistry.storage.KafkaStoreReaderThread)
[2017-11-29 12:23:49,120] INFO Wait to catch up until the offset of the last message at 0 (io.confluent.kafka.schemaregistry.storage.KafkaStore)
[2017-11-29 12:23:49,168] INFO Created schema registry namespace localhost:2181/schema_registry (io.confluent.kafka.schemaregistry.storage.KafkaSchemaRegistry)
[2017-11-29 12:23:49,185] INFO Successfully elected the new master: {"host":"octal","port":8081,"master_eligibility":true,"version":1} (io.confluent.kafka.schemaregistry.zookeeper.ZookeeperMasterElector)
[2017-11-29 12:23:49,190] INFO Successfully elected the new master: {"host":"octal","port":8081,"master_eligibility":true,"version":1} (io.confluent.kafka.schemaregistry.zookeeper.ZookeeperMasterElector)
[2017-11-29 12:23:49,223] INFO Logging initialized @1663ms (org.eclipse.jetty.util.log)
[2017-11-29 12:23:49,269] INFO Adding listener: http://0.0.0.0:8081 (io.confluent.rest.Application)
[2017-11-29 12:23:49,348] INFO jetty-9.2.22.v20170606 (org.eclipse.jetty.server.Server)
[2017-11-29 12:23:50,188] INFO HV000001: Hibernate Validator 5.1.3.Final (org.hibernate.validator.internal.util.Version)
[2017-11-29 12:23:50,356] INFO Started o.e.j.s.ServletContextHandler@1cd201a8{/,null,AVAILABLE} (org.eclipse.jetty.server.handler.ContextHandler)
[2017-11-29 12:23:50,369] INFO Started NetworkTrafficServerConnector@5b057c8c{HTTP/1.1}{0.0.0.0:8081} (org.eclipse.jetty.server.NetworkTrafficServerConnector)
[2017-11-29 12:23:50,370] INFO Started @2812ms (org.eclipse.jetty.server.Server)
[2017-11-29 12:23:50,371] INFO Server started, listening for requests... (io.confluent.kafka.schemaregistry.rest.SchemaRegistryMain)
[2017-11-29 12:28:33,430] INFO Wait to catch up until the offset of the last message at 1 (io.confluent.kafka.schemaregistry.storage.KafkaStore)
[2017-11-29 12:28:33,473] INFO 127.0.0.1 - - [29/Nov/2017:12:28:33 -0500] "POST /subjects/test-sql-jdbc-time--value/versions HTTP/1.1" 200 8  311 (io.confluent.rest-utils.requests)
[2017-11-29 12:29:29,143] INFO 127.0.0.1 - - [29/Nov/2017:12:29:29 -0500] "GET /schemas/ids/1 HTTP/1.1" 200 364  7 (io.confluent.rest-utils.requests)
[2017-11-29 12:41:55,711] INFO Stopped NetworkTrafficServerConnector@5b057c8c{HTTP/1.1}{0.0.0.0:8081} (org.eclipse.jetty.server.NetworkTrafficServerConnector)
[2017-11-29 12:41:55,715] INFO Stopped o.e.j.s.ServletContextHandler@1cd201a8{/,null,UNAVAILABLE} (org.eclipse.jetty.server.handler.ContextHandler)
[2017-11-29 12:41:55,717] INFO Shutting down schema registry (io.confluent.kafka.schemaregistry.storage.KafkaSchemaRegistry)
[2017-11-29 12:41:55,717] INFO [kafka-store-reader-thread-_schemas]: Shutting down (io.confluent.kafka.schemaregistry.storage.KafkaStoreReaderThread)
[2017-11-29 12:41:55,718] INFO [kafka-store-reader-thread-_schemas]: Stopped (io.confluent.kafka.schemaregistry.storage.KafkaStoreReaderThread)
[2017-11-29 12:41:55,718] INFO [kafka-store-reader-thread-_schemas]: Shutdown completed (io.confluent.kafka.schemaregistry.storage.KafkaStoreReaderThread)
[2017-11-29 12:41:55,720] INFO KafkaStoreReaderThread shutdown complete. (io.confluent.kafka.schemaregistry.storage.KafkaStoreReaderThread)
[2017-11-29 12:49:59,688] INFO SchemaRegistryConfig values: 
	metric.reporters = []
	kafkastore.sasl.kerberos.kinit.cmd = /usr/bin/kinit
	response.mediatype.default = application/vnd.schemaregistry.v1+json
	kafkastore.ssl.trustmanager.algorithm = PKIX
	authentication.realm = 
	ssl.keystore.type = JKS
	kafkastore.topic = _schemas
	metrics.jmx.prefix = kafka.schema.registry
	kafkastore.ssl.enabled.protocols = TLSv1.2,TLSv1.1,TLSv1
	kafkastore.topic.replication.factor = 3
	ssl.truststore.password = 
	kafkastore.timeout.ms = 500
	host.name = octal
	kafkastore.bootstrap.servers = []
	schema.registry.zk.namespace = schema_registry
	kafkastore.sasl.kerberos.ticket.renew.window.factor = 0.8
	kafkastore.sasl.kerberos.service.name = 
	ssl.endpoint.identification.algorithm = 
	compression.enable = false
	kafkastore.ssl.truststore.type = JKS
	avro.compatibility.level = backward
	kafkastore.ssl.protocol = TLS
	kafkastore.ssl.provider = 
	kafkastore.ssl.truststore.location = 
	response.mediatype.preferred = [application/vnd.schemaregistry.v1+json, application/vnd.schemaregistry+json, application/json]
	kafkastore.ssl.keystore.type = JKS
	ssl.truststore.type = JKS
	kafkastore.ssl.truststore.password = 
	access.control.allow.origin = 
	ssl.truststore.location = 
	ssl.keystore.password = 
	port = 8081
	kafkastore.ssl.keystore.location = 
	master.eligibility = true
	ssl.client.auth = false
	kafkastore.ssl.keystore.password = 
	kafkastore.security.protocol = PLAINTEXT
	ssl.trustmanager.algorithm = 
	authentication.method = NONE
	request.logger.name = io.confluent.rest-utils.requests
	ssl.key.password = 
	kafkastore.zk.session.timeout.ms = 30000
	kafkastore.sasl.mechanism = GSSAPI
	kafkastore.sasl.kerberos.ticket.renew.jitter = 0.05
	kafkastore.ssl.key.password = 
	zookeeper.set.acl = false
	authentication.roles = [*]
	metrics.num.samples = 2
	ssl.protocol = TLS
	kafkastore.ssl.keymanager.algorithm = SunX509
	kafkastore.connection.url = localhost:2181
	debug = false
	listeners = [http://0.0.0.0:8081]
	kafkastore.group.id = 
	ssl.provider = 
	ssl.enabled.protocols = []
	shutdown.graceful.ms = 1000
	ssl.keystore.location = 
	ssl.cipher.suites = []
	kafkastore.ssl.endpoint.identification.algorithm = 
	kafkastore.ssl.cipher.suites = 
	access.control.allow.methods = 
	kafkastore.sasl.kerberos.min.time.before.relogin = 60000
	ssl.keymanager.algorithm = 
	metrics.sample.window.ms = 30000
	kafkastore.init.timeout.ms = 60000
 (io.confluent.kafka.schemaregistry.rest.SchemaRegistryConfig)
[2017-11-29 12:50:00,405] INFO Initializing KafkaStore with broker endpoints: PLAINTEXT://octal:9092 (io.confluent.kafka.schemaregistry.storage.KafkaStore)
[2017-11-29 12:50:00,427] WARN The replication factor of the schema topic _schemas is less than the desired one of 3. If this is a production environment, it's crucial to add more brokers and increase the replication factor of the topic. (io.confluent.kafka.schemaregistry.storage.KafkaStore)
[2017-11-29 12:50:00,696] INFO Initialized last consumed offset to -1 (io.confluent.kafka.schemaregistry.storage.KafkaStoreReaderThread)
[2017-11-29 12:50:00,697] INFO [kafka-store-reader-thread-_schemas]: Starting (io.confluent.kafka.schemaregistry.storage.KafkaStoreReaderThread)
[2017-11-29 12:50:00,934] INFO Wait to catch up until the offset of the last message at 3 (io.confluent.kafka.schemaregistry.storage.KafkaStore)
[2017-11-29 12:50:00,957] INFO Created schema registry namespace localhost:2181/schema_registry (io.confluent.kafka.schemaregistry.storage.KafkaSchemaRegistry)
[2017-11-29 12:50:00,989] INFO Successfully elected the new master: {"host":"octal","port":8081,"master_eligibility":true,"version":1} (io.confluent.kafka.schemaregistry.zookeeper.ZookeeperMasterElector)
[2017-11-29 12:50:00,998] INFO Successfully elected the new master: {"host":"octal","port":8081,"master_eligibility":true,"version":1} (io.confluent.kafka.schemaregistry.zookeeper.ZookeeperMasterElector)
[2017-11-29 12:50:01,099] INFO Logging initialized @1842ms (org.eclipse.jetty.util.log)
[2017-11-29 12:50:01,187] INFO Adding listener: http://0.0.0.0:8081 (io.confluent.rest.Application)
[2017-11-29 12:50:01,359] INFO jetty-9.2.22.v20170606 (org.eclipse.jetty.server.Server)
[2017-11-29 12:50:02,673] INFO HV000001: Hibernate Validator 5.1.3.Final (org.hibernate.validator.internal.util.Version)
[2017-11-29 12:50:02,873] INFO Started o.e.j.s.ServletContextHandler@5b64c4b7{/,null,AVAILABLE} (org.eclipse.jetty.server.handler.ContextHandler)
[2017-11-29 12:50:02,888] INFO Started NetworkTrafficServerConnector@75e91545{HTTP/1.1}{0.0.0.0:8081} (org.eclipse.jetty.server.NetworkTrafficServerConnector)
[2017-11-29 12:50:02,889] INFO Started @3633ms (org.eclipse.jetty.server.Server)
[2017-11-29 12:50:02,890] INFO Server started, listening for requests... (io.confluent.kafka.schemaregistry.rest.SchemaRegistryMain)
[2017-11-29 12:52:39,336] INFO Wait to catch up until the offset of the last message at 4 (io.confluent.kafka.schemaregistry.storage.KafkaStore)
[2017-11-29 12:52:39,362] INFO 127.0.0.1 - - [29/Nov/2017:12:52:39 -0500] "POST /subjects/sql-jdbc-demo--value/versions HTTP/1.1" 200 8  309 (io.confluent.rest-utils.requests)
[2017-11-29 12:52:39,532] INFO 127.0.0.1 - - [29/Nov/2017:12:52:39 -0500] "GET /schemas/ids/1 HTTP/1.1" 200 364  6 (io.confluent.rest-utils.requests)
[2017-11-29 12:53:39,290] INFO Stopped NetworkTrafficServerConnector@75e91545{HTTP/1.1}{0.0.0.0:8081} (org.eclipse.jetty.server.NetworkTrafficServerConnector)
[2017-11-29 12:53:39,293] INFO Stopped o.e.j.s.ServletContextHandler@5b64c4b7{/,null,UNAVAILABLE} (org.eclipse.jetty.server.handler.ContextHandler)
[2017-11-29 12:53:39,296] INFO Shutting down schema registry (io.confluent.kafka.schemaregistry.storage.KafkaSchemaRegistry)
[2017-11-29 12:53:39,296] INFO [kafka-store-reader-thread-_schemas]: Shutting down (io.confluent.kafka.schemaregistry.storage.KafkaStoreReaderThread)
[2017-11-29 12:53:39,297] INFO [kafka-store-reader-thread-_schemas]: Stopped (io.confluent.kafka.schemaregistry.storage.KafkaStoreReaderThread)
[2017-11-29 12:53:39,297] INFO [kafka-store-reader-thread-_schemas]: Shutdown completed (io.confluent.kafka.schemaregistry.storage.KafkaStoreReaderThread)
[2017-11-29 12:53:39,299] INFO KafkaStoreReaderThread shutdown complete. (io.confluent.kafka.schemaregistry.storage.KafkaStoreReaderThread)
[2017-11-29 12:54:52,331] INFO SchemaRegistryConfig values: 
	metric.reporters = []
	kafkastore.sasl.kerberos.kinit.cmd = /usr/bin/kinit
	response.mediatype.default = application/vnd.schemaregistry.v1+json
	kafkastore.ssl.trustmanager.algorithm = PKIX
	authentication.realm = 
	ssl.keystore.type = JKS
	kafkastore.topic = _schemas
	metrics.jmx.prefix = kafka.schema.registry
	kafkastore.ssl.enabled.protocols = TLSv1.2,TLSv1.1,TLSv1
	kafkastore.topic.replication.factor = 3
	ssl.truststore.password = 
	kafkastore.timeout.ms = 500
	host.name = octal
	kafkastore.bootstrap.servers = []
	schema.registry.zk.namespace = schema_registry
	kafkastore.sasl.kerberos.ticket.renew.window.factor = 0.8
	kafkastore.sasl.kerberos.service.name = 
	ssl.endpoint.identification.algorithm = 
	compression.enable = false
	kafkastore.ssl.truststore.type = JKS
	avro.compatibility.level = backward
	kafkastore.ssl.protocol = TLS
	kafkastore.ssl.provider = 
	kafkastore.ssl.truststore.location = 
	response.mediatype.preferred = [application/vnd.schemaregistry.v1+json, application/vnd.schemaregistry+json, application/json]
	kafkastore.ssl.keystore.type = JKS
	ssl.truststore.type = JKS
	kafkastore.ssl.truststore.password = 
	access.control.allow.origin = 
	ssl.truststore.location = 
	ssl.keystore.password = 
	port = 8081
	kafkastore.ssl.keystore.location = 
	master.eligibility = true
	ssl.client.auth = false
	kafkastore.ssl.keystore.password = 
	kafkastore.security.protocol = PLAINTEXT
	ssl.trustmanager.algorithm = 
	authentication.method = NONE
	request.logger.name = io.confluent.rest-utils.requests
	ssl.key.password = 
	kafkastore.zk.session.timeout.ms = 30000
	kafkastore.sasl.mechanism = GSSAPI
	kafkastore.sasl.kerberos.ticket.renew.jitter = 0.05
	kafkastore.ssl.key.password = 
	zookeeper.set.acl = false
	authentication.roles = [*]
	metrics.num.samples = 2
	ssl.protocol = TLS
	kafkastore.ssl.keymanager.algorithm = SunX509
	kafkastore.connection.url = localhost:2181
	debug = false
	listeners = [http://0.0.0.0:8081]
	kafkastore.group.id = 
	ssl.provider = 
	ssl.enabled.protocols = []
	shutdown.graceful.ms = 1000
	ssl.keystore.location = 
	ssl.cipher.suites = []
	kafkastore.ssl.endpoint.identification.algorithm = 
	kafkastore.ssl.cipher.suites = 
	access.control.allow.methods = 
	kafkastore.sasl.kerberos.min.time.before.relogin = 60000
	ssl.keymanager.algorithm = 
	metrics.sample.window.ms = 30000
	kafkastore.init.timeout.ms = 60000
 (io.confluent.kafka.schemaregistry.rest.SchemaRegistryConfig)
[2017-11-29 12:54:53,051] INFO Initializing KafkaStore with broker endpoints: PLAINTEXT://octal:9092 (io.confluent.kafka.schemaregistry.storage.KafkaStore)
[2017-11-29 12:54:53,064] WARN Creating the schema topic _schemas using a replication factor of 1, which is less than the desired one of 3. If this is a production environment, it's crucial to add more brokers and increase the replication factor of the topic. (io.confluent.kafka.schemaregistry.storage.KafkaStore)
[2017-11-29 12:54:53,489] INFO Initialized last consumed offset to -1 (io.confluent.kafka.schemaregistry.storage.KafkaStoreReaderThread)
[2017-11-29 12:54:53,490] INFO [kafka-store-reader-thread-_schemas]: Starting (io.confluent.kafka.schemaregistry.storage.KafkaStoreReaderThread)
[2017-11-29 12:54:53,651] INFO Wait to catch up until the offset of the last message at 0 (io.confluent.kafka.schemaregistry.storage.KafkaStore)
[2017-11-29 12:54:53,701] INFO Created schema registry namespace localhost:2181/schema_registry (io.confluent.kafka.schemaregistry.storage.KafkaSchemaRegistry)
[2017-11-29 12:54:53,718] INFO Successfully elected the new master: {"host":"octal","port":8081,"master_eligibility":true,"version":1} (io.confluent.kafka.schemaregistry.zookeeper.ZookeeperMasterElector)
[2017-11-29 12:54:53,728] INFO Successfully elected the new master: {"host":"octal","port":8081,"master_eligibility":true,"version":1} (io.confluent.kafka.schemaregistry.zookeeper.ZookeeperMasterElector)
[2017-11-29 12:54:53,748] INFO Logging initialized @1775ms (org.eclipse.jetty.util.log)
[2017-11-29 12:54:53,799] INFO Adding listener: http://0.0.0.0:8081 (io.confluent.rest.Application)
[2017-11-29 12:54:53,906] INFO jetty-9.2.22.v20170606 (org.eclipse.jetty.server.Server)
[2017-11-29 12:54:54,821] INFO HV000001: Hibernate Validator 5.1.3.Final (org.hibernate.validator.internal.util.Version)
[2017-11-29 12:54:55,011] INFO Started o.e.j.s.ServletContextHandler@1cd201a8{/,null,AVAILABLE} (org.eclipse.jetty.server.handler.ContextHandler)
[2017-11-29 12:54:55,023] INFO Started NetworkTrafficServerConnector@5b057c8c{HTTP/1.1}{0.0.0.0:8081} (org.eclipse.jetty.server.NetworkTrafficServerConnector)
[2017-11-29 12:54:55,025] INFO Started @3052ms (org.eclipse.jetty.server.Server)
[2017-11-29 12:54:55,026] INFO Server started, listening for requests... (io.confluent.kafka.schemaregistry.rest.SchemaRegistryMain)
[2017-11-29 12:55:23,799] INFO Wait to catch up until the offset of the last message at 1 (io.confluent.kafka.schemaregistry.storage.KafkaStore)
[2017-11-29 12:55:23,846] INFO 127.0.0.1 - - [29/Nov/2017:12:55:23 -0500] "POST /subjects/sql-jdbc-demo--value/versions HTTP/1.1" 200 8  320 (io.confluent.rest-utils.requests)
[2017-11-29 13:02:46,330] INFO Stopped NetworkTrafficServerConnector@5b057c8c{HTTP/1.1}{0.0.0.0:8081} (org.eclipse.jetty.server.NetworkTrafficServerConnector)
[2017-11-29 13:02:46,334] INFO Stopped o.e.j.s.ServletContextHandler@1cd201a8{/,null,UNAVAILABLE} (org.eclipse.jetty.server.handler.ContextHandler)
[2017-11-29 13:02:46,335] INFO Shutting down schema registry (io.confluent.kafka.schemaregistry.storage.KafkaSchemaRegistry)
[2017-11-29 13:02:46,336] INFO [kafka-store-reader-thread-_schemas]: Shutting down (io.confluent.kafka.schemaregistry.storage.KafkaStoreReaderThread)
[2017-11-29 13:02:46,336] INFO [kafka-store-reader-thread-_schemas]: Shutdown completed (io.confluent.kafka.schemaregistry.storage.KafkaStoreReaderThread)
[2017-11-29 13:02:46,336] INFO [kafka-store-reader-thread-_schemas]: Stopped (io.confluent.kafka.schemaregistry.storage.KafkaStoreReaderThread)
[2017-11-29 13:02:46,338] INFO KafkaStoreReaderThread shutdown complete. (io.confluent.kafka.schemaregistry.storage.KafkaStoreReaderThread)
[2017-11-29 13:06:29,939] INFO SchemaRegistryConfig values: 
	metric.reporters = []
	kafkastore.sasl.kerberos.kinit.cmd = /usr/bin/kinit
	response.mediatype.default = application/vnd.schemaregistry.v1+json
	kafkastore.ssl.trustmanager.algorithm = PKIX
	authentication.realm = 
	ssl.keystore.type = JKS
	kafkastore.topic = _schemas
	metrics.jmx.prefix = kafka.schema.registry
	kafkastore.ssl.enabled.protocols = TLSv1.2,TLSv1.1,TLSv1
	kafkastore.topic.replication.factor = 3
	ssl.truststore.password = 
	kafkastore.timeout.ms = 500
	host.name = octal
	kafkastore.bootstrap.servers = []
	schema.registry.zk.namespace = schema_registry
	kafkastore.sasl.kerberos.ticket.renew.window.factor = 0.8
	kafkastore.sasl.kerberos.service.name = 
	ssl.endpoint.identification.algorithm = 
	compression.enable = false
	kafkastore.ssl.truststore.type = JKS
	avro.compatibility.level = backward
	kafkastore.ssl.protocol = TLS
	kafkastore.ssl.provider = 
	kafkastore.ssl.truststore.location = 
	response.mediatype.preferred = [application/vnd.schemaregistry.v1+json, application/vnd.schemaregistry+json, application/json]
	kafkastore.ssl.keystore.type = JKS
	ssl.truststore.type = JKS
	kafkastore.ssl.truststore.password = 
	access.control.allow.origin = 
	ssl.truststore.location = 
	ssl.keystore.password = 
	port = 8081
	kafkastore.ssl.keystore.location = 
	master.eligibility = true
	ssl.client.auth = false
	kafkastore.ssl.keystore.password = 
	kafkastore.security.protocol = PLAINTEXT
	ssl.trustmanager.algorithm = 
	authentication.method = NONE
	request.logger.name = io.confluent.rest-utils.requests
	ssl.key.password = 
	kafkastore.zk.session.timeout.ms = 30000
	kafkastore.sasl.mechanism = GSSAPI
	kafkastore.sasl.kerberos.ticket.renew.jitter = 0.05
	kafkastore.ssl.key.password = 
	zookeeper.set.acl = false
	authentication.roles = [*]
	metrics.num.samples = 2
	ssl.protocol = TLS
	kafkastore.ssl.keymanager.algorithm = SunX509
	kafkastore.connection.url = localhost:2181
	debug = false
	listeners = [http://0.0.0.0:8081]
	kafkastore.group.id = 
	ssl.provider = 
	ssl.enabled.protocols = []
	shutdown.graceful.ms = 1000
	ssl.keystore.location = 
	ssl.cipher.suites = []
	kafkastore.ssl.endpoint.identification.algorithm = 
	kafkastore.ssl.cipher.suites = 
	access.control.allow.methods = 
	kafkastore.sasl.kerberos.min.time.before.relogin = 60000
	ssl.keymanager.algorithm = 
	metrics.sample.window.ms = 30000
	kafkastore.init.timeout.ms = 60000
 (io.confluent.kafka.schemaregistry.rest.SchemaRegistryConfig)
[2017-11-29 13:06:30,662] INFO Initializing KafkaStore with broker endpoints: PLAINTEXT://octal:9092 (io.confluent.kafka.schemaregistry.storage.KafkaStore)
[2017-11-29 13:06:30,675] WARN Creating the schema topic _schemas using a replication factor of 1, which is less than the desired one of 3. If this is a production environment, it's crucial to add more brokers and increase the replication factor of the topic. (io.confluent.kafka.schemaregistry.storage.KafkaStore)
[2017-11-29 13:06:31,066] INFO Initialized last consumed offset to -1 (io.confluent.kafka.schemaregistry.storage.KafkaStoreReaderThread)
[2017-11-29 13:06:31,067] INFO [kafka-store-reader-thread-_schemas]: Starting (io.confluent.kafka.schemaregistry.storage.KafkaStoreReaderThread)
[2017-11-29 13:06:31,255] INFO Wait to catch up until the offset of the last message at 0 (io.confluent.kafka.schemaregistry.storage.KafkaStore)
[2017-11-29 13:06:31,312] INFO Created schema registry namespace localhost:2181/schema_registry (io.confluent.kafka.schemaregistry.storage.KafkaSchemaRegistry)
[2017-11-29 13:06:31,331] INFO Successfully elected the new master: {"host":"octal","port":8081,"master_eligibility":true,"version":1} (io.confluent.kafka.schemaregistry.zookeeper.ZookeeperMasterElector)
[2017-11-29 13:06:31,337] INFO Successfully elected the new master: {"host":"octal","port":8081,"master_eligibility":true,"version":1} (io.confluent.kafka.schemaregistry.zookeeper.ZookeeperMasterElector)
[2017-11-29 13:06:31,361] INFO Logging initialized @1806ms (org.eclipse.jetty.util.log)
[2017-11-29 13:06:31,438] INFO Adding listener: http://0.0.0.0:8081 (io.confluent.rest.Application)
[2017-11-29 13:06:31,543] INFO jetty-9.2.22.v20170606 (org.eclipse.jetty.server.Server)
[2017-11-29 13:06:32,560] INFO HV000001: Hibernate Validator 5.1.3.Final (org.hibernate.validator.internal.util.Version)
[2017-11-29 13:06:32,822] INFO Started o.e.j.s.ServletContextHandler@1cd201a8{/,null,AVAILABLE} (org.eclipse.jetty.server.handler.ContextHandler)
[2017-11-29 13:06:32,836] INFO Started NetworkTrafficServerConnector@5b057c8c{HTTP/1.1}{0.0.0.0:8081} (org.eclipse.jetty.server.NetworkTrafficServerConnector)
[2017-11-29 13:06:32,837] INFO Started @3282ms (org.eclipse.jetty.server.Server)
[2017-11-29 13:06:32,838] INFO Server started, listening for requests... (io.confluent.kafka.schemaregistry.rest.SchemaRegistryMain)
[2017-11-29 13:07:37,630] INFO Wait to catch up until the offset of the last message at 1 (io.confluent.kafka.schemaregistry.storage.KafkaStore)
[2017-11-29 13:07:37,672] INFO 127.0.0.1 - - [29/Nov/2017:13:07:37 -0500] "POST /subjects/sql-jdbc-demo--value/versions HTTP/1.1" 200 8  363 (io.confluent.rest-utils.requests)
[2017-11-29 13:07:37,879] INFO 127.0.0.1 - - [29/Nov/2017:13:07:37 -0500] "GET /schemas/ids/1 HTTP/1.1" 200 514  10 (io.confluent.rest-utils.requests)
[2017-11-29 13:13:11,602] INFO Stopped NetworkTrafficServerConnector@5b057c8c{HTTP/1.1}{0.0.0.0:8081} (org.eclipse.jetty.server.NetworkTrafficServerConnector)
[2017-11-29 13:13:11,607] INFO Stopped o.e.j.s.ServletContextHandler@1cd201a8{/,null,UNAVAILABLE} (org.eclipse.jetty.server.handler.ContextHandler)
[2017-11-29 13:13:11,608] INFO Shutting down schema registry (io.confluent.kafka.schemaregistry.storage.KafkaSchemaRegistry)
[2017-11-29 13:13:11,609] INFO [kafka-store-reader-thread-_schemas]: Shutting down (io.confluent.kafka.schemaregistry.storage.KafkaStoreReaderThread)
[2017-11-29 13:13:11,609] INFO [kafka-store-reader-thread-_schemas]: Stopped (io.confluent.kafka.schemaregistry.storage.KafkaStoreReaderThread)
[2017-11-29 13:13:11,609] INFO [kafka-store-reader-thread-_schemas]: Shutdown completed (io.confluent.kafka.schemaregistry.storage.KafkaStoreReaderThread)
[2017-11-29 13:13:11,612] INFO KafkaStoreReaderThread shutdown complete. (io.confluent.kafka.schemaregistry.storage.KafkaStoreReaderThread)
