[2018-01-31 15:13:04,475] INFO Reading configuration from: etc\kafka\zookeeper.properties (org.apache.zookeeper.server.quorum.QuorumPeerConfig)
[2018-01-31 15:13:04,491] INFO autopurge.snapRetainCount set to 3 (org.apache.zookeeper.server.DatadirCleanupManager)
[2018-01-31 15:13:04,491] INFO autopurge.purgeInterval set to 0 (org.apache.zookeeper.server.DatadirCleanupManager)
[2018-01-31 15:13:04,491] INFO Purge task is not scheduled. (org.apache.zookeeper.server.DatadirCleanupManager)
[2018-01-31 15:13:04,491] WARN Either no config or no quorum defined in config, running  in standalone mode (org.apache.zookeeper.server.quorum.QuorumPeerMain)
[2018-01-31 15:13:04,522] INFO Reading configuration from: etc\kafka\zookeeper.properties (org.apache.zookeeper.server.quorum.QuorumPeerConfig)
[2018-01-31 15:13:04,522] INFO Starting server (org.apache.zookeeper.server.ZooKeeperServerMain)
[2018-01-31 15:13:04,538] INFO Server environment:zookeeper.version=3.4.10-39d3a4f269333c922ed3db283be479f9deacaa0f, built on 03/23/2017 10:13 GMT (org.apache.zookeeper.server.ZooKeeperServer)
[2018-01-31 15:13:04,538] INFO Server environment:host.name=Spryte (org.apache.zookeeper.server.ZooKeeperServer)
[2018-01-31 15:13:04,538] INFO Server environment:java.version=1.8.0_144 (org.apache.zookeeper.server.ZooKeeperServer)
[2018-01-31 15:13:04,538] INFO Server environment:java.vendor=Oracle Corporation (org.apache.zookeeper.server.ZooKeeperServer)
[2018-01-31 15:13:04,538] INFO Server environment:java.home=C:\Program Files\Java\jdk1.8.0_144\jre (org.apache.zookeeper.server.ZooKeeperServer)
[2018-01-31 15:13:04,538] INFO Server environment:java.class.path=D:\zhjn\Documents\JIE7351\share\java\kafka\kafka-clients-0.11.0.1-cp1.jar;D:\zhjn\Documents\JIE7351\share\java\kafka\aopalliance-repackaged-2.5.0-b05.jar;D:\zhjn\Documents\JIE7351\share\java\kafka\argparse4j-0.7.0.jar;D:\zhjn\Documents\JIE7351\share\java\kafka\avro-1.8.2.jar;D:\zhjn\Documents\JIE7351\share\java\kafka\commons-beanutils-1.8.3.jar;D:\zhjn\Documents\JIE7351\share\java\kafka\commons-codec-1.9.jar;D:\zhjn\Documents\JIE7351\share\java\kafka\commons-collections-3.2.1.jar;D:\zhjn\Documents\JIE7351\share\java\kafka\commons-compress-1.8.1.jar;D:\zhjn\Documents\JIE7351\share\java\kafka\commons-digester-1.8.1.jar;D:\zhjn\Documents\JIE7351\share\java\kafka\commons-lang3-3.1.jar;D:\zhjn\Documents\JIE7351\share\java\kafka\commons-lang3-3.5.jar;D:\zhjn\Documents\JIE7351\share\java\kafka\commons-logging-1.2.jar;D:\zhjn\Documents\JIE7351\share\java\kafka\commons-validator-1.4.1.jar;D:\zhjn\Documents\JIE7351\share\java\kafka\connect-api-0.11.0.1-cp1.jar;D:\zhjn\Documents\JIE7351\share\java\kafka\connect-file-0.11.0.1-cp1.jar;D:\zhjn\Documents\JIE7351\share\java\kafka\connect-json-0.11.0.1-cp1.jar;D:\zhjn\Documents\JIE7351\share\java\kafka\connect-runtime-0.11.0.1-cp1.jar;D:\zhjn\Documents\JIE7351\share\java\kafka\connect-transforms-0.11.0.1-cp1.jar;D:\zhjn\Documents\JIE7351\share\java\kafka\guava-20.0.jar;D:\zhjn\Documents\JIE7351\share\java\kafka\hk2-api-2.5.0-b05.jar;D:\zhjn\Documents\JIE7351\share\java\kafka\hk2-locator-2.5.0-b05.jar;D:\zhjn\Documents\JIE7351\share\java\kafka\hk2-utils-2.5.0-b05.jar;D:\zhjn\Documents\JIE7351\share\java\kafka\httpclient-4.5.2.jar;D:\zhjn\Documents\JIE7351\share\java\kafka\httpcore-4.4.4.jar;D:\zhjn\Documents\JIE7351\share\java\kafka\httpmime-4.5.2.jar;D:\zhjn\Documents\JIE7351\share\java\kafka\jackson-annotations-2.8.5.jar;D:\zhjn\Documents\JIE7351\share\java\kafka\jackson-core-2.8.5.jar;D:\zhjn\Documents\JIE7351\share\java\kafka\jackson-core-asl-1.9.13.jar;D:\zhjn\Documents\JIE7351\share\java\kafka\jackson-databind-2.8.5.jar;D:\zhjn\Documents\JIE7351\share\java\kafka\jackson-jaxrs-base-2.8.5.jar;D:\zhjn\Documents\JIE7351\share\java\kafka\jackson-jaxrs-json-provider-2.8.5.jar;D:\zhjn\Documents\JIE7351\share\java\kafka\jackson-mapper-asl-1.9.13.jar;D:\zhjn\Documents\JIE7351\share\java\kafka\jackson-module-jaxb-annotations-2.8.5.jar;D:\zhjn\Documents\JIE7351\share\java\kafka\javassist-3.21.0-GA.jar;D:\zhjn\Documents\JIE7351\share\java\kafka\javax.annotation-api-1.2.jar;D:\zhjn\Documents\JIE7351\share\java\kafka\javax.inject-1.jar;D:\zhjn\Documents\JIE7351\share\java\kafka\javax.inject-2.5.0-b05.jar;D:\zhjn\Documents\JIE7351\share\java\kafka\javax.servlet-api-3.1.0.jar;D:\zhjn\Documents\JIE7351\share\java\kafka\javax.ws.rs-api-2.0.1.jar;D:\zhjn\Documents\JIE7351\share\java\kafka\jersey-client-2.24.jar;D:\zhjn\Documents\JIE7351\share\java\kafka\jersey-common-2.24.jar;D:\zhjn\Documents\JIE7351\share\java\kafka\jersey-container-servlet-2.24.jar;D:\zhjn\Documents\JIE7351\share\java\kafka\jersey-container-servlet-core-2.24.jar;D:\zhjn\Documents\JIE7351\share\java\kafka\jersey-guava-2.24.jar;D:\zhjn\Documents\JIE7351\share\java\kafka\jersey-media-jaxb-2.24.jar;D:\zhjn\Documents\JIE7351\share\java\kafka\jersey-server-2.24.jar;D:\zhjn\Documents\JIE7351\share\java\kafka\jetty-continuation-9.2.22.v20170606.jar;D:\zhjn\Documents\JIE7351\share\java\kafka\jetty-http-9.2.22.v20170606.jar;D:\zhjn\Documents\JIE7351\share\java\kafka\jetty-io-9.2.22.v20170606.jar;D:\zhjn\Documents\JIE7351\share\java\kafka\jetty-security-9.2.22.v20170606.jar;D:\zhjn\Documents\JIE7351\share\java\kafka\jetty-server-9.2.22.v20170606.jar;D:\zhjn\Documents\JIE7351\share\java\kafka\jetty-servlet-9.2.22.v20170606.jar;D:\zhjn\Documents\JIE7351\share\java\kafka\jetty-servlets-9.2.22.v20170606.jar;D:\zhjn\Documents\JIE7351\share\java\kafka\jetty-util-9.2.22.v20170606.jar;D:\zhjn\Documents\JIE7351\share\java\kafka\jopt-simple-5.0.3.jar;D:\zhjn\Documents\JIE7351\share\java\kafka\kafka-clients-0.11.0.1-cp1.jar;D:\zhjn\Documents\JIE7351\share\java\kafka\kafka-log4j-appender-0.11.0.1-cp1.jar;D:\zhjn\Documents\JIE7351\share\java\kafka\kafka-streams-0.11.0.1-cp1.jar;D:\zhjn\Documents\JIE7351\share\java\kafka\kafka-streams-examples-0.11.0.1-cp1.jar;D:\zhjn\Documents\JIE7351\share\java\kafka\kafka-tools-0.11.0.1-cp1.jar;D:\zhjn\Documents\JIE7351\share\java\kafka\kafka.jar;D:\zhjn\Documents\JIE7351\share\java\kafka\kafka_2.11-0.11.0.1-cp1-javadoc.jar;D:\zhjn\Documents\JIE7351\share\java\kafka\kafka_2.11-0.11.0.1-cp1-scaladoc.jar;D:\zhjn\Documents\JIE7351\share\java\kafka\kafka_2.11-0.11.0.1-cp1-sources.jar;D:\zhjn\Documents\JIE7351\share\java\kafka\kafka_2.11-0.11.0.1-cp1-test-sources.jar;D:\zhjn\Documents\JIE7351\share\java\kafka\kafka_2.11-0.11.0.1-cp1-test.jar;D:\zhjn\Documents\JIE7351\share\java\kafka\kafka_2.11-0.11.0.1-cp1.jar;D:\zhjn\Documents\JIE7351\share\java\kafka\log4j-1.2.17.jar;D:\zhjn\Documents\JIE7351\share\java\kafka\lz4-1.3.0.jar;D:\zhjn\Documents\JIE7351\share\java\kafka\maven-artifact-3.5.0.jar;D:\zhjn\Documents\JIE7351\share\java\kafka\metrics-core-2.2.0.jar;D:\zhjn\Documents\JIE7351\share\java\kafka\osgi-resource-locator-1.0.1.jar;D:\zhjn\Documents\JIE7351\share\java\kafka\paranamer-2.7.jar;D:\zhjn\Documents\JIE7351\share\java\kafka\plexus-utils-3.0.24.jar;D:\zhjn\Documents\JIE7351\share\java\kafka\reflections-0.9.11.jar;D:\zhjn\Documents\JIE7351\share\java\kafka\rocksdbjni-5.0.1.jar;D:\zhjn\Documents\JIE7351\share\java\kafka\scala-library-2.11.11.jar;D:\zhjn\Documents\JIE7351\share\java\kafka\scala-parser-combinators_2.11-1.0.4.jar;D:\zhjn\Documents\JIE7351\share\java\kafka\slf4j-api-1.7.25.jar;D:\zhjn\Documents\JIE7351\share\java\kafka\slf4j-log4j12-1.7.25.jar;D:\zhjn\Documents\JIE7351\share\java\kafka\snappy-java-1.1.2.6.jar;D:\zhjn\Documents\JIE7351\share\java\kafka\support-metrics-client-3.3.1.jar;D:\zhjn\Documents\JIE7351\share\java\kafka\support-metrics-common-3.3.1.jar;D:\zhjn\Documents\JIE7351\share\java\kafka\validation-api-1.1.0.Final.jar;D:\zhjn\Documents\JIE7351\share\java\kafka\xz-1.5.jar;D:\zhjn\Documents\JIE7351\share\java\kafka\zkclient-0.10.jar;D:\zhjn\Documents\JIE7351\share\java\kafka\zookeeper-3.4.10.jar (org.apache.zookeeper.server.ZooKeeperServer)
[2018-01-31 15:13:04,538] INFO Server environment:java.library.path=C:\Program Files\Java\jdk1.8.0_144\bin;C:\WINDOWS\Sun\Java\bin;C:\WINDOWS\system32;C:\WINDOWS;D:\zhjn\Documents\platform-tools-latest-windows\platform-tools;C:\WINDOWS\system32;C:\WINDOWS;C:\WINDOWS\System32\Wbem;C:\WINDOWS\System32\WindowsPowerShell\v1.0\;C:\Program Files (x86)\NVIDIA Corporation\PhysX\Common;C:\Program Files\Git\cmd;C:\Program Files\nodejs\;C:\Program Files\Java\jdk1.8.0_144\bin;C:\Program Files (x86)\Microsoft SQL Server\Client SDK\ODBC\130\Tools\Binn\;C:\Program Files (x86)\Microsoft SQL Server\140\Tools\Binn\;C:\Program Files (x86)\Microsoft SQL Server\140\DTS\Binn\;C:\Program Files (x86)\Microsoft SQL Server\140\Tools\Binn\ManagementStudio\;C:\WINDOWS\system32;C:\WINDOWS;C:\WINDOWS\System32\Wbem;C:\WINDOWS\System32\WindowsPowerShell\v1.0\;C:\Python27;C:\Python27\Scripts;C:\Program Files (x86)\PharosSystems\Core;C:\Program Files\Microsoft SQL Server\Client SDK\ODBC\110\Tools\Binn\;C:\Program Files (x86)\Microsoft SQL Server\120\Tools\Binn\;C:\Program Files\Microsoft SQL Server\120\Tools\Binn\;C:\Program Files\Microsoft SQL Server\120\DTS\Binn\;C:\Program Files (x86)\Microsoft SQL Server\120\Tools\Binn\ManagementStudio\;C:\Program Files (x86)\Microsoft SQL Server\120\DTS\Binn\;C:\HashiCorp\Vagrant\bin;D:\zhjn\Documents\JIE7351;C:\Program Files\Microsoft JDBC Driver 6.0 for SQL Server\sqljdbc_6.0\enu\jre8;C:\Program Files\apache-maven-3.5.2\bin;C:\Program Files (x86)\Windows Kits\8.1\Windows Performance Toolkit\;C:\Program Files\sdk-tools-windows-3859397;C:\WINDOWS\System32\OpenSSH\;D:\zhjn\Documents\Gatech\Spring 2018\CS 4646\Assignment 1;C:\Program Files\PuTTY\;C:\Users\zhiji\AppData\Local\Microsoft\WindowsApps;C:\Users\zhiji\AppData\Roaming\npm;C:\Users\zhiji\AppData\Local\Microsoft\WindowsApps;;. (org.apache.zookeeper.server.ZooKeeperServer)
[2018-01-31 15:13:04,538] INFO Server environment:java.io.tmpdir=C:\Users\zhiji\AppData\Local\Temp\ (org.apache.zookeeper.server.ZooKeeperServer)
[2018-01-31 15:13:04,538] INFO Server environment:java.compiler=<NA> (org.apache.zookeeper.server.ZooKeeperServer)
[2018-01-31 15:13:04,538] INFO Server environment:os.name=Windows 10 (org.apache.zookeeper.server.ZooKeeperServer)
[2018-01-31 15:13:04,538] INFO Server environment:os.arch=amd64 (org.apache.zookeeper.server.ZooKeeperServer)
[2018-01-31 15:13:04,538] INFO Server environment:os.version=10.0 (org.apache.zookeeper.server.ZooKeeperServer)
[2018-01-31 15:13:04,538] INFO Server environment:user.name=zhijian (org.apache.zookeeper.server.ZooKeeperServer)
[2018-01-31 15:13:04,538] INFO Server environment:user.home=C:\Users\zhiji (org.apache.zookeeper.server.ZooKeeperServer)
[2018-01-31 15:13:04,554] INFO Server environment:user.dir=D:\zhjn\Documents\JIE7351 (org.apache.zookeeper.server.ZooKeeperServer)
[2018-01-31 15:13:04,585] INFO tickTime set to 3000 (org.apache.zookeeper.server.ZooKeeperServer)
[2018-01-31 15:13:04,585] INFO minSessionTimeout set to -1 (org.apache.zookeeper.server.ZooKeeperServer)
[2018-01-31 15:13:04,585] INFO maxSessionTimeout set to -1 (org.apache.zookeeper.server.ZooKeeperServer)
[2018-01-31 15:13:04,616] INFO binding to port 0.0.0.0/0.0.0.0:2181 (org.apache.zookeeper.server.NIOServerCnxnFactory)
[2018-01-31 15:13:12,008] INFO Expiring session 0x161339a68fd0000, timeout of 6000ms exceeded (org.apache.zookeeper.server.ZooKeeperServer)
[2018-01-31 15:13:12,008] INFO Expiring session 0x161339a68fd000c, timeout of 6000ms exceeded (org.apache.zookeeper.server.ZooKeeperServer)
[2018-01-31 15:13:12,008] INFO Processed session termination for sessionid: 0x161339a68fd0000 (org.apache.zookeeper.server.PrepRequestProcessor)
[2018-01-31 15:13:12,008] INFO Processed session termination for sessionid: 0x161339a68fd000c (org.apache.zookeeper.server.PrepRequestProcessor)
[2018-01-31 15:13:12,008] INFO Creating new log file: log.104 (org.apache.zookeeper.server.persistence.FileTxnLog)
[2018-01-31 15:13:34,305] INFO KafkaConfig values: 
	advertised.host.name = null
	advertised.listeners = null
	advertised.port = null
	alter.config.policy.class.name = null
	authorizer.class.name = 
	auto.create.topics.enable = true
	auto.leader.rebalance.enable = true
	background.threads = 10
	broker.id = 0
	broker.id.generation.enable = true
	broker.rack = null
	compression.type = producer
	connections.max.idle.ms = 600000
	controlled.shutdown.enable = true
	controlled.shutdown.max.retries = 3
	controlled.shutdown.retry.backoff.ms = 5000
	controller.socket.timeout.ms = 30000
	create.topic.policy.class.name = null
	default.replication.factor = 1
	delete.records.purgatory.purge.interval.requests = 1
	delete.topic.enable = false
	fetch.purgatory.purge.interval.requests = 1000
	group.initial.rebalance.delay.ms = 0
	group.max.session.timeout.ms = 300000
	group.min.session.timeout.ms = 6000
	host.name = 
	inter.broker.listener.name = null
	inter.broker.protocol.version = 0.11.0-IV2
	leader.imbalance.check.interval.seconds = 300
	leader.imbalance.per.broker.percentage = 10
	listener.security.protocol.map = SSL:SSL,SASL_PLAINTEXT:SASL_PLAINTEXT,TRACE:TRACE,SASL_SSL:SASL_SSL,PLAINTEXT:PLAINTEXT
	listeners = null
	log.cleaner.backoff.ms = 15000
	log.cleaner.dedupe.buffer.size = 134217728
	log.cleaner.delete.retention.ms = 86400000
	log.cleaner.enable = true
	log.cleaner.io.buffer.load.factor = 0.9
	log.cleaner.io.buffer.size = 524288
	log.cleaner.io.max.bytes.per.second = 1.7976931348623157E308
	log.cleaner.min.cleanable.ratio = 0.5
	log.cleaner.min.compaction.lag.ms = 0
	log.cleaner.threads = 1
	log.cleanup.policy = [delete]
	log.dir = /tmp/kafka-logs
	log.dirs = /tmp/kafka-logs
	log.flush.interval.messages = 9223372036854775807
	log.flush.interval.ms = null
	log.flush.offset.checkpoint.interval.ms = 60000
	log.flush.scheduler.interval.ms = 9223372036854775807
	log.flush.start.offset.checkpoint.interval.ms = 60000
	log.index.interval.bytes = 4096
	log.index.size.max.bytes = 10485760
	log.message.format.version = 0.11.0-IV2
	log.message.timestamp.difference.max.ms = 9223372036854775807
	log.message.timestamp.type = CreateTime
	log.preallocate = false
	log.retention.bytes = -1
	log.retention.check.interval.ms = 300000
	log.retention.hours = 168
	log.retention.minutes = null
	log.retention.ms = null
	log.roll.hours = 168
	log.roll.jitter.hours = 0
	log.roll.jitter.ms = null
	log.roll.ms = null
	log.segment.bytes = 1073741824
	log.segment.delete.delay.ms = 60000
	max.connections.per.ip = 2147483647
	max.connections.per.ip.overrides = 
	message.max.bytes = 1000012
	metric.reporters = []
	metrics.num.samples = 2
	metrics.recording.level = INFO
	metrics.sample.window.ms = 30000
	min.insync.replicas = 1
	num.io.threads = 8
	num.network.threads = 3
	num.partitions = 1
	num.recovery.threads.per.data.dir = 1
	num.replica.fetchers = 1
	offset.metadata.max.bytes = 4096
	offsets.commit.required.acks = -1
	offsets.commit.timeout.ms = 5000
	offsets.load.buffer.size = 5242880
	offsets.retention.check.interval.ms = 600000
	offsets.retention.minutes = 1440
	offsets.topic.compression.codec = 0
	offsets.topic.num.partitions = 50
	offsets.topic.replication.factor = 1
	offsets.topic.segment.bytes = 104857600
	port = 9092
	principal.builder.class = class org.apache.kafka.common.security.auth.DefaultPrincipalBuilder
	producer.purgatory.purge.interval.requests = 1000
	queued.max.requests = 500
	quota.consumer.default = 9223372036854775807
	quota.producer.default = 9223372036854775807
	quota.window.num = 11
	quota.window.size.seconds = 1
	replica.fetch.backoff.ms = 1000
	replica.fetch.max.bytes = 1048576
	replica.fetch.min.bytes = 1
	replica.fetch.response.max.bytes = 10485760
	replica.fetch.wait.max.ms = 500
	replica.high.watermark.checkpoint.interval.ms = 5000
	replica.lag.time.max.ms = 10000
	replica.socket.receive.buffer.bytes = 65536
	replica.socket.timeout.ms = 30000
	replication.quota.window.num = 11
	replication.quota.window.size.seconds = 1
	request.timeout.ms = 30000
	reserved.broker.max.id = 1000
	sasl.enabled.mechanisms = [GSSAPI]
	sasl.kerberos.kinit.cmd = /usr/bin/kinit
	sasl.kerberos.min.time.before.relogin = 60000
	sasl.kerberos.principal.to.local.rules = [DEFAULT]
	sasl.kerberos.service.name = null
	sasl.kerberos.ticket.renew.jitter = 0.05
	sasl.kerberos.ticket.renew.window.factor = 0.8
	sasl.mechanism.inter.broker.protocol = GSSAPI
	security.inter.broker.protocol = PLAINTEXT
	socket.receive.buffer.bytes = 102400
	socket.request.max.bytes = 104857600
	socket.send.buffer.bytes = 102400
	ssl.cipher.suites = null
	ssl.client.auth = none
	ssl.enabled.protocols = [TLSv1.2, TLSv1.1, TLSv1]
	ssl.endpoint.identification.algorithm = null
	ssl.key.password = null
	ssl.keymanager.algorithm = SunX509
	ssl.keystore.location = null
	ssl.keystore.password = null
	ssl.keystore.type = JKS
	ssl.protocol = TLS
	ssl.provider = null
	ssl.secure.random.implementation = null
	ssl.trustmanager.algorithm = PKIX
	ssl.truststore.location = null
	ssl.truststore.password = null
	ssl.truststore.type = JKS
	transaction.abort.timed.out.transaction.cleanup.interval.ms = 60000
	transaction.max.timeout.ms = 900000
	transaction.remove.expired.transaction.cleanup.interval.ms = 3600000
	transaction.state.log.load.buffer.size = 5242880
	transaction.state.log.min.isr = 1
	transaction.state.log.num.partitions = 50
	transaction.state.log.replication.factor = 1
	transaction.state.log.segment.bytes = 104857600
	transactional.id.expiration.ms = 604800000
	unclean.leader.election.enable = false
	zookeeper.connect = localhost:2181
	zookeeper.connection.timeout.ms = 6000
	zookeeper.session.timeout.ms = 6000
	zookeeper.set.acl = false
	zookeeper.sync.time.ms = 2000
 (kafka.server.KafkaConfig)
[2018-01-31 15:13:34,491] INFO starting (kafka.server.KafkaServer)
[2018-01-31 15:13:34,491] INFO Connecting to zookeeper on localhost:2181 (kafka.server.KafkaServer)
[2018-01-31 15:13:34,523] INFO Starting ZkClient event thread. (org.I0Itec.zkclient.ZkEventThread)
[2018-01-31 15:13:34,523] INFO Client environment:zookeeper.version=3.4.10-39d3a4f269333c922ed3db283be479f9deacaa0f, built on 03/23/2017 10:13 GMT (org.apache.zookeeper.ZooKeeper)
[2018-01-31 15:13:34,523] INFO Client environment:host.name=Spryte (org.apache.zookeeper.ZooKeeper)
[2018-01-31 15:13:34,523] INFO Client environment:java.version=1.8.0_144 (org.apache.zookeeper.ZooKeeper)
[2018-01-31 15:13:34,523] INFO Client environment:java.vendor=Oracle Corporation (org.apache.zookeeper.ZooKeeper)
[2018-01-31 15:13:34,538] INFO Client environment:java.home=C:\Program Files\Java\jdk1.8.0_144\jre (org.apache.zookeeper.ZooKeeper)
[2018-01-31 15:13:34,538] INFO Client environment:java.class.path=D:\zhjn\Documents\JIE7351\share\java\kafka\kafka-clients-0.11.0.1-cp1.jar;D:\zhjn\Documents\JIE7351\share\java\kafka\aopalliance-repackaged-2.5.0-b05.jar;D:\zhjn\Documents\JIE7351\share\java\kafka\argparse4j-0.7.0.jar;D:\zhjn\Documents\JIE7351\share\java\kafka\avro-1.8.2.jar;D:\zhjn\Documents\JIE7351\share\java\kafka\commons-beanutils-1.8.3.jar;D:\zhjn\Documents\JIE7351\share\java\kafka\commons-codec-1.9.jar;D:\zhjn\Documents\JIE7351\share\java\kafka\commons-collections-3.2.1.jar;D:\zhjn\Documents\JIE7351\share\java\kafka\commons-compress-1.8.1.jar;D:\zhjn\Documents\JIE7351\share\java\kafka\commons-digester-1.8.1.jar;D:\zhjn\Documents\JIE7351\share\java\kafka\commons-lang3-3.1.jar;D:\zhjn\Documents\JIE7351\share\java\kafka\commons-lang3-3.5.jar;D:\zhjn\Documents\JIE7351\share\java\kafka\commons-logging-1.2.jar;D:\zhjn\Documents\JIE7351\share\java\kafka\commons-validator-1.4.1.jar;D:\zhjn\Documents\JIE7351\share\java\kafka\connect-api-0.11.0.1-cp1.jar;D:\zhjn\Documents\JIE7351\share\java\kafka\connect-file-0.11.0.1-cp1.jar;D:\zhjn\Documents\JIE7351\share\java\kafka\connect-json-0.11.0.1-cp1.jar;D:\zhjn\Documents\JIE7351\share\java\kafka\connect-runtime-0.11.0.1-cp1.jar;D:\zhjn\Documents\JIE7351\share\java\kafka\connect-transforms-0.11.0.1-cp1.jar;D:\zhjn\Documents\JIE7351\share\java\kafka\guava-20.0.jar;D:\zhjn\Documents\JIE7351\share\java\kafka\hk2-api-2.5.0-b05.jar;D:\zhjn\Documents\JIE7351\share\java\kafka\hk2-locator-2.5.0-b05.jar;D:\zhjn\Documents\JIE7351\share\java\kafka\hk2-utils-2.5.0-b05.jar;D:\zhjn\Documents\JIE7351\share\java\kafka\httpclient-4.5.2.jar;D:\zhjn\Documents\JIE7351\share\java\kafka\httpcore-4.4.4.jar;D:\zhjn\Documents\JIE7351\share\java\kafka\httpmime-4.5.2.jar;D:\zhjn\Documents\JIE7351\share\java\kafka\jackson-annotations-2.8.5.jar;D:\zhjn\Documents\JIE7351\share\java\kafka\jackson-core-2.8.5.jar;D:\zhjn\Documents\JIE7351\share\java\kafka\jackson-core-asl-1.9.13.jar;D:\zhjn\Documents\JIE7351\share\java\kafka\jackson-databind-2.8.5.jar;D:\zhjn\Documents\JIE7351\share\java\kafka\jackson-jaxrs-base-2.8.5.jar;D:\zhjn\Documents\JIE7351\share\java\kafka\jackson-jaxrs-json-provider-2.8.5.jar;D:\zhjn\Documents\JIE7351\share\java\kafka\jackson-mapper-asl-1.9.13.jar;D:\zhjn\Documents\JIE7351\share\java\kafka\jackson-module-jaxb-annotations-2.8.5.jar;D:\zhjn\Documents\JIE7351\share\java\kafka\javassist-3.21.0-GA.jar;D:\zhjn\Documents\JIE7351\share\java\kafka\javax.annotation-api-1.2.jar;D:\zhjn\Documents\JIE7351\share\java\kafka\javax.inject-1.jar;D:\zhjn\Documents\JIE7351\share\java\kafka\javax.inject-2.5.0-b05.jar;D:\zhjn\Documents\JIE7351\share\java\kafka\javax.servlet-api-3.1.0.jar;D:\zhjn\Documents\JIE7351\share\java\kafka\javax.ws.rs-api-2.0.1.jar;D:\zhjn\Documents\JIE7351\share\java\kafka\jersey-client-2.24.jar;D:\zhjn\Documents\JIE7351\share\java\kafka\jersey-common-2.24.jar;D:\zhjn\Documents\JIE7351\share\java\kafka\jersey-container-servlet-2.24.jar;D:\zhjn\Documents\JIE7351\share\java\kafka\jersey-container-servlet-core-2.24.jar;D:\zhjn\Documents\JIE7351\share\java\kafka\jersey-guava-2.24.jar;D:\zhjn\Documents\JIE7351\share\java\kafka\jersey-media-jaxb-2.24.jar;D:\zhjn\Documents\JIE7351\share\java\kafka\jersey-server-2.24.jar;D:\zhjn\Documents\JIE7351\share\java\kafka\jetty-continuation-9.2.22.v20170606.jar;D:\zhjn\Documents\JIE7351\share\java\kafka\jetty-http-9.2.22.v20170606.jar;D:\zhjn\Documents\JIE7351\share\java\kafka\jetty-io-9.2.22.v20170606.jar;D:\zhjn\Documents\JIE7351\share\java\kafka\jetty-security-9.2.22.v20170606.jar;D:\zhjn\Documents\JIE7351\share\java\kafka\jetty-server-9.2.22.v20170606.jar;D:\zhjn\Documents\JIE7351\share\java\kafka\jetty-servlet-9.2.22.v20170606.jar;D:\zhjn\Documents\JIE7351\share\java\kafka\jetty-servlets-9.2.22.v20170606.jar;D:\zhjn\Documents\JIE7351\share\java\kafka\jetty-util-9.2.22.v20170606.jar;D:\zhjn\Documents\JIE7351\share\java\kafka\jopt-simple-5.0.3.jar;D:\zhjn\Documents\JIE7351\share\java\kafka\kafka-clients-0.11.0.1-cp1.jar;D:\zhjn\Documents\JIE7351\share\java\kafka\kafka-log4j-appender-0.11.0.1-cp1.jar;D:\zhjn\Documents\JIE7351\share\java\kafka\kafka-streams-0.11.0.1-cp1.jar;D:\zhjn\Documents\JIE7351\share\java\kafka\kafka-streams-examples-0.11.0.1-cp1.jar;D:\zhjn\Documents\JIE7351\share\java\kafka\kafka-tools-0.11.0.1-cp1.jar;D:\zhjn\Documents\JIE7351\share\java\kafka\kafka.jar;D:\zhjn\Documents\JIE7351\share\java\kafka\kafka_2.11-0.11.0.1-cp1-javadoc.jar;D:\zhjn\Documents\JIE7351\share\java\kafka\kafka_2.11-0.11.0.1-cp1-scaladoc.jar;D:\zhjn\Documents\JIE7351\share\java\kafka\kafka_2.11-0.11.0.1-cp1-sources.jar;D:\zhjn\Documents\JIE7351\share\java\kafka\kafka_2.11-0.11.0.1-cp1-test-sources.jar;D:\zhjn\Documents\JIE7351\share\java\kafka\kafka_2.11-0.11.0.1-cp1-test.jar;D:\zhjn\Documents\JIE7351\share\java\kafka\kafka_2.11-0.11.0.1-cp1.jar;D:\zhjn\Documents\JIE7351\share\java\kafka\log4j-1.2.17.jar;D:\zhjn\Documents\JIE7351\share\java\kafka\lz4-1.3.0.jar;D:\zhjn\Documents\JIE7351\share\java\kafka\maven-artifact-3.5.0.jar;D:\zhjn\Documents\JIE7351\share\java\kafka\metrics-core-2.2.0.jar;D:\zhjn\Documents\JIE7351\share\java\kafka\osgi-resource-locator-1.0.1.jar;D:\zhjn\Documents\JIE7351\share\java\kafka\paranamer-2.7.jar;D:\zhjn\Documents\JIE7351\share\java\kafka\plexus-utils-3.0.24.jar;D:\zhjn\Documents\JIE7351\share\java\kafka\reflections-0.9.11.jar;D:\zhjn\Documents\JIE7351\share\java\kafka\rocksdbjni-5.0.1.jar;D:\zhjn\Documents\JIE7351\share\java\kafka\scala-library-2.11.11.jar;D:\zhjn\Documents\JIE7351\share\java\kafka\scala-parser-combinators_2.11-1.0.4.jar;D:\zhjn\Documents\JIE7351\share\java\kafka\slf4j-api-1.7.25.jar;D:\zhjn\Documents\JIE7351\share\java\kafka\slf4j-log4j12-1.7.25.jar;D:\zhjn\Documents\JIE7351\share\java\kafka\snappy-java-1.1.2.6.jar;D:\zhjn\Documents\JIE7351\share\java\kafka\support-metrics-client-3.3.1.jar;D:\zhjn\Documents\JIE7351\share\java\kafka\support-metrics-common-3.3.1.jar;D:\zhjn\Documents\JIE7351\share\java\kafka\validation-api-1.1.0.Final.jar;D:\zhjn\Documents\JIE7351\share\java\kafka\xz-1.5.jar;D:\zhjn\Documents\JIE7351\share\java\kafka\zkclient-0.10.jar;D:\zhjn\Documents\JIE7351\share\java\kafka\zookeeper-3.4.10.jar (org.apache.zookeeper.ZooKeeper)
[2018-01-31 15:13:34,538] INFO Client environment:java.library.path=C:\Program Files\Java\jdk1.8.0_144\bin;C:\WINDOWS\Sun\Java\bin;C:\WINDOWS\system32;C:\WINDOWS;D:\zhjn\Documents\platform-tools-latest-windows\platform-tools;C:\WINDOWS\system32;C:\WINDOWS;C:\WINDOWS\System32\Wbem;C:\WINDOWS\System32\WindowsPowerShell\v1.0\;C:\Program Files (x86)\NVIDIA Corporation\PhysX\Common;C:\Program Files\Git\cmd;C:\Program Files\nodejs\;C:\Program Files\Java\jdk1.8.0_144\bin;C:\Program Files (x86)\Microsoft SQL Server\Client SDK\ODBC\130\Tools\Binn\;C:\Program Files (x86)\Microsoft SQL Server\140\Tools\Binn\;C:\Program Files (x86)\Microsoft SQL Server\140\DTS\Binn\;C:\Program Files (x86)\Microsoft SQL Server\140\Tools\Binn\ManagementStudio\;C:\WINDOWS\system32;C:\WINDOWS;C:\WINDOWS\System32\Wbem;C:\WINDOWS\System32\WindowsPowerShell\v1.0\;C:\Python27;C:\Python27\Scripts;C:\Program Files (x86)\PharosSystems\Core;C:\Program Files\Microsoft SQL Server\Client SDK\ODBC\110\Tools\Binn\;C:\Program Files (x86)\Microsoft SQL Server\120\Tools\Binn\;C:\Program Files\Microsoft SQL Server\120\Tools\Binn\;C:\Program Files\Microsoft SQL Server\120\DTS\Binn\;C:\Program Files (x86)\Microsoft SQL Server\120\Tools\Binn\ManagementStudio\;C:\Program Files (x86)\Microsoft SQL Server\120\DTS\Binn\;C:\HashiCorp\Vagrant\bin;D:\zhjn\Documents\JIE7351;C:\Program Files\Microsoft JDBC Driver 6.0 for SQL Server\sqljdbc_6.0\enu\jre8;C:\Program Files\apache-maven-3.5.2\bin;C:\Program Files (x86)\Windows Kits\8.1\Windows Performance Toolkit\;C:\Program Files\sdk-tools-windows-3859397;C:\WINDOWS\System32\OpenSSH\;D:\zhjn\Documents\Gatech\Spring 2018\CS 4646\Assignment 1;C:\Program Files\PuTTY\;C:\Users\zhiji\AppData\Local\Microsoft\WindowsApps;C:\Users\zhiji\AppData\Roaming\npm;C:\Users\zhiji\AppData\Local\Microsoft\WindowsApps;;. (org.apache.zookeeper.ZooKeeper)
[2018-01-31 15:13:34,538] INFO Client environment:java.io.tmpdir=C:\Users\zhiji\AppData\Local\Temp\ (org.apache.zookeeper.ZooKeeper)
[2018-01-31 15:13:34,538] INFO Client environment:java.compiler=<NA> (org.apache.zookeeper.ZooKeeper)
[2018-01-31 15:13:34,538] INFO Client environment:os.name=Windows 10 (org.apache.zookeeper.ZooKeeper)
[2018-01-31 15:13:34,538] INFO Client environment:os.arch=amd64 (org.apache.zookeeper.ZooKeeper)
[2018-01-31 15:13:34,538] INFO Client environment:os.version=10.0 (org.apache.zookeeper.ZooKeeper)
[2018-01-31 15:13:34,538] INFO Client environment:user.name=zhijian (org.apache.zookeeper.ZooKeeper)
[2018-01-31 15:13:34,538] INFO Client environment:user.home=C:\Users\zhiji (org.apache.zookeeper.ZooKeeper)
[2018-01-31 15:13:34,538] INFO Client environment:user.dir=D:\zhjn\Documents\JIE7351 (org.apache.zookeeper.ZooKeeper)
[2018-01-31 15:13:34,538] INFO Initiating client connection, connectString=localhost:2181 sessionTimeout=6000 watcher=org.I0Itec.zkclient.ZkClient@7ec7ffd3 (org.apache.zookeeper.ZooKeeper)
[2018-01-31 15:13:34,554] INFO Waiting for keeper state SyncConnected (org.I0Itec.zkclient.ZkClient)
[2018-01-31 15:13:34,554] INFO Opening socket connection to server 127.0.0.1/127.0.0.1:2181. Will not attempt to authenticate using SASL (unknown error) (org.apache.zookeeper.ClientCnxn)
[2018-01-31 15:13:34,554] INFO Accepted socket connection from /127.0.0.1:51716 (org.apache.zookeeper.server.NIOServerCnxnFactory)
[2018-01-31 15:13:34,554] INFO Socket connection established to 127.0.0.1/127.0.0.1:2181, initiating session (org.apache.zookeeper.ClientCnxn)
[2018-01-31 15:13:34,569] INFO Client attempting to establish new session at /127.0.0.1:51716 (org.apache.zookeeper.server.ZooKeeperServer)
[2018-01-31 15:13:34,600] INFO Established session 0x1614dd9f3360000 with negotiated timeout 6000 for client /127.0.0.1:51716 (org.apache.zookeeper.server.ZooKeeperServer)
[2018-01-31 15:13:34,600] INFO Session establishment complete on server 127.0.0.1/127.0.0.1:2181, sessionid = 0x1614dd9f3360000, negotiated timeout = 6000 (org.apache.zookeeper.ClientCnxn)
[2018-01-31 15:13:34,600] INFO zookeeper state changed (SyncConnected) (org.I0Itec.zkclient.ZkClient)
[2018-01-31 15:13:34,804] INFO Cluster ID = aBEgKfpUQbmLmMYlycM2Fg (kafka.server.KafkaServer)
[2018-01-31 15:13:34,913] INFO [ThrottledRequestReaper-Fetch]: Starting (kafka.server.ClientQuotaManager$ThrottledRequestReaper)
[2018-01-31 15:13:34,929] INFO [ThrottledRequestReaper-Request]: Starting (kafka.server.ClientQuotaManager$ThrottledRequestReaper)
[2018-01-31 15:13:34,929] INFO [ThrottledRequestReaper-Produce]: Starting (kafka.server.ClientQuotaManager$ThrottledRequestReaper)
[2018-01-31 15:13:35,007] INFO Loading logs. (kafka.log.LogManager)
[2018-01-31 15:13:35,267] WARN Found a corrupted index file due to requirement failed: Corrupt index found, index file (D:\tmp\kafka-logs\text.test-0\00000000000000000000.index) has non-zero size but the last offset is 0 which is no larger than the base offset 0.}. deleting D:\tmp\kafka-logs\text.test-0\00000000000000000000.timeindex, D:\tmp\kafka-logs\text.test-0\00000000000000000000.index, and D:\tmp\kafka-logs\text.test-0\00000000000000000000.txnindex and rebuilding index... (kafka.log.Log)
[2018-01-31 15:13:35,267] ERROR There was an error in one of the threads during logs loading: java.nio.file.FileSystemException: \tmp\kafka-logs\text.test-0\00000000000000000000.timeindex: The process cannot access the file because it is being used by another process.
 (kafka.log.LogManager)
[2018-01-31 15:13:35,278] FATAL [Kafka Server 0], Fatal error during KafkaServer startup. Prepare to shutdown (kafka.server.KafkaServer)
java.nio.file.FileSystemException: \tmp\kafka-logs\text.test-0\00000000000000000000.timeindex: The process cannot access the file because it is being used by another process.

	at sun.nio.fs.WindowsException.translateToIOException(WindowsException.java:86)
	at sun.nio.fs.WindowsException.rethrowAsIOException(WindowsException.java:97)
	at sun.nio.fs.WindowsException.rethrowAsIOException(WindowsException.java:102)
	at sun.nio.fs.WindowsFileSystemProvider.implDelete(WindowsFileSystemProvider.java:269)
	at sun.nio.fs.AbstractFileSystemProvider.deleteIfExists(AbstractFileSystemProvider.java:108)
	at java.nio.file.Files.deleteIfExists(Files.java:1165)
	at kafka.log.Log$$anonfun$loadSegmentFiles$3.apply(Log.scala:318)
	at kafka.log.Log$$anonfun$loadSegmentFiles$3.apply(Log.scala:279)
	at scala.collection.TraversableLike$WithFilter$$anonfun$foreach$1.apply(TraversableLike.scala:733)
	at scala.collection.IndexedSeqOptimized$class.foreach(IndexedSeqOptimized.scala:33)
	at scala.collection.mutable.ArrayOps$ofRef.foreach(ArrayOps.scala:186)
	at scala.collection.TraversableLike$WithFilter.foreach(TraversableLike.scala:732)
	at kafka.log.Log.loadSegmentFiles(Log.scala:279)
	at kafka.log.Log.loadSegments(Log.scala:383)
	at kafka.log.Log.<init>(Log.scala:186)
	at kafka.log.Log$.apply(Log.scala:1609)
	at kafka.log.LogManager$$anonfun$loadLogs$2$$anonfun$5$$anonfun$apply$12$$anonfun$apply$1.apply$mcV$sp(LogManager.scala:172)
	at kafka.utils.CoreUtils$$anon$1.run(CoreUtils.scala:57)
	at java.util.concurrent.Executors$RunnableAdapter.call(Executors.java:511)
	at java.util.concurrent.FutureTask.run(FutureTask.java:266)
	at java.util.concurrent.ThreadPoolExecutor.runWorker(ThreadPoolExecutor.java:1149)
	at java.util.concurrent.ThreadPoolExecutor$Worker.run(ThreadPoolExecutor.java:624)
	at java.lang.Thread.run(Thread.java:748)
[2018-01-31 15:13:35,278] INFO [Kafka Server 0], shutting down (kafka.server.KafkaServer)
[2018-01-31 15:13:35,309] WARN Found a corrupted index file due to requirement failed: Corrupt index found, index file (D:\tmp\kafka-logs\_schemas-0\00000000000000000000.index) has non-zero size but the last offset is 0 which is no larger than the base offset 0.}. deleting D:\tmp\kafka-logs\_schemas-0\00000000000000000000.timeindex, D:\tmp\kafka-logs\_schemas-0\00000000000000000000.index, and D:\tmp\kafka-logs\_schemas-0\00000000000000000000.txnindex and rebuilding index... (kafka.log.Log)
[2018-01-31 15:13:35,324] INFO Terminate ZkClient event thread. (org.I0Itec.zkclient.ZkEventThread)
[2018-01-31 15:13:35,324] INFO Processed session termination for sessionid: 0x1614dd9f3360000 (org.apache.zookeeper.server.PrepRequestProcessor)
[2018-01-31 15:13:35,340] WARN Found a corrupted index file due to requirement failed: Corrupt index found, index file (D:\tmp\kafka-logs\__consumer_offsets-0\00000000000000000000.index) has non-zero size but the last offset is 0 which is no larger than the base offset 0.}. deleting D:\tmp\kafka-logs\__consumer_offsets-0\00000000000000000000.timeindex, D:\tmp\kafka-logs\__consumer_offsets-0\00000000000000000000.index, and D:\tmp\kafka-logs\__consumer_offsets-0\00000000000000000000.txnindex and rebuilding index... (kafka.log.Log)
[2018-01-31 15:13:35,385] INFO Closed socket connection for client /127.0.0.1:51716 which had sessionid 0x1614dd9f3360000 (org.apache.zookeeper.server.NIOServerCnxn)
[2018-01-31 15:13:35,385] INFO Session: 0x1614dd9f3360000 closed (org.apache.zookeeper.ZooKeeper)
[2018-01-31 15:13:35,385] INFO EventThread shut down for session: 0x1614dd9f3360000 (org.apache.zookeeper.ClientCnxn)
[2018-01-31 15:13:35,401] INFO [Kafka Server 0], shut down completed (kafka.server.KafkaServer)
[2018-01-31 15:13:35,401] FATAL Exiting Kafka. (kafka.server.KafkaServerStartable)
[2018-01-31 15:13:35,401] WARN Found a corrupted index file due to requirement failed: Corrupt index found, index file (D:\tmp\kafka-logs\__consumer_offsets-1\00000000000000000000.index) has non-zero size but the last offset is 0 which is no larger than the base offset 0.}. deleting D:\tmp\kafka-logs\__consumer_offsets-1\00000000000000000000.timeindex, D:\tmp\kafka-logs\__consumer_offsets-1\00000000000000000000.index, and D:\tmp\kafka-logs\__consumer_offsets-1\00000000000000000000.txnindex and rebuilding index... (kafka.log.Log)
[2018-01-31 15:13:35,417] INFO [Kafka Server 0], shutting down (kafka.server.KafkaServer)
[2018-01-31 15:13:36,007] INFO Expiring session 0x161339a68fd000b, timeout of 30000ms exceeded (org.apache.zookeeper.server.ZooKeeperServer)
[2018-01-31 15:13:36,007] INFO Expiring session 0x161339a68fd0001, timeout of 30000ms exceeded (org.apache.zookeeper.server.ZooKeeperServer)
[2018-01-31 15:13:36,007] INFO Expiring session 0x161339a68fd0009, timeout of 30000ms exceeded (org.apache.zookeeper.server.ZooKeeperServer)
[2018-01-31 15:13:36,007] INFO Expiring session 0x161339a68fd000a, timeout of 30000ms exceeded (org.apache.zookeeper.server.ZooKeeperServer)
[2018-01-31 15:13:36,007] INFO Expiring session 0x161339a68fd0003, timeout of 30000ms exceeded (org.apache.zookeeper.server.ZooKeeperServer)
[2018-01-31 15:13:36,007] INFO Processed session termination for sessionid: 0x161339a68fd000b (org.apache.zookeeper.server.PrepRequestProcessor)
[2018-01-31 15:13:36,007] INFO Processed session termination for sessionid: 0x161339a68fd0001 (org.apache.zookeeper.server.PrepRequestProcessor)
[2018-01-31 15:13:36,007] INFO Processed session termination for sessionid: 0x161339a68fd0009 (org.apache.zookeeper.server.PrepRequestProcessor)
[2018-01-31 15:13:36,007] INFO Processed session termination for sessionid: 0x161339a68fd000a (org.apache.zookeeper.server.PrepRequestProcessor)
[2018-01-31 15:13:36,007] INFO Processed session termination for sessionid: 0x161339a68fd0003 (org.apache.zookeeper.server.PrepRequestProcessor)
[2018-01-31 15:14:06,750] INFO KafkaConfig values: 
	advertised.host.name = null
	advertised.listeners = null
	advertised.port = null
	alter.config.policy.class.name = null
	authorizer.class.name = 
	auto.create.topics.enable = true
	auto.leader.rebalance.enable = true
	background.threads = 10
	broker.id = 0
	broker.id.generation.enable = true
	broker.rack = null
	compression.type = producer
	connections.max.idle.ms = 600000
	controlled.shutdown.enable = true
	controlled.shutdown.max.retries = 3
	controlled.shutdown.retry.backoff.ms = 5000
	controller.socket.timeout.ms = 30000
	create.topic.policy.class.name = null
	default.replication.factor = 1
	delete.records.purgatory.purge.interval.requests = 1
	delete.topic.enable = false
	fetch.purgatory.purge.interval.requests = 1000
	group.initial.rebalance.delay.ms = 0
	group.max.session.timeout.ms = 300000
	group.min.session.timeout.ms = 6000
	host.name = 
	inter.broker.listener.name = null
	inter.broker.protocol.version = 0.11.0-IV2
	leader.imbalance.check.interval.seconds = 300
	leader.imbalance.per.broker.percentage = 10
	listener.security.protocol.map = SSL:SSL,SASL_PLAINTEXT:SASL_PLAINTEXT,TRACE:TRACE,SASL_SSL:SASL_SSL,PLAINTEXT:PLAINTEXT
	listeners = null
	log.cleaner.backoff.ms = 15000
	log.cleaner.dedupe.buffer.size = 134217728
	log.cleaner.delete.retention.ms = 86400000
	log.cleaner.enable = true
	log.cleaner.io.buffer.load.factor = 0.9
	log.cleaner.io.buffer.size = 524288
	log.cleaner.io.max.bytes.per.second = 1.7976931348623157E308
	log.cleaner.min.cleanable.ratio = 0.5
	log.cleaner.min.compaction.lag.ms = 0
	log.cleaner.threads = 1
	log.cleanup.policy = [delete]
	log.dir = /tmp/kafka-logs
	log.dirs = /tmp/kafka-logs
	log.flush.interval.messages = 9223372036854775807
	log.flush.interval.ms = null
	log.flush.offset.checkpoint.interval.ms = 60000
	log.flush.scheduler.interval.ms = 9223372036854775807
	log.flush.start.offset.checkpoint.interval.ms = 60000
	log.index.interval.bytes = 4096
	log.index.size.max.bytes = 10485760
	log.message.format.version = 0.11.0-IV2
	log.message.timestamp.difference.max.ms = 9223372036854775807
	log.message.timestamp.type = CreateTime
	log.preallocate = false
	log.retention.bytes = -1
	log.retention.check.interval.ms = 300000
	log.retention.hours = 168
	log.retention.minutes = null
	log.retention.ms = null
	log.roll.hours = 168
	log.roll.jitter.hours = 0
	log.roll.jitter.ms = null
	log.roll.ms = null
	log.segment.bytes = 1073741824
	log.segment.delete.delay.ms = 60000
	max.connections.per.ip = 2147483647
	max.connections.per.ip.overrides = 
	message.max.bytes = 1000012
	metric.reporters = []
	metrics.num.samples = 2
	metrics.recording.level = INFO
	metrics.sample.window.ms = 30000
	min.insync.replicas = 1
	num.io.threads = 8
	num.network.threads = 3
	num.partitions = 1
	num.recovery.threads.per.data.dir = 1
	num.replica.fetchers = 1
	offset.metadata.max.bytes = 4096
	offsets.commit.required.acks = -1
	offsets.commit.timeout.ms = 5000
	offsets.load.buffer.size = 5242880
	offsets.retention.check.interval.ms = 600000
	offsets.retention.minutes = 1440
	offsets.topic.compression.codec = 0
	offsets.topic.num.partitions = 50
	offsets.topic.replication.factor = 1
	offsets.topic.segment.bytes = 104857600
	port = 9092
	principal.builder.class = class org.apache.kafka.common.security.auth.DefaultPrincipalBuilder
	producer.purgatory.purge.interval.requests = 1000
	queued.max.requests = 500
	quota.consumer.default = 9223372036854775807
	quota.producer.default = 9223372036854775807
	quota.window.num = 11
	quota.window.size.seconds = 1
	replica.fetch.backoff.ms = 1000
	replica.fetch.max.bytes = 1048576
	replica.fetch.min.bytes = 1
	replica.fetch.response.max.bytes = 10485760
	replica.fetch.wait.max.ms = 500
	replica.high.watermark.checkpoint.interval.ms = 5000
	replica.lag.time.max.ms = 10000
	replica.socket.receive.buffer.bytes = 65536
	replica.socket.timeout.ms = 30000
	replication.quota.window.num = 11
	replication.quota.window.size.seconds = 1
	request.timeout.ms = 30000
	reserved.broker.max.id = 1000
	sasl.enabled.mechanisms = [GSSAPI]
	sasl.kerberos.kinit.cmd = /usr/bin/kinit
	sasl.kerberos.min.time.before.relogin = 60000
	sasl.kerberos.principal.to.local.rules = [DEFAULT]
	sasl.kerberos.service.name = null
	sasl.kerberos.ticket.renew.jitter = 0.05
	sasl.kerberos.ticket.renew.window.factor = 0.8
	sasl.mechanism.inter.broker.protocol = GSSAPI
	security.inter.broker.protocol = PLAINTEXT
	socket.receive.buffer.bytes = 102400
	socket.request.max.bytes = 104857600
	socket.send.buffer.bytes = 102400
	ssl.cipher.suites = null
	ssl.client.auth = none
	ssl.enabled.protocols = [TLSv1.2, TLSv1.1, TLSv1]
	ssl.endpoint.identification.algorithm = null
	ssl.key.password = null
	ssl.keymanager.algorithm = SunX509
	ssl.keystore.location = null
	ssl.keystore.password = null
	ssl.keystore.type = JKS
	ssl.protocol = TLS
	ssl.provider = null
	ssl.secure.random.implementation = null
	ssl.trustmanager.algorithm = PKIX
	ssl.truststore.location = null
	ssl.truststore.password = null
	ssl.truststore.type = JKS
	transaction.abort.timed.out.transaction.cleanup.interval.ms = 60000
	transaction.max.timeout.ms = 900000
	transaction.remove.expired.transaction.cleanup.interval.ms = 3600000
	transaction.state.log.load.buffer.size = 5242880
	transaction.state.log.min.isr = 1
	transaction.state.log.num.partitions = 50
	transaction.state.log.replication.factor = 1
	transaction.state.log.segment.bytes = 104857600
	transactional.id.expiration.ms = 604800000
	unclean.leader.election.enable = false
	zookeeper.connect = localhost:2181
	zookeeper.connection.timeout.ms = 6000
	zookeeper.session.timeout.ms = 6000
	zookeeper.set.acl = false
	zookeeper.sync.time.ms = 2000
 (kafka.server.KafkaConfig)
[2018-01-31 15:14:06,781] INFO starting (kafka.server.KafkaServer)
[2018-01-31 15:14:06,781] INFO Connecting to zookeeper on localhost:2181 (kafka.server.KafkaServer)
[2018-01-31 15:14:06,781] INFO Starting ZkClient event thread. (org.I0Itec.zkclient.ZkEventThread)
[2018-01-31 15:14:06,796] INFO Client environment:zookeeper.version=3.4.10-39d3a4f269333c922ed3db283be479f9deacaa0f, built on 03/23/2017 10:13 GMT (org.apache.zookeeper.ZooKeeper)
[2018-01-31 15:14:06,796] INFO Client environment:host.name=Spryte (org.apache.zookeeper.ZooKeeper)
[2018-01-31 15:14:06,796] INFO Client environment:java.version=1.8.0_144 (org.apache.zookeeper.ZooKeeper)
[2018-01-31 15:14:06,796] INFO Client environment:java.vendor=Oracle Corporation (org.apache.zookeeper.ZooKeeper)
[2018-01-31 15:14:06,796] INFO Client environment:java.home=C:\Program Files\Java\jdk1.8.0_144\jre (org.apache.zookeeper.ZooKeeper)
[2018-01-31 15:14:06,796] INFO Client environment:java.class.path=D:\zhjn\Documents\JIE7351\share\java\kafka\kafka-clients-0.11.0.1-cp1.jar;D:\zhjn\Documents\JIE7351\share\java\kafka\aopalliance-repackaged-2.5.0-b05.jar;D:\zhjn\Documents\JIE7351\share\java\kafka\argparse4j-0.7.0.jar;D:\zhjn\Documents\JIE7351\share\java\kafka\avro-1.8.2.jar;D:\zhjn\Documents\JIE7351\share\java\kafka\commons-beanutils-1.8.3.jar;D:\zhjn\Documents\JIE7351\share\java\kafka\commons-codec-1.9.jar;D:\zhjn\Documents\JIE7351\share\java\kafka\commons-collections-3.2.1.jar;D:\zhjn\Documents\JIE7351\share\java\kafka\commons-compress-1.8.1.jar;D:\zhjn\Documents\JIE7351\share\java\kafka\commons-digester-1.8.1.jar;D:\zhjn\Documents\JIE7351\share\java\kafka\commons-lang3-3.1.jar;D:\zhjn\Documents\JIE7351\share\java\kafka\commons-lang3-3.5.jar;D:\zhjn\Documents\JIE7351\share\java\kafka\commons-logging-1.2.jar;D:\zhjn\Documents\JIE7351\share\java\kafka\commons-validator-1.4.1.jar;D:\zhjn\Documents\JIE7351\share\java\kafka\connect-api-0.11.0.1-cp1.jar;D:\zhjn\Documents\JIE7351\share\java\kafka\connect-file-0.11.0.1-cp1.jar;D:\zhjn\Documents\JIE7351\share\java\kafka\connect-json-0.11.0.1-cp1.jar;D:\zhjn\Documents\JIE7351\share\java\kafka\connect-runtime-0.11.0.1-cp1.jar;D:\zhjn\Documents\JIE7351\share\java\kafka\connect-transforms-0.11.0.1-cp1.jar;D:\zhjn\Documents\JIE7351\share\java\kafka\guava-20.0.jar;D:\zhjn\Documents\JIE7351\share\java\kafka\hk2-api-2.5.0-b05.jar;D:\zhjn\Documents\JIE7351\share\java\kafka\hk2-locator-2.5.0-b05.jar;D:\zhjn\Documents\JIE7351\share\java\kafka\hk2-utils-2.5.0-b05.jar;D:\zhjn\Documents\JIE7351\share\java\kafka\httpclient-4.5.2.jar;D:\zhjn\Documents\JIE7351\share\java\kafka\httpcore-4.4.4.jar;D:\zhjn\Documents\JIE7351\share\java\kafka\httpmime-4.5.2.jar;D:\zhjn\Documents\JIE7351\share\java\kafka\jackson-annotations-2.8.5.jar;D:\zhjn\Documents\JIE7351\share\java\kafka\jackson-core-2.8.5.jar;D:\zhjn\Documents\JIE7351\share\java\kafka\jackson-core-asl-1.9.13.jar;D:\zhjn\Documents\JIE7351\share\java\kafka\jackson-databind-2.8.5.jar;D:\zhjn\Documents\JIE7351\share\java\kafka\jackson-jaxrs-base-2.8.5.jar;D:\zhjn\Documents\JIE7351\share\java\kafka\jackson-jaxrs-json-provider-2.8.5.jar;D:\zhjn\Documents\JIE7351\share\java\kafka\jackson-mapper-asl-1.9.13.jar;D:\zhjn\Documents\JIE7351\share\java\kafka\jackson-module-jaxb-annotations-2.8.5.jar;D:\zhjn\Documents\JIE7351\share\java\kafka\javassist-3.21.0-GA.jar;D:\zhjn\Documents\JIE7351\share\java\kafka\javax.annotation-api-1.2.jar;D:\zhjn\Documents\JIE7351\share\java\kafka\javax.inject-1.jar;D:\zhjn\Documents\JIE7351\share\java\kafka\javax.inject-2.5.0-b05.jar;D:\zhjn\Documents\JIE7351\share\java\kafka\javax.servlet-api-3.1.0.jar;D:\zhjn\Documents\JIE7351\share\java\kafka\javax.ws.rs-api-2.0.1.jar;D:\zhjn\Documents\JIE7351\share\java\kafka\jersey-client-2.24.jar;D:\zhjn\Documents\JIE7351\share\java\kafka\jersey-common-2.24.jar;D:\zhjn\Documents\JIE7351\share\java\kafka\jersey-container-servlet-2.24.jar;D:\zhjn\Documents\JIE7351\share\java\kafka\jersey-container-servlet-core-2.24.jar;D:\zhjn\Documents\JIE7351\share\java\kafka\jersey-guava-2.24.jar;D:\zhjn\Documents\JIE7351\share\java\kafka\jersey-media-jaxb-2.24.jar;D:\zhjn\Documents\JIE7351\share\java\kafka\jersey-server-2.24.jar;D:\zhjn\Documents\JIE7351\share\java\kafka\jetty-continuation-9.2.22.v20170606.jar;D:\zhjn\Documents\JIE7351\share\java\kafka\jetty-http-9.2.22.v20170606.jar;D:\zhjn\Documents\JIE7351\share\java\kafka\jetty-io-9.2.22.v20170606.jar;D:\zhjn\Documents\JIE7351\share\java\kafka\jetty-security-9.2.22.v20170606.jar;D:\zhjn\Documents\JIE7351\share\java\kafka\jetty-server-9.2.22.v20170606.jar;D:\zhjn\Documents\JIE7351\share\java\kafka\jetty-servlet-9.2.22.v20170606.jar;D:\zhjn\Documents\JIE7351\share\java\kafka\jetty-servlets-9.2.22.v20170606.jar;D:\zhjn\Documents\JIE7351\share\java\kafka\jetty-util-9.2.22.v20170606.jar;D:\zhjn\Documents\JIE7351\share\java\kafka\jopt-simple-5.0.3.jar;D:\zhjn\Documents\JIE7351\share\java\kafka\kafka-clients-0.11.0.1-cp1.jar;D:\zhjn\Documents\JIE7351\share\java\kafka\kafka-log4j-appender-0.11.0.1-cp1.jar;D:\zhjn\Documents\JIE7351\share\java\kafka\kafka-streams-0.11.0.1-cp1.jar;D:\zhjn\Documents\JIE7351\share\java\kafka\kafka-streams-examples-0.11.0.1-cp1.jar;D:\zhjn\Documents\JIE7351\share\java\kafka\kafka-tools-0.11.0.1-cp1.jar;D:\zhjn\Documents\JIE7351\share\java\kafka\kafka.jar;D:\zhjn\Documents\JIE7351\share\java\kafka\kafka_2.11-0.11.0.1-cp1-javadoc.jar;D:\zhjn\Documents\JIE7351\share\java\kafka\kafka_2.11-0.11.0.1-cp1-scaladoc.jar;D:\zhjn\Documents\JIE7351\share\java\kafka\kafka_2.11-0.11.0.1-cp1-sources.jar;D:\zhjn\Documents\JIE7351\share\java\kafka\kafka_2.11-0.11.0.1-cp1-test-sources.jar;D:\zhjn\Documents\JIE7351\share\java\kafka\kafka_2.11-0.11.0.1-cp1-test.jar;D:\zhjn\Documents\JIE7351\share\java\kafka\kafka_2.11-0.11.0.1-cp1.jar;D:\zhjn\Documents\JIE7351\share\java\kafka\log4j-1.2.17.jar;D:\zhjn\Documents\JIE7351\share\java\kafka\lz4-1.3.0.jar;D:\zhjn\Documents\JIE7351\share\java\kafka\maven-artifact-3.5.0.jar;D:\zhjn\Documents\JIE7351\share\java\kafka\metrics-core-2.2.0.jar;D:\zhjn\Documents\JIE7351\share\java\kafka\osgi-resource-locator-1.0.1.jar;D:\zhjn\Documents\JIE7351\share\java\kafka\paranamer-2.7.jar;D:\zhjn\Documents\JIE7351\share\java\kafka\plexus-utils-3.0.24.jar;D:\zhjn\Documents\JIE7351\share\java\kafka\reflections-0.9.11.jar;D:\zhjn\Documents\JIE7351\share\java\kafka\rocksdbjni-5.0.1.jar;D:\zhjn\Documents\JIE7351\share\java\kafka\scala-library-2.11.11.jar;D:\zhjn\Documents\JIE7351\share\java\kafka\scala-parser-combinators_2.11-1.0.4.jar;D:\zhjn\Documents\JIE7351\share\java\kafka\slf4j-api-1.7.25.jar;D:\zhjn\Documents\JIE7351\share\java\kafka\slf4j-log4j12-1.7.25.jar;D:\zhjn\Documents\JIE7351\share\java\kafka\snappy-java-1.1.2.6.jar;D:\zhjn\Documents\JIE7351\share\java\kafka\support-metrics-client-3.3.1.jar;D:\zhjn\Documents\JIE7351\share\java\kafka\support-metrics-common-3.3.1.jar;D:\zhjn\Documents\JIE7351\share\java\kafka\validation-api-1.1.0.Final.jar;D:\zhjn\Documents\JIE7351\share\java\kafka\xz-1.5.jar;D:\zhjn\Documents\JIE7351\share\java\kafka\zkclient-0.10.jar;D:\zhjn\Documents\JIE7351\share\java\kafka\zookeeper-3.4.10.jar (org.apache.zookeeper.ZooKeeper)
[2018-01-31 15:14:06,796] INFO Client environment:java.library.path=C:\Program Files\Java\jdk1.8.0_144\bin;C:\WINDOWS\Sun\Java\bin;C:\WINDOWS\system32;C:\WINDOWS;D:\zhjn\Documents\platform-tools-latest-windows\platform-tools;C:\WINDOWS\system32;C:\WINDOWS;C:\WINDOWS\System32\Wbem;C:\WINDOWS\System32\WindowsPowerShell\v1.0\;C:\Program Files (x86)\NVIDIA Corporation\PhysX\Common;C:\Program Files\Git\cmd;C:\Program Files\nodejs\;C:\Program Files\Java\jdk1.8.0_144\bin;C:\Program Files (x86)\Microsoft SQL Server\Client SDK\ODBC\130\Tools\Binn\;C:\Program Files (x86)\Microsoft SQL Server\140\Tools\Binn\;C:\Program Files (x86)\Microsoft SQL Server\140\DTS\Binn\;C:\Program Files (x86)\Microsoft SQL Server\140\Tools\Binn\ManagementStudio\;C:\WINDOWS\system32;C:\WINDOWS;C:\WINDOWS\System32\Wbem;C:\WINDOWS\System32\WindowsPowerShell\v1.0\;C:\Python27;C:\Python27\Scripts;C:\Program Files (x86)\PharosSystems\Core;C:\Program Files\Microsoft SQL Server\Client SDK\ODBC\110\Tools\Binn\;C:\Program Files (x86)\Microsoft SQL Server\120\Tools\Binn\;C:\Program Files\Microsoft SQL Server\120\Tools\Binn\;C:\Program Files\Microsoft SQL Server\120\DTS\Binn\;C:\Program Files (x86)\Microsoft SQL Server\120\Tools\Binn\ManagementStudio\;C:\Program Files (x86)\Microsoft SQL Server\120\DTS\Binn\;C:\HashiCorp\Vagrant\bin;D:\zhjn\Documents\JIE7351;C:\Program Files\Microsoft JDBC Driver 6.0 for SQL Server\sqljdbc_6.0\enu\jre8;C:\Program Files\apache-maven-3.5.2\bin;C:\Program Files (x86)\Windows Kits\8.1\Windows Performance Toolkit\;C:\Program Files\sdk-tools-windows-3859397;C:\WINDOWS\System32\OpenSSH\;D:\zhjn\Documents\Gatech\Spring 2018\CS 4646\Assignment 1;C:\Program Files\PuTTY\;C:\Users\zhiji\AppData\Local\Microsoft\WindowsApps;C:\Users\zhiji\AppData\Roaming\npm;C:\Users\zhiji\AppData\Local\Microsoft\WindowsApps;;. (org.apache.zookeeper.ZooKeeper)
[2018-01-31 15:14:06,796] INFO Client environment:java.io.tmpdir=C:\Users\zhiji\AppData\Local\Temp\ (org.apache.zookeeper.ZooKeeper)
[2018-01-31 15:14:06,796] INFO Client environment:java.compiler=<NA> (org.apache.zookeeper.ZooKeeper)
[2018-01-31 15:14:06,796] INFO Client environment:os.name=Windows 10 (org.apache.zookeeper.ZooKeeper)
[2018-01-31 15:14:06,796] INFO Client environment:os.arch=amd64 (org.apache.zookeeper.ZooKeeper)
[2018-01-31 15:14:06,796] INFO Client environment:os.version=10.0 (org.apache.zookeeper.ZooKeeper)
[2018-01-31 15:14:06,796] INFO Client environment:user.name=zhijian (org.apache.zookeeper.ZooKeeper)
[2018-01-31 15:14:06,796] INFO Client environment:user.home=C:\Users\zhiji (org.apache.zookeeper.ZooKeeper)
[2018-01-31 15:14:06,796] INFO Client environment:user.dir=D:\zhjn\Documents\JIE7351 (org.apache.zookeeper.ZooKeeper)
[2018-01-31 15:14:06,796] INFO Initiating client connection, connectString=localhost:2181 sessionTimeout=6000 watcher=org.I0Itec.zkclient.ZkClient@7ec7ffd3 (org.apache.zookeeper.ZooKeeper)
[2018-01-31 15:14:06,812] INFO Waiting for keeper state SyncConnected (org.I0Itec.zkclient.ZkClient)
[2018-01-31 15:14:06,812] INFO Opening socket connection to server 127.0.0.1/127.0.0.1:2181. Will not attempt to authenticate using SASL (unknown error) (org.apache.zookeeper.ClientCnxn)
[2018-01-31 15:14:06,828] INFO Accepted socket connection from /127.0.0.1:51755 (org.apache.zookeeper.server.NIOServerCnxnFactory)
[2018-01-31 15:14:06,828] INFO Socket connection established to 127.0.0.1/127.0.0.1:2181, initiating session (org.apache.zookeeper.ClientCnxn)
[2018-01-31 15:14:06,828] INFO Client attempting to establish new session at /127.0.0.1:51755 (org.apache.zookeeper.server.ZooKeeperServer)
[2018-01-31 15:14:07,993] WARN fsync-ing the write ahead log in SyncThread:0 took 1167ms which will adversely effect operation latency. See the ZooKeeper troubleshooting guide (org.apache.zookeeper.server.persistence.FileTxnLog)
[2018-01-31 15:14:07,993] INFO Established session 0x1614dd9f3360001 with negotiated timeout 6000 for client /127.0.0.1:51755 (org.apache.zookeeper.server.ZooKeeperServer)
[2018-01-31 15:14:07,993] INFO Session establishment complete on server 127.0.0.1/127.0.0.1:2181, sessionid = 0x1614dd9f3360001, negotiated timeout = 6000 (org.apache.zookeeper.ClientCnxn)
[2018-01-31 15:14:07,993] INFO zookeeper state changed (SyncConnected) (org.I0Itec.zkclient.ZkClient)
[2018-01-31 15:14:08,087] INFO Cluster ID = aBEgKfpUQbmLmMYlycM2Fg (kafka.server.KafkaServer)
[2018-01-31 15:14:08,118] INFO [ThrottledRequestReaper-Fetch]: Starting (kafka.server.ClientQuotaManager$ThrottledRequestReaper)
[2018-01-31 15:14:08,118] INFO [ThrottledRequestReaper-Produce]: Starting (kafka.server.ClientQuotaManager$ThrottledRequestReaper)
[2018-01-31 15:14:08,118] INFO [ThrottledRequestReaper-Request]: Starting (kafka.server.ClientQuotaManager$ThrottledRequestReaper)
[2018-01-31 15:14:08,149] INFO Loading logs. (kafka.log.LogManager)
[2018-01-31 15:14:08,196] WARN Found a corrupted index file due to requirement failed: Corrupt index found, index file (D:\tmp\kafka-logs\text.test-0\00000000000000000000.index) has non-zero size but the last offset is 0 which is no larger than the base offset 0.}. deleting D:\tmp\kafka-logs\text.test-0\00000000000000000000.timeindex, D:\tmp\kafka-logs\text.test-0\00000000000000000000.index, and D:\tmp\kafka-logs\text.test-0\00000000000000000000.txnindex and rebuilding index... (kafka.log.Log)
[2018-01-31 15:14:08,196] ERROR There was an error in one of the threads during logs loading: java.nio.file.FileSystemException: \tmp\kafka-logs\text.test-0\00000000000000000000.timeindex: The process cannot access the file because it is being used by another process.
 (kafka.log.LogManager)
[2018-01-31 15:14:08,196] FATAL [Kafka Server 0], Fatal error during KafkaServer startup. Prepare to shutdown (kafka.server.KafkaServer)
java.nio.file.FileSystemException: \tmp\kafka-logs\text.test-0\00000000000000000000.timeindex: The process cannot access the file because it is being used by another process.

	at sun.nio.fs.WindowsException.translateToIOException(WindowsException.java:86)
	at sun.nio.fs.WindowsException.rethrowAsIOException(WindowsException.java:97)
	at sun.nio.fs.WindowsException.rethrowAsIOException(WindowsException.java:102)
	at sun.nio.fs.WindowsFileSystemProvider.implDelete(WindowsFileSystemProvider.java:269)
	at sun.nio.fs.AbstractFileSystemProvider.deleteIfExists(AbstractFileSystemProvider.java:108)
	at java.nio.file.Files.deleteIfExists(Files.java:1165)
	at kafka.log.Log$$anonfun$loadSegmentFiles$3.apply(Log.scala:318)
	at kafka.log.Log$$anonfun$loadSegmentFiles$3.apply(Log.scala:279)
	at scala.collection.TraversableLike$WithFilter$$anonfun$foreach$1.apply(TraversableLike.scala:733)
	at scala.collection.IndexedSeqOptimized$class.foreach(IndexedSeqOptimized.scala:33)
	at scala.collection.mutable.ArrayOps$ofRef.foreach(ArrayOps.scala:186)
	at scala.collection.TraversableLike$WithFilter.foreach(TraversableLike.scala:732)
	at kafka.log.Log.loadSegmentFiles(Log.scala:279)
	at kafka.log.Log.loadSegments(Log.scala:383)
	at kafka.log.Log.<init>(Log.scala:186)
	at kafka.log.Log$.apply(Log.scala:1609)
	at kafka.log.LogManager$$anonfun$loadLogs$2$$anonfun$5$$anonfun$apply$12$$anonfun$apply$1.apply$mcV$sp(LogManager.scala:172)
	at kafka.utils.CoreUtils$$anon$1.run(CoreUtils.scala:57)
	at java.util.concurrent.Executors$RunnableAdapter.call(Executors.java:511)
	at java.util.concurrent.FutureTask.run(FutureTask.java:266)
	at java.util.concurrent.ThreadPoolExecutor.runWorker(ThreadPoolExecutor.java:1149)
	at java.util.concurrent.ThreadPoolExecutor$Worker.run(ThreadPoolExecutor.java:624)
	at java.lang.Thread.run(Thread.java:748)
[2018-01-31 15:14:08,196] INFO [Kafka Server 0], shutting down (kafka.server.KafkaServer)
[2018-01-31 15:14:08,212] INFO Terminate ZkClient event thread. (org.I0Itec.zkclient.ZkEventThread)
[2018-01-31 15:14:08,212] INFO Processed session termination for sessionid: 0x1614dd9f3360001 (org.apache.zookeeper.server.PrepRequestProcessor)
[2018-01-31 15:14:08,212] WARN Found a corrupted index file due to requirement failed: Corrupt index found, index file (D:\tmp\kafka-logs\_schemas-0\00000000000000000000.index) has non-zero size but the last offset is 0 which is no larger than the base offset 0.}. deleting D:\tmp\kafka-logs\_schemas-0\00000000000000000000.timeindex, D:\tmp\kafka-logs\_schemas-0\00000000000000000000.index, and D:\tmp\kafka-logs\_schemas-0\00000000000000000000.txnindex and rebuilding index... (kafka.log.Log)
[2018-01-31 15:14:08,227] WARN Found a corrupted index file due to requirement failed: Corrupt index found, index file (D:\tmp\kafka-logs\__consumer_offsets-0\00000000000000000000.index) has non-zero size but the last offset is 0 which is no larger than the base offset 0.}. deleting D:\tmp\kafka-logs\__consumer_offsets-0\00000000000000000000.timeindex, D:\tmp\kafka-logs\__consumer_offsets-0\00000000000000000000.index, and D:\tmp\kafka-logs\__consumer_offsets-0\00000000000000000000.txnindex and rebuilding index... (kafka.log.Log)
[2018-01-31 15:14:08,227] WARN Found a corrupted index file due to requirement failed: Corrupt index found, index file (D:\tmp\kafka-logs\__consumer_offsets-1\00000000000000000000.index) has non-zero size but the last offset is 0 which is no larger than the base offset 0.}. deleting D:\tmp\kafka-logs\__consumer_offsets-1\00000000000000000000.timeindex, D:\tmp\kafka-logs\__consumer_offsets-1\00000000000000000000.index, and D:\tmp\kafka-logs\__consumer_offsets-1\00000000000000000000.txnindex and rebuilding index... (kafka.log.Log)
[2018-01-31 15:14:08,243] INFO Closed socket connection for client /127.0.0.1:51755 which had sessionid 0x1614dd9f3360001 (org.apache.zookeeper.server.NIOServerCnxn)
[2018-01-31 15:14:08,243] INFO Session: 0x1614dd9f3360001 closed (org.apache.zookeeper.ZooKeeper)
[2018-01-31 15:14:08,243] INFO EventThread shut down for session: 0x1614dd9f3360001 (org.apache.zookeeper.ClientCnxn)
[2018-01-31 15:14:08,243] WARN Found a corrupted index file due to requirement failed: Corrupt index found, index file (D:\tmp\kafka-logs\__consumer_offsets-10\00000000000000000000.index) has non-zero size but the last offset is 0 which is no larger than the base offset 0.}. deleting D:\tmp\kafka-logs\__consumer_offsets-10\00000000000000000000.timeindex, D:\tmp\kafka-logs\__consumer_offsets-10\00000000000000000000.index, and D:\tmp\kafka-logs\__consumer_offsets-10\00000000000000000000.txnindex and rebuilding index... (kafka.log.Log)
[2018-01-31 15:14:08,243] INFO [Kafka Server 0], shut down completed (kafka.server.KafkaServer)
[2018-01-31 15:14:08,243] FATAL Exiting Kafka. (kafka.server.KafkaServerStartable)
[2018-01-31 15:14:08,243] INFO [Kafka Server 0], shutting down (kafka.server.KafkaServer)
[2018-01-31 15:14:35,878] INFO Reading configuration from: etc\kafka\zookeeper.properties (org.apache.zookeeper.server.quorum.QuorumPeerConfig)
[2018-01-31 15:14:35,878] INFO autopurge.snapRetainCount set to 3 (org.apache.zookeeper.server.DatadirCleanupManager)
[2018-01-31 15:14:35,878] INFO autopurge.purgeInterval set to 0 (org.apache.zookeeper.server.DatadirCleanupManager)
[2018-01-31 15:14:35,878] INFO Purge task is not scheduled. (org.apache.zookeeper.server.DatadirCleanupManager)
[2018-01-31 15:14:35,878] WARN Either no config or no quorum defined in config, running  in standalone mode (org.apache.zookeeper.server.quorum.QuorumPeerMain)
[2018-01-31 15:14:35,893] INFO Reading configuration from: etc\kafka\zookeeper.properties (org.apache.zookeeper.server.quorum.QuorumPeerConfig)
[2018-01-31 15:14:35,893] INFO Starting server (org.apache.zookeeper.server.ZooKeeperServerMain)
[2018-01-31 15:14:35,910] INFO Server environment:zookeeper.version=3.4.10-39d3a4f269333c922ed3db283be479f9deacaa0f, built on 03/23/2017 10:13 GMT (org.apache.zookeeper.server.ZooKeeperServer)
[2018-01-31 15:14:35,911] INFO Server environment:host.name=Spryte (org.apache.zookeeper.server.ZooKeeperServer)
[2018-01-31 15:14:35,912] INFO Server environment:java.version=1.8.0_144 (org.apache.zookeeper.server.ZooKeeperServer)
[2018-01-31 15:14:35,913] INFO Server environment:java.vendor=Oracle Corporation (org.apache.zookeeper.server.ZooKeeperServer)
[2018-01-31 15:14:35,913] INFO Server environment:java.home=C:\Program Files\Java\jdk1.8.0_144\jre (org.apache.zookeeper.server.ZooKeeperServer)
[2018-01-31 15:14:35,914] INFO Server environment:java.class.path=D:\zhjn\Documents\JIE7351\share\java\kafka\kafka-clients-0.11.0.1-cp1.jar;D:\zhjn\Documents\JIE7351\share\java\kafka\aopalliance-repackaged-2.5.0-b05.jar;D:\zhjn\Documents\JIE7351\share\java\kafka\argparse4j-0.7.0.jar;D:\zhjn\Documents\JIE7351\share\java\kafka\avro-1.8.2.jar;D:\zhjn\Documents\JIE7351\share\java\kafka\commons-beanutils-1.8.3.jar;D:\zhjn\Documents\JIE7351\share\java\kafka\commons-codec-1.9.jar;D:\zhjn\Documents\JIE7351\share\java\kafka\commons-collections-3.2.1.jar;D:\zhjn\Documents\JIE7351\share\java\kafka\commons-compress-1.8.1.jar;D:\zhjn\Documents\JIE7351\share\java\kafka\commons-digester-1.8.1.jar;D:\zhjn\Documents\JIE7351\share\java\kafka\commons-lang3-3.1.jar;D:\zhjn\Documents\JIE7351\share\java\kafka\commons-lang3-3.5.jar;D:\zhjn\Documents\JIE7351\share\java\kafka\commons-logging-1.2.jar;D:\zhjn\Documents\JIE7351\share\java\kafka\commons-validator-1.4.1.jar;D:\zhjn\Documents\JIE7351\share\java\kafka\connect-api-0.11.0.1-cp1.jar;D:\zhjn\Documents\JIE7351\share\java\kafka\connect-file-0.11.0.1-cp1.jar;D:\zhjn\Documents\JIE7351\share\java\kafka\connect-json-0.11.0.1-cp1.jar;D:\zhjn\Documents\JIE7351\share\java\kafka\connect-runtime-0.11.0.1-cp1.jar;D:\zhjn\Documents\JIE7351\share\java\kafka\connect-transforms-0.11.0.1-cp1.jar;D:\zhjn\Documents\JIE7351\share\java\kafka\guava-20.0.jar;D:\zhjn\Documents\JIE7351\share\java\kafka\hk2-api-2.5.0-b05.jar;D:\zhjn\Documents\JIE7351\share\java\kafka\hk2-locator-2.5.0-b05.jar;D:\zhjn\Documents\JIE7351\share\java\kafka\hk2-utils-2.5.0-b05.jar;D:\zhjn\Documents\JIE7351\share\java\kafka\httpclient-4.5.2.jar;D:\zhjn\Documents\JIE7351\share\java\kafka\httpcore-4.4.4.jar;D:\zhjn\Documents\JIE7351\share\java\kafka\httpmime-4.5.2.jar;D:\zhjn\Documents\JIE7351\share\java\kafka\jackson-annotations-2.8.5.jar;D:\zhjn\Documents\JIE7351\share\java\kafka\jackson-core-2.8.5.jar;D:\zhjn\Documents\JIE7351\share\java\kafka\jackson-core-asl-1.9.13.jar;D:\zhjn\Documents\JIE7351\share\java\kafka\jackson-databind-2.8.5.jar;D:\zhjn\Documents\JIE7351\share\java\kafka\jackson-jaxrs-base-2.8.5.jar;D:\zhjn\Documents\JIE7351\share\java\kafka\jackson-jaxrs-json-provider-2.8.5.jar;D:\zhjn\Documents\JIE7351\share\java\kafka\jackson-mapper-asl-1.9.13.jar;D:\zhjn\Documents\JIE7351\share\java\kafka\jackson-module-jaxb-annotations-2.8.5.jar;D:\zhjn\Documents\JIE7351\share\java\kafka\javassist-3.21.0-GA.jar;D:\zhjn\Documents\JIE7351\share\java\kafka\javax.annotation-api-1.2.jar;D:\zhjn\Documents\JIE7351\share\java\kafka\javax.inject-1.jar;D:\zhjn\Documents\JIE7351\share\java\kafka\javax.inject-2.5.0-b05.jar;D:\zhjn\Documents\JIE7351\share\java\kafka\javax.servlet-api-3.1.0.jar;D:\zhjn\Documents\JIE7351\share\java\kafka\javax.ws.rs-api-2.0.1.jar;D:\zhjn\Documents\JIE7351\share\java\kafka\jersey-client-2.24.jar;D:\zhjn\Documents\JIE7351\share\java\kafka\jersey-common-2.24.jar;D:\zhjn\Documents\JIE7351\share\java\kafka\jersey-container-servlet-2.24.jar;D:\zhjn\Documents\JIE7351\share\java\kafka\jersey-container-servlet-core-2.24.jar;D:\zhjn\Documents\JIE7351\share\java\kafka\jersey-guava-2.24.jar;D:\zhjn\Documents\JIE7351\share\java\kafka\jersey-media-jaxb-2.24.jar;D:\zhjn\Documents\JIE7351\share\java\kafka\jersey-server-2.24.jar;D:\zhjn\Documents\JIE7351\share\java\kafka\jetty-continuation-9.2.22.v20170606.jar;D:\zhjn\Documents\JIE7351\share\java\kafka\jetty-http-9.2.22.v20170606.jar;D:\zhjn\Documents\JIE7351\share\java\kafka\jetty-io-9.2.22.v20170606.jar;D:\zhjn\Documents\JIE7351\share\java\kafka\jetty-security-9.2.22.v20170606.jar;D:\zhjn\Documents\JIE7351\share\java\kafka\jetty-server-9.2.22.v20170606.jar;D:\zhjn\Documents\JIE7351\share\java\kafka\jetty-servlet-9.2.22.v20170606.jar;D:\zhjn\Documents\JIE7351\share\java\kafka\jetty-servlets-9.2.22.v20170606.jar;D:\zhjn\Documents\JIE7351\share\java\kafka\jetty-util-9.2.22.v20170606.jar;D:\zhjn\Documents\JIE7351\share\java\kafka\jopt-simple-5.0.3.jar;D:\zhjn\Documents\JIE7351\share\java\kafka\kafka-clients-0.11.0.1-cp1.jar;D:\zhjn\Documents\JIE7351\share\java\kafka\kafka-log4j-appender-0.11.0.1-cp1.jar;D:\zhjn\Documents\JIE7351\share\java\kafka\kafka-streams-0.11.0.1-cp1.jar;D:\zhjn\Documents\JIE7351\share\java\kafka\kafka-streams-examples-0.11.0.1-cp1.jar;D:\zhjn\Documents\JIE7351\share\java\kafka\kafka-tools-0.11.0.1-cp1.jar;D:\zhjn\Documents\JIE7351\share\java\kafka\kafka.jar;D:\zhjn\Documents\JIE7351\share\java\kafka\kafka_2.11-0.11.0.1-cp1-javadoc.jar;D:\zhjn\Documents\JIE7351\share\java\kafka\kafka_2.11-0.11.0.1-cp1-scaladoc.jar;D:\zhjn\Documents\JIE7351\share\java\kafka\kafka_2.11-0.11.0.1-cp1-sources.jar;D:\zhjn\Documents\JIE7351\share\java\kafka\kafka_2.11-0.11.0.1-cp1-test-sources.jar;D:\zhjn\Documents\JIE7351\share\java\kafka\kafka_2.11-0.11.0.1-cp1-test.jar;D:\zhjn\Documents\JIE7351\share\java\kafka\kafka_2.11-0.11.0.1-cp1.jar;D:\zhjn\Documents\JIE7351\share\java\kafka\log4j-1.2.17.jar;D:\zhjn\Documents\JIE7351\share\java\kafka\lz4-1.3.0.jar;D:\zhjn\Documents\JIE7351\share\java\kafka\maven-artifact-3.5.0.jar;D:\zhjn\Documents\JIE7351\share\java\kafka\metrics-core-2.2.0.jar;D:\zhjn\Documents\JIE7351\share\java\kafka\osgi-resource-locator-1.0.1.jar;D:\zhjn\Documents\JIE7351\share\java\kafka\paranamer-2.7.jar;D:\zhjn\Documents\JIE7351\share\java\kafka\plexus-utils-3.0.24.jar;D:\zhjn\Documents\JIE7351\share\java\kafka\reflections-0.9.11.jar;D:\zhjn\Documents\JIE7351\share\java\kafka\rocksdbjni-5.0.1.jar;D:\zhjn\Documents\JIE7351\share\java\kafka\scala-library-2.11.11.jar;D:\zhjn\Documents\JIE7351\share\java\kafka\scala-parser-combinators_2.11-1.0.4.jar;D:\zhjn\Documents\JIE7351\share\java\kafka\slf4j-api-1.7.25.jar;D:\zhjn\Documents\JIE7351\share\java\kafka\slf4j-log4j12-1.7.25.jar;D:\zhjn\Documents\JIE7351\share\java\kafka\snappy-java-1.1.2.6.jar;D:\zhjn\Documents\JIE7351\share\java\kafka\support-metrics-client-3.3.1.jar;D:\zhjn\Documents\JIE7351\share\java\kafka\support-metrics-common-3.3.1.jar;D:\zhjn\Documents\JIE7351\share\java\kafka\validation-api-1.1.0.Final.jar;D:\zhjn\Documents\JIE7351\share\java\kafka\xz-1.5.jar;D:\zhjn\Documents\JIE7351\share\java\kafka\zkclient-0.10.jar;D:\zhjn\Documents\JIE7351\share\java\kafka\zookeeper-3.4.10.jar (org.apache.zookeeper.server.ZooKeeperServer)
[2018-01-31 15:14:35,915] INFO Server environment:java.library.path=C:\Program Files\Java\jdk1.8.0_144\bin;C:\WINDOWS\Sun\Java\bin;C:\WINDOWS\system32;C:\WINDOWS;D:\zhjn\Documents\platform-tools-latest-windows\platform-tools;C:\WINDOWS\system32;C:\WINDOWS;C:\WINDOWS\System32\Wbem;C:\WINDOWS\System32\WindowsPowerShell\v1.0\;C:\Program Files (x86)\NVIDIA Corporation\PhysX\Common;C:\Program Files\Git\cmd;C:\Program Files\nodejs\;C:\Program Files\Java\jdk1.8.0_144\bin;C:\Program Files (x86)\Microsoft SQL Server\Client SDK\ODBC\130\Tools\Binn\;C:\Program Files (x86)\Microsoft SQL Server\140\Tools\Binn\;C:\Program Files (x86)\Microsoft SQL Server\140\DTS\Binn\;C:\Program Files (x86)\Microsoft SQL Server\140\Tools\Binn\ManagementStudio\;C:\WINDOWS\system32;C:\WINDOWS;C:\WINDOWS\System32\Wbem;C:\WINDOWS\System32\WindowsPowerShell\v1.0\;C:\Python27;C:\Python27\Scripts;C:\Program Files (x86)\PharosSystems\Core;C:\Program Files\Microsoft SQL Server\Client SDK\ODBC\110\Tools\Binn\;C:\Program Files (x86)\Microsoft SQL Server\120\Tools\Binn\;C:\Program Files\Microsoft SQL Server\120\Tools\Binn\;C:\Program Files\Microsoft SQL Server\120\DTS\Binn\;C:\Program Files (x86)\Microsoft SQL Server\120\Tools\Binn\ManagementStudio\;C:\Program Files (x86)\Microsoft SQL Server\120\DTS\Binn\;C:\HashiCorp\Vagrant\bin;D:\zhjn\Documents\JIE7351;C:\Program Files\Microsoft JDBC Driver 6.0 for SQL Server\sqljdbc_6.0\enu\jre8;C:\Program Files\apache-maven-3.5.2\bin;C:\Program Files (x86)\Windows Kits\8.1\Windows Performance Toolkit\;C:\Program Files\sdk-tools-windows-3859397;C:\WINDOWS\System32\OpenSSH\;D:\zhjn\Documents\Gatech\Spring 2018\CS 4646\Assignment 1;C:\Program Files\PuTTY\;C:\Users\zhiji\AppData\Local\Microsoft\WindowsApps;C:\Users\zhiji\AppData\Roaming\npm;C:\Users\zhiji\AppData\Local\Microsoft\WindowsApps;;. (org.apache.zookeeper.server.ZooKeeperServer)
[2018-01-31 15:14:35,915] INFO Server environment:java.io.tmpdir=C:\Users\zhiji\AppData\Local\Temp\ (org.apache.zookeeper.server.ZooKeeperServer)
[2018-01-31 15:14:35,915] INFO Server environment:java.compiler=<NA> (org.apache.zookeeper.server.ZooKeeperServer)
[2018-01-31 15:14:35,916] INFO Server environment:os.name=Windows 10 (org.apache.zookeeper.server.ZooKeeperServer)
[2018-01-31 15:14:35,916] INFO Server environment:os.arch=amd64 (org.apache.zookeeper.server.ZooKeeperServer)
[2018-01-31 15:14:35,917] INFO Server environment:os.version=10.0 (org.apache.zookeeper.server.ZooKeeperServer)
[2018-01-31 15:14:35,917] INFO Server environment:user.name=zhijian (org.apache.zookeeper.server.ZooKeeperServer)
[2018-01-31 15:14:35,917] INFO Server environment:user.home=C:\Users\zhiji (org.apache.zookeeper.server.ZooKeeperServer)
[2018-01-31 15:14:35,918] INFO Server environment:user.dir=D:\zhjn\Documents\JIE7351 (org.apache.zookeeper.server.ZooKeeperServer)
[2018-01-31 15:14:35,960] INFO tickTime set to 3000 (org.apache.zookeeper.server.ZooKeeperServer)
[2018-01-31 15:14:35,960] INFO minSessionTimeout set to -1 (org.apache.zookeeper.server.ZooKeeperServer)
[2018-01-31 15:14:35,960] INFO maxSessionTimeout set to -1 (org.apache.zookeeper.server.ZooKeeperServer)
[2018-01-31 15:14:35,975] INFO binding to port 0.0.0.0/0.0.0.0:2181 (org.apache.zookeeper.server.NIOServerCnxnFactory)
[2018-01-31 15:14:52,803] INFO KafkaConfig values: 
	advertised.host.name = null
	advertised.listeners = null
	advertised.port = null
	alter.config.policy.class.name = null
	authorizer.class.name = 
	auto.create.topics.enable = true
	auto.leader.rebalance.enable = true
	background.threads = 10
	broker.id = 0
	broker.id.generation.enable = true
	broker.rack = null
	compression.type = producer
	connections.max.idle.ms = 600000
	controlled.shutdown.enable = true
	controlled.shutdown.max.retries = 3
	controlled.shutdown.retry.backoff.ms = 5000
	controller.socket.timeout.ms = 30000
	create.topic.policy.class.name = null
	default.replication.factor = 1
	delete.records.purgatory.purge.interval.requests = 1
	delete.topic.enable = false
	fetch.purgatory.purge.interval.requests = 1000
	group.initial.rebalance.delay.ms = 0
	group.max.session.timeout.ms = 300000
	group.min.session.timeout.ms = 6000
	host.name = 
	inter.broker.listener.name = null
	inter.broker.protocol.version = 0.11.0-IV2
	leader.imbalance.check.interval.seconds = 300
	leader.imbalance.per.broker.percentage = 10
	listener.security.protocol.map = SSL:SSL,SASL_PLAINTEXT:SASL_PLAINTEXT,TRACE:TRACE,SASL_SSL:SASL_SSL,PLAINTEXT:PLAINTEXT
	listeners = null
	log.cleaner.backoff.ms = 15000
	log.cleaner.dedupe.buffer.size = 134217728
	log.cleaner.delete.retention.ms = 86400000
	log.cleaner.enable = true
	log.cleaner.io.buffer.load.factor = 0.9
	log.cleaner.io.buffer.size = 524288
	log.cleaner.io.max.bytes.per.second = 1.7976931348623157E308
	log.cleaner.min.cleanable.ratio = 0.5
	log.cleaner.min.compaction.lag.ms = 0
	log.cleaner.threads = 1
	log.cleanup.policy = [delete]
	log.dir = /tmp/kafka-logs
	log.dirs = /tmp/kafka-logs
	log.flush.interval.messages = 9223372036854775807
	log.flush.interval.ms = null
	log.flush.offset.checkpoint.interval.ms = 60000
	log.flush.scheduler.interval.ms = 9223372036854775807
	log.flush.start.offset.checkpoint.interval.ms = 60000
	log.index.interval.bytes = 4096
	log.index.size.max.bytes = 10485760
	log.message.format.version = 0.11.0-IV2
	log.message.timestamp.difference.max.ms = 9223372036854775807
	log.message.timestamp.type = CreateTime
	log.preallocate = false
	log.retention.bytes = -1
	log.retention.check.interval.ms = 300000
	log.retention.hours = 168
	log.retention.minutes = null
	log.retention.ms = null
	log.roll.hours = 168
	log.roll.jitter.hours = 0
	log.roll.jitter.ms = null
	log.roll.ms = null
	log.segment.bytes = 1073741824
	log.segment.delete.delay.ms = 60000
	max.connections.per.ip = 2147483647
	max.connections.per.ip.overrides = 
	message.max.bytes = 1000012
	metric.reporters = []
	metrics.num.samples = 2
	metrics.recording.level = INFO
	metrics.sample.window.ms = 30000
	min.insync.replicas = 1
	num.io.threads = 8
	num.network.threads = 3
	num.partitions = 1
	num.recovery.threads.per.data.dir = 1
	num.replica.fetchers = 1
	offset.metadata.max.bytes = 4096
	offsets.commit.required.acks = -1
	offsets.commit.timeout.ms = 5000
	offsets.load.buffer.size = 5242880
	offsets.retention.check.interval.ms = 600000
	offsets.retention.minutes = 1440
	offsets.topic.compression.codec = 0
	offsets.topic.num.partitions = 50
	offsets.topic.replication.factor = 1
	offsets.topic.segment.bytes = 104857600
	port = 9092
	principal.builder.class = class org.apache.kafka.common.security.auth.DefaultPrincipalBuilder
	producer.purgatory.purge.interval.requests = 1000
	queued.max.requests = 500
	quota.consumer.default = 9223372036854775807
	quota.producer.default = 9223372036854775807
	quota.window.num = 11
	quota.window.size.seconds = 1
	replica.fetch.backoff.ms = 1000
	replica.fetch.max.bytes = 1048576
	replica.fetch.min.bytes = 1
	replica.fetch.response.max.bytes = 10485760
	replica.fetch.wait.max.ms = 500
	replica.high.watermark.checkpoint.interval.ms = 5000
	replica.lag.time.max.ms = 10000
	replica.socket.receive.buffer.bytes = 65536
	replica.socket.timeout.ms = 30000
	replication.quota.window.num = 11
	replication.quota.window.size.seconds = 1
	request.timeout.ms = 30000
	reserved.broker.max.id = 1000
	sasl.enabled.mechanisms = [GSSAPI]
	sasl.kerberos.kinit.cmd = /usr/bin/kinit
	sasl.kerberos.min.time.before.relogin = 60000
	sasl.kerberos.principal.to.local.rules = [DEFAULT]
	sasl.kerberos.service.name = null
	sasl.kerberos.ticket.renew.jitter = 0.05
	sasl.kerberos.ticket.renew.window.factor = 0.8
	sasl.mechanism.inter.broker.protocol = GSSAPI
	security.inter.broker.protocol = PLAINTEXT
	socket.receive.buffer.bytes = 102400
	socket.request.max.bytes = 104857600
	socket.send.buffer.bytes = 102400
	ssl.cipher.suites = null
	ssl.client.auth = none
	ssl.enabled.protocols = [TLSv1.2, TLSv1.1, TLSv1]
	ssl.endpoint.identification.algorithm = null
	ssl.key.password = null
	ssl.keymanager.algorithm = SunX509
	ssl.keystore.location = null
	ssl.keystore.password = null
	ssl.keystore.type = JKS
	ssl.protocol = TLS
	ssl.provider = null
	ssl.secure.random.implementation = null
	ssl.trustmanager.algorithm = PKIX
	ssl.truststore.location = null
	ssl.truststore.password = null
	ssl.truststore.type = JKS
	transaction.abort.timed.out.transaction.cleanup.interval.ms = 60000
	transaction.max.timeout.ms = 900000
	transaction.remove.expired.transaction.cleanup.interval.ms = 3600000
	transaction.state.log.load.buffer.size = 5242880
	transaction.state.log.min.isr = 1
	transaction.state.log.num.partitions = 50
	transaction.state.log.replication.factor = 1
	transaction.state.log.segment.bytes = 104857600
	transactional.id.expiration.ms = 604800000
	unclean.leader.election.enable = false
	zookeeper.connect = localhost:2181
	zookeeper.connection.timeout.ms = 6000
	zookeeper.session.timeout.ms = 6000
	zookeeper.set.acl = false
	zookeeper.sync.time.ms = 2000
 (kafka.server.KafkaConfig)
[2018-01-31 15:14:52,836] INFO starting (kafka.server.KafkaServer)
[2018-01-31 15:14:52,836] INFO Connecting to zookeeper on localhost:2181 (kafka.server.KafkaServer)
[2018-01-31 15:14:52,852] INFO Starting ZkClient event thread. (org.I0Itec.zkclient.ZkEventThread)
[2018-01-31 15:14:52,852] INFO Client environment:zookeeper.version=3.4.10-39d3a4f269333c922ed3db283be479f9deacaa0f, built on 03/23/2017 10:13 GMT (org.apache.zookeeper.ZooKeeper)
[2018-01-31 15:14:52,852] INFO Client environment:host.name=Spryte (org.apache.zookeeper.ZooKeeper)
[2018-01-31 15:14:52,852] INFO Client environment:java.version=1.8.0_144 (org.apache.zookeeper.ZooKeeper)
[2018-01-31 15:14:52,852] INFO Client environment:java.vendor=Oracle Corporation (org.apache.zookeeper.ZooKeeper)
[2018-01-31 15:14:52,852] INFO Client environment:java.home=C:\Program Files\Java\jdk1.8.0_144\jre (org.apache.zookeeper.ZooKeeper)
[2018-01-31 15:14:52,852] INFO Client environment:java.class.path=D:\zhjn\Documents\JIE7351\share\java\kafka\kafka-clients-0.11.0.1-cp1.jar;D:\zhjn\Documents\JIE7351\share\java\kafka\aopalliance-repackaged-2.5.0-b05.jar;D:\zhjn\Documents\JIE7351\share\java\kafka\argparse4j-0.7.0.jar;D:\zhjn\Documents\JIE7351\share\java\kafka\avro-1.8.2.jar;D:\zhjn\Documents\JIE7351\share\java\kafka\commons-beanutils-1.8.3.jar;D:\zhjn\Documents\JIE7351\share\java\kafka\commons-codec-1.9.jar;D:\zhjn\Documents\JIE7351\share\java\kafka\commons-collections-3.2.1.jar;D:\zhjn\Documents\JIE7351\share\java\kafka\commons-compress-1.8.1.jar;D:\zhjn\Documents\JIE7351\share\java\kafka\commons-digester-1.8.1.jar;D:\zhjn\Documents\JIE7351\share\java\kafka\commons-lang3-3.1.jar;D:\zhjn\Documents\JIE7351\share\java\kafka\commons-lang3-3.5.jar;D:\zhjn\Documents\JIE7351\share\java\kafka\commons-logging-1.2.jar;D:\zhjn\Documents\JIE7351\share\java\kafka\commons-validator-1.4.1.jar;D:\zhjn\Documents\JIE7351\share\java\kafka\connect-api-0.11.0.1-cp1.jar;D:\zhjn\Documents\JIE7351\share\java\kafka\connect-file-0.11.0.1-cp1.jar;D:\zhjn\Documents\JIE7351\share\java\kafka\connect-json-0.11.0.1-cp1.jar;D:\zhjn\Documents\JIE7351\share\java\kafka\connect-runtime-0.11.0.1-cp1.jar;D:\zhjn\Documents\JIE7351\share\java\kafka\connect-transforms-0.11.0.1-cp1.jar;D:\zhjn\Documents\JIE7351\share\java\kafka\guava-20.0.jar;D:\zhjn\Documents\JIE7351\share\java\kafka\hk2-api-2.5.0-b05.jar;D:\zhjn\Documents\JIE7351\share\java\kafka\hk2-locator-2.5.0-b05.jar;D:\zhjn\Documents\JIE7351\share\java\kafka\hk2-utils-2.5.0-b05.jar;D:\zhjn\Documents\JIE7351\share\java\kafka\httpclient-4.5.2.jar;D:\zhjn\Documents\JIE7351\share\java\kafka\httpcore-4.4.4.jar;D:\zhjn\Documents\JIE7351\share\java\kafka\httpmime-4.5.2.jar;D:\zhjn\Documents\JIE7351\share\java\kafka\jackson-annotations-2.8.5.jar;D:\zhjn\Documents\JIE7351\share\java\kafka\jackson-core-2.8.5.jar;D:\zhjn\Documents\JIE7351\share\java\kafka\jackson-core-asl-1.9.13.jar;D:\zhjn\Documents\JIE7351\share\java\kafka\jackson-databind-2.8.5.jar;D:\zhjn\Documents\JIE7351\share\java\kafka\jackson-jaxrs-base-2.8.5.jar;D:\zhjn\Documents\JIE7351\share\java\kafka\jackson-jaxrs-json-provider-2.8.5.jar;D:\zhjn\Documents\JIE7351\share\java\kafka\jackson-mapper-asl-1.9.13.jar;D:\zhjn\Documents\JIE7351\share\java\kafka\jackson-module-jaxb-annotations-2.8.5.jar;D:\zhjn\Documents\JIE7351\share\java\kafka\javassist-3.21.0-GA.jar;D:\zhjn\Documents\JIE7351\share\java\kafka\javax.annotation-api-1.2.jar;D:\zhjn\Documents\JIE7351\share\java\kafka\javax.inject-1.jar;D:\zhjn\Documents\JIE7351\share\java\kafka\javax.inject-2.5.0-b05.jar;D:\zhjn\Documents\JIE7351\share\java\kafka\javax.servlet-api-3.1.0.jar;D:\zhjn\Documents\JIE7351\share\java\kafka\javax.ws.rs-api-2.0.1.jar;D:\zhjn\Documents\JIE7351\share\java\kafka\jersey-client-2.24.jar;D:\zhjn\Documents\JIE7351\share\java\kafka\jersey-common-2.24.jar;D:\zhjn\Documents\JIE7351\share\java\kafka\jersey-container-servlet-2.24.jar;D:\zhjn\Documents\JIE7351\share\java\kafka\jersey-container-servlet-core-2.24.jar;D:\zhjn\Documents\JIE7351\share\java\kafka\jersey-guava-2.24.jar;D:\zhjn\Documents\JIE7351\share\java\kafka\jersey-media-jaxb-2.24.jar;D:\zhjn\Documents\JIE7351\share\java\kafka\jersey-server-2.24.jar;D:\zhjn\Documents\JIE7351\share\java\kafka\jetty-continuation-9.2.22.v20170606.jar;D:\zhjn\Documents\JIE7351\share\java\kafka\jetty-http-9.2.22.v20170606.jar;D:\zhjn\Documents\JIE7351\share\java\kafka\jetty-io-9.2.22.v20170606.jar;D:\zhjn\Documents\JIE7351\share\java\kafka\jetty-security-9.2.22.v20170606.jar;D:\zhjn\Documents\JIE7351\share\java\kafka\jetty-server-9.2.22.v20170606.jar;D:\zhjn\Documents\JIE7351\share\java\kafka\jetty-servlet-9.2.22.v20170606.jar;D:\zhjn\Documents\JIE7351\share\java\kafka\jetty-servlets-9.2.22.v20170606.jar;D:\zhjn\Documents\JIE7351\share\java\kafka\jetty-util-9.2.22.v20170606.jar;D:\zhjn\Documents\JIE7351\share\java\kafka\jopt-simple-5.0.3.jar;D:\zhjn\Documents\JIE7351\share\java\kafka\kafka-clients-0.11.0.1-cp1.jar;D:\zhjn\Documents\JIE7351\share\java\kafka\kafka-log4j-appender-0.11.0.1-cp1.jar;D:\zhjn\Documents\JIE7351\share\java\kafka\kafka-streams-0.11.0.1-cp1.jar;D:\zhjn\Documents\JIE7351\share\java\kafka\kafka-streams-examples-0.11.0.1-cp1.jar;D:\zhjn\Documents\JIE7351\share\java\kafka\kafka-tools-0.11.0.1-cp1.jar;D:\zhjn\Documents\JIE7351\share\java\kafka\kafka.jar;D:\zhjn\Documents\JIE7351\share\java\kafka\kafka_2.11-0.11.0.1-cp1-javadoc.jar;D:\zhjn\Documents\JIE7351\share\java\kafka\kafka_2.11-0.11.0.1-cp1-scaladoc.jar;D:\zhjn\Documents\JIE7351\share\java\kafka\kafka_2.11-0.11.0.1-cp1-sources.jar;D:\zhjn\Documents\JIE7351\share\java\kafka\kafka_2.11-0.11.0.1-cp1-test-sources.jar;D:\zhjn\Documents\JIE7351\share\java\kafka\kafka_2.11-0.11.0.1-cp1-test.jar;D:\zhjn\Documents\JIE7351\share\java\kafka\kafka_2.11-0.11.0.1-cp1.jar;D:\zhjn\Documents\JIE7351\share\java\kafka\log4j-1.2.17.jar;D:\zhjn\Documents\JIE7351\share\java\kafka\lz4-1.3.0.jar;D:\zhjn\Documents\JIE7351\share\java\kafka\maven-artifact-3.5.0.jar;D:\zhjn\Documents\JIE7351\share\java\kafka\metrics-core-2.2.0.jar;D:\zhjn\Documents\JIE7351\share\java\kafka\osgi-resource-locator-1.0.1.jar;D:\zhjn\Documents\JIE7351\share\java\kafka\paranamer-2.7.jar;D:\zhjn\Documents\JIE7351\share\java\kafka\plexus-utils-3.0.24.jar;D:\zhjn\Documents\JIE7351\share\java\kafka\reflections-0.9.11.jar;D:\zhjn\Documents\JIE7351\share\java\kafka\rocksdbjni-5.0.1.jar;D:\zhjn\Documents\JIE7351\share\java\kafka\scala-library-2.11.11.jar;D:\zhjn\Documents\JIE7351\share\java\kafka\scala-parser-combinators_2.11-1.0.4.jar;D:\zhjn\Documents\JIE7351\share\java\kafka\slf4j-api-1.7.25.jar;D:\zhjn\Documents\JIE7351\share\java\kafka\slf4j-log4j12-1.7.25.jar;D:\zhjn\Documents\JIE7351\share\java\kafka\snappy-java-1.1.2.6.jar;D:\zhjn\Documents\JIE7351\share\java\kafka\support-metrics-client-3.3.1.jar;D:\zhjn\Documents\JIE7351\share\java\kafka\support-metrics-common-3.3.1.jar;D:\zhjn\Documents\JIE7351\share\java\kafka\validation-api-1.1.0.Final.jar;D:\zhjn\Documents\JIE7351\share\java\kafka\xz-1.5.jar;D:\zhjn\Documents\JIE7351\share\java\kafka\zkclient-0.10.jar;D:\zhjn\Documents\JIE7351\share\java\kafka\zookeeper-3.4.10.jar (org.apache.zookeeper.ZooKeeper)
[2018-01-31 15:14:52,852] INFO Client environment:java.library.path=C:\Program Files\Java\jdk1.8.0_144\bin;C:\WINDOWS\Sun\Java\bin;C:\WINDOWS\system32;C:\WINDOWS;D:\zhjn\Documents\platform-tools-latest-windows\platform-tools;C:\WINDOWS\system32;C:\WINDOWS;C:\WINDOWS\System32\Wbem;C:\WINDOWS\System32\WindowsPowerShell\v1.0\;C:\Program Files (x86)\NVIDIA Corporation\PhysX\Common;C:\Program Files\Git\cmd;C:\Program Files\nodejs\;C:\Program Files\Java\jdk1.8.0_144\bin;C:\Program Files (x86)\Microsoft SQL Server\Client SDK\ODBC\130\Tools\Binn\;C:\Program Files (x86)\Microsoft SQL Server\140\Tools\Binn\;C:\Program Files (x86)\Microsoft SQL Server\140\DTS\Binn\;C:\Program Files (x86)\Microsoft SQL Server\140\Tools\Binn\ManagementStudio\;C:\WINDOWS\system32;C:\WINDOWS;C:\WINDOWS\System32\Wbem;C:\WINDOWS\System32\WindowsPowerShell\v1.0\;C:\Python27;C:\Python27\Scripts;C:\Program Files (x86)\PharosSystems\Core;C:\Program Files\Microsoft SQL Server\Client SDK\ODBC\110\Tools\Binn\;C:\Program Files (x86)\Microsoft SQL Server\120\Tools\Binn\;C:\Program Files\Microsoft SQL Server\120\Tools\Binn\;C:\Program Files\Microsoft SQL Server\120\DTS\Binn\;C:\Program Files (x86)\Microsoft SQL Server\120\Tools\Binn\ManagementStudio\;C:\Program Files (x86)\Microsoft SQL Server\120\DTS\Binn\;C:\HashiCorp\Vagrant\bin;D:\zhjn\Documents\JIE7351;C:\Program Files\Microsoft JDBC Driver 6.0 for SQL Server\sqljdbc_6.0\enu\jre8;C:\Program Files\apache-maven-3.5.2\bin;C:\Program Files (x86)\Windows Kits\8.1\Windows Performance Toolkit\;C:\Program Files\sdk-tools-windows-3859397;C:\WINDOWS\System32\OpenSSH\;D:\zhjn\Documents\Gatech\Spring 2018\CS 4646\Assignment 1;C:\Program Files\PuTTY\;C:\Users\zhiji\AppData\Local\Microsoft\WindowsApps;C:\Users\zhiji\AppData\Roaming\npm;C:\Users\zhiji\AppData\Local\Microsoft\WindowsApps;;. (org.apache.zookeeper.ZooKeeper)
[2018-01-31 15:14:52,852] INFO Client environment:java.io.tmpdir=C:\Users\zhiji\AppData\Local\Temp\ (org.apache.zookeeper.ZooKeeper)
[2018-01-31 15:14:52,852] INFO Client environment:java.compiler=<NA> (org.apache.zookeeper.ZooKeeper)
[2018-01-31 15:14:52,852] INFO Client environment:os.name=Windows 10 (org.apache.zookeeper.ZooKeeper)
[2018-01-31 15:14:52,852] INFO Client environment:os.arch=amd64 (org.apache.zookeeper.ZooKeeper)
[2018-01-31 15:14:52,852] INFO Client environment:os.version=10.0 (org.apache.zookeeper.ZooKeeper)
[2018-01-31 15:14:52,852] INFO Client environment:user.name=zhijian (org.apache.zookeeper.ZooKeeper)
[2018-01-31 15:14:52,852] INFO Client environment:user.home=C:\Users\zhiji (org.apache.zookeeper.ZooKeeper)
[2018-01-31 15:14:52,852] INFO Client environment:user.dir=D:\zhjn\Documents\JIE7351 (org.apache.zookeeper.ZooKeeper)
[2018-01-31 15:14:52,867] INFO Initiating client connection, connectString=localhost:2181 sessionTimeout=6000 watcher=org.I0Itec.zkclient.ZkClient@7ec7ffd3 (org.apache.zookeeper.ZooKeeper)
[2018-01-31 15:14:52,883] INFO Waiting for keeper state SyncConnected (org.I0Itec.zkclient.ZkClient)
[2018-01-31 15:14:52,883] INFO Opening socket connection to server 127.0.0.1/127.0.0.1:2181. Will not attempt to authenticate using SASL (unknown error) (org.apache.zookeeper.ClientCnxn)
[2018-01-31 15:14:52,883] INFO Socket connection established to 127.0.0.1/127.0.0.1:2181, initiating session (org.apache.zookeeper.ClientCnxn)
[2018-01-31 15:14:52,883] INFO Accepted socket connection from /127.0.0.1:51811 (org.apache.zookeeper.server.NIOServerCnxnFactory)
[2018-01-31 15:14:52,883] INFO Client attempting to establish new session at /127.0.0.1:51811 (org.apache.zookeeper.server.ZooKeeperServer)
[2018-01-31 15:14:52,883] INFO Creating new log file: log.1 (org.apache.zookeeper.server.persistence.FileTxnLog)
[2018-01-31 15:14:53,008] INFO Established session 0x1614ddb57d70000 with negotiated timeout 6000 for client /127.0.0.1:51811 (org.apache.zookeeper.server.ZooKeeperServer)
[2018-01-31 15:14:53,008] INFO Session establishment complete on server 127.0.0.1/127.0.0.1:2181, sessionid = 0x1614ddb57d70000, negotiated timeout = 6000 (org.apache.zookeeper.ClientCnxn)
[2018-01-31 15:14:53,008] INFO zookeeper state changed (SyncConnected) (org.I0Itec.zkclient.ZkClient)
[2018-01-31 15:14:53,055] INFO Got user-level KeeperException when processing sessionid:0x1614ddb57d70000 type:create cxid:0x5 zxid:0x3 txntype:-1 reqpath:n/a Error Path:/brokers Error:KeeperErrorCode = NoNode for /brokers (org.apache.zookeeper.server.PrepRequestProcessor)
[2018-01-31 15:14:53,195] INFO Got user-level KeeperException when processing sessionid:0x1614ddb57d70000 type:create cxid:0xb zxid:0x7 txntype:-1 reqpath:n/a Error Path:/config Error:KeeperErrorCode = NoNode for /config (org.apache.zookeeper.server.PrepRequestProcessor)
[2018-01-31 15:14:53,399] INFO Got user-level KeeperException when processing sessionid:0x1614ddb57d70000 type:create cxid:0x13 zxid:0xc txntype:-1 reqpath:n/a Error Path:/admin Error:KeeperErrorCode = NoNode for /admin (org.apache.zookeeper.server.PrepRequestProcessor)
